[2020-10-05 10:40:33] laravel.EMERGENCY: Unable to create configured logger. Using emergency logger. {"exception":"[object] (InvalidArgumentException(code: 0): Log [] is not defined. at /home/kaperskyguru/Projects/PHPProjects/inscriptions/vendor/laravel/framework/src/Illuminate/Log/LogManager.php:192)
[stacktrace]
#0 /home/kaperskyguru/Projects/PHPProjects/inscriptions/vendor/laravel/framework/src/Illuminate/Log/LogManager.php(118): Illuminate\\Log\\LogManager->resolve()
#1 /home/kaperskyguru/Projects/PHPProjects/inscriptions/vendor/laravel/framework/src/Illuminate/Log/LogManager.php(98): Illuminate\\Log\\LogManager->get()
#2 /home/kaperskyguru/Projects/PHPProjects/inscriptions/vendor/laravel/framework/src/Illuminate/Log/LogManager.php(547): Illuminate\\Log\\LogManager->driver()
#3 /home/kaperskyguru/Projects/PHPProjects/inscriptions/vendor/laravel/framework/src/Illuminate/Foundation/Exceptions/Handler.php(122): Illuminate\\Log\\LogManager->error()
#4 /home/kaperskyguru/Projects/PHPProjects/inscriptions/app/Exceptions/Handler.php(37): Illuminate\\Foundation\\Exceptions\\Handler->report()
#5 /home/kaperskyguru/Projects/PHPProjects/inscriptions/vendor/laravel/framework/src/Illuminate/Foundation/Console/Kernel.php(366): App\\Exceptions\\Handler->report()
#6 /home/kaperskyguru/Projects/PHPProjects/inscriptions/vendor/laravel/framework/src/Illuminate/Foundation/Console/Kernel.php(131): Illuminate\\Foundation\\Console\\Kernel->reportException()
#7 /home/kaperskyguru/Projects/PHPProjects/inscriptions/artisan(37): Illuminate\\Foundation\\Console\\Kernel->handle()
#8 {main}
"} 
[2020-10-05 10:40:33] laravel.ERROR: Class 'Maatwebsite\Excel\Excel' not found {"exception":"[object] (Error(code: 0): Class 'Maatwebsite\\Excel\\Excel' not found at /home/kaperskyguru/Projects/PHPProjects/inscriptions/config/excel.php:91)
[stacktrace]
#0 /home/kaperskyguru/Projects/PHPProjects/inscriptions/vendor/laravel/framework/src/Illuminate/Foundation/Bootstrap/LoadConfiguration.php(72): require()
#1 /home/kaperskyguru/Projects/PHPProjects/inscriptions/vendor/laravel/framework/src/Illuminate/Foundation/Bootstrap/LoadConfiguration.php(39): Illuminate\\Foundation\\Bootstrap\\LoadConfiguration->loadConfigurationFiles()
#2 /home/kaperskyguru/Projects/PHPProjects/inscriptions/vendor/laravel/framework/src/Illuminate/Foundation/Application.php(230): Illuminate\\Foundation\\Bootstrap\\LoadConfiguration->bootstrap()
#3 /home/kaperskyguru/Projects/PHPProjects/inscriptions/vendor/laravel/framework/src/Illuminate/Foundation/Console/Kernel.php(310): Illuminate\\Foundation\\Application->bootstrapWith()
#4 /home/kaperskyguru/Projects/PHPProjects/inscriptions/vendor/laravel/framework/src/Illuminate/Foundation/Console/Kernel.php(127): Illuminate\\Foundation\\Console\\Kernel->bootstrap()
#5 /home/kaperskyguru/Projects/PHPProjects/inscriptions/artisan(37): Illuminate\\Foundation\\Console\\Kernel->handle()
#6 {main}
"} 
