[2020-12-13 10:17:27] local.ERROR: cURL error during making API call. cURL Error Number:[28] with error:[Resolving timed out after 15002 milliseconds] {"userId":441,"exception":"[object] (QuickBooksOnline\\API\\Exception\\SdkException(code: 0): cURL error during making API call. cURL Error Number:[28] with error:[Resolving timed out after 15002 milliseconds] at /Users/solomon/Documents/workspace/PHPProjects/inscriptions/vendor/quickbooks/v3-php-sdk/src/Core/HttpClients/CurlHttpClient.php:112)
[stacktrace]
#0 /Users/solomon/Documents/workspace/PHPProjects/inscriptions/vendor/quickbooks/v3-php-sdk/src/Core/HttpClients/CurlHttpClient.php(47): QuickBooksOnline\\API\\Core\\HttpClients\\CurlHttpClient->handleErrors()
#1 /Users/solomon/Documents/workspace/PHPProjects/inscriptions/vendor/quickbooks/v3-php-sdk/src/Core/HttpClients/SyncRestHandler.php(215): QuickBooksOnline\\API\\Core\\HttpClients\\CurlHttpClient->makeAPICall('https://quickbo...', 'POST', Array, '<?xml version=\"...', NULL, false)
#2 /Users/solomon/Documents/workspace/PHPProjects/inscriptions/vendor/quickbooks/v3-php-sdk/src/Core/HttpClients/SyncRestHandler.php(127): QuickBooksOnline\\API\\Core\\HttpClients\\SyncRestHandler->OAuth2APICall('https://quickbo...', Array, 'POST', 'https://quickbo...', Object(QuickBooksOnline\\API\\Core\\HttpClients\\RequestParameters), '<?xml version=\"...', true)
#3 /Users/solomon/Documents/workspace/PHPProjects/inscriptions/vendor/quickbooks/v3-php-sdk/src/DataService/DataService.php(667): QuickBooksOnline\\API\\Core\\HttpClients\\SyncRestHandler->sendRequest(Object(QuickBooksOnline\\API\\Core\\HttpClients\\RequestParameters), '<?xml version=\"...', NULL, true)
#4 /Users/solomon/Documents/workspace/PHPProjects/inscriptions/vendor/quickbooks/v3-php-sdk/src/DataService/DataService.php(813): QuickBooksOnline\\API\\DataService\\DataService->sendRequestParseResponseBodyAndHandleHttpError(Object(QuickBooksOnline\\API\\Data\\IPPInvoice), 'company/9130347...', '<?xml version=\"...', 'Add')
#5 /Users/solomon/Documents/workspace/PHPProjects/inscriptions/app/Services/QuickBookService.php(215): QuickBooksOnline\\API\\DataService\\DataService->Add(Object(QuickBooksOnline\\API\\Data\\IPPInvoice))
#6 /Users/solomon/Documents/workspace/PHPProjects/inscriptions/app/Http/Controllers/Api/AdminController.php(633): App\\Services\\QuickBookService->create_invoice(Object(Illuminate\\Http\\Request))
#7 [internal function]: App\\Http\\Controllers\\Api\\AdminController->updateStatus(Object(Illuminate\\Http\\Request))
#8 /Users/solomon/Documents/workspace/PHPProjects/inscriptions/vendor/laravel/framework/src/Illuminate/Routing/Controller.php(54): call_user_func_array(Array, Array)
#9 /Users/solomon/Documents/workspace/PHPProjects/inscriptions/vendor/laravel/framework/src/Illuminate/Routing/ControllerDispatcher.php(45): Illuminate\\Routing\\Controller->callAction('updateStatus', Array)
#10 /Users/solomon/Documents/workspace/PHPProjects/inscriptions/vendor/laravel/framework/src/Illuminate/Routing/Route.php(255): Illuminate\\Routing\\ControllerDispatcher->dispatch(Object(Illuminate\\Routing\\Route), Object(App\\Http\\Controllers\\Api\\AdminController), 'updateStatus')
#11 /Users/solomon/Documents/workspace/PHPProjects/inscriptions/vendor/laravel/framework/src/Illuminate/Routing/Route.php(197): Illuminate\\Routing\\Route->runController()
#12 /Users/solomon/Documents/workspace/PHPProjects/inscriptions/vendor/laravel/framework/src/Illuminate/Routing/Router.php(691): Illuminate\\Routing\\Route->run()
#13 /Users/solomon/Documents/workspace/PHPProjects/inscriptions/vendor/laravel/framework/src/Illuminate/Pipeline/Pipeline.php(128): Illuminate\\Routing\\Router->Illuminate\\Routing\\{closure}(Object(Illuminate\\Http\\Request))
#14 /Users/solomon/Documents/workspace/PHPProjects/inscriptions/vendor/laravel/framework/src/Illuminate/Routing/Middleware/SubstituteBindings.php(41): Illuminate\\Pipeline\\Pipeline->Illuminate\\Pipeline\\{closure}(Object(Illuminate\\Http\\Request))
#15 /Users/solomon/Documents/workspace/PHPProjects/inscriptions/vendor/laravel/framework/src/Illuminate/Pipeline/Pipeline.php(167): Illuminate\\Routing\\Middleware\\SubstituteBindings->handle(Object(Illuminate\\Http\\Request), Object(Closure))
#16 /Users/solomon/Documents/workspace/PHPProjects/inscriptions/app/Http/Middleware/Authenticate.php(18): Illuminate\\Pipeline\\Pipeline->Illuminate\\Pipeline\\{closure}(Object(Illuminate\\Http\\Request))
#17 /Users/solomon/Documents/workspace/PHPProjects/inscriptions/vendor/laravel/framework/src/Illuminate/Pipeline/Pipeline.php(167): App\\Http\\Middleware\\Authenticate->handle(Object(Illuminate\\Http\\Request), Object(Closure), 'api')
#18 /Users/solomon/Documents/workspace/PHPProjects/inscriptions/app/Http/Middleware/Localization.php(23): Illuminate\\Pipeline\\Pipeline->Illuminate\\Pipeline\\{closure}(Object(Illuminate\\Http\\Request))
#19 /Users/solomon/Documents/workspace/PHPProjects/inscriptions/vendor/laravel/framework/src/Illuminate/Pipeline/Pipeline.php(167): App\\Http\\Middleware\\Localization->handle(Object(Illuminate\\Http\\Request), Object(Closure))
#20 /Users/solomon/Documents/workspace/PHPProjects/inscriptions/vendor/laravel/framework/src/Illuminate/Session/Middleware/StartSession.php(121): Illuminate\\Pipeline\\Pipeline->Illuminate\\Pipeline\\{closure}(Object(Illuminate\\Http\\Request))
#21 /Users/solomon/Documents/workspace/PHPProjects/inscriptions/vendor/laravel/framework/src/Illuminate/Session/Middleware/StartSession.php(63): Illuminate\\Session\\Middleware\\StartSession->handleStatefulRequest(Object(Illuminate\\Http\\Request), Object(Illuminate\\Session\\Store), Object(Closure))
#22 /Users/solomon/Documents/workspace/PHPProjects/inscriptions/vendor/laravel/framework/src/Illuminate/Pipeline/Pipeline.php(167): Illuminate\\Session\\Middleware\\StartSession->handle(Object(Illuminate\\Http\\Request), Object(Closure))
#23 /Users/solomon/Documents/workspace/PHPProjects/inscriptions/vendor/laravel/framework/src/Illuminate/Cookie/Middleware/AddQueuedCookiesToResponse.php(37): Illuminate\\Pipeline\\Pipeline->Illuminate\\Pipeline\\{closure}(Object(Illuminate\\Http\\Request))
#24 /Users/solomon/Documents/workspace/PHPProjects/inscriptions/vendor/laravel/framework/src/Illuminate/Pipeline/Pipeline.php(167): Illuminate\\Cookie\\Middleware\\AddQueuedCookiesToResponse->handle(Object(Illuminate\\Http\\Request), Object(Closure))
#25 /Users/solomon/Documents/workspace/PHPProjects/inscriptions/vendor/laravel/framework/src/Illuminate/Cookie/Middleware/EncryptCookies.php(67): Illuminate\\Pipeline\\Pipeline->Illuminate\\Pipeline\\{closure}(Object(Illuminate\\Http\\Request))
#26 /Users/solomon/Documents/workspace/PHPProjects/inscriptions/vendor/laravel/framework/src/Illuminate/Pipeline/Pipeline.php(167): Illuminate\\Cookie\\Middleware\\EncryptCookies->handle(Object(Illuminate\\Http\\Request), Object(Closure))
#27 /Users/solomon/Documents/workspace/PHPProjects/inscriptions/vendor/laravel/framework/src/Illuminate/Pipeline/Pipeline.php(103): Illuminate\\Pipeline\\Pipeline->Illuminate\\Pipeline\\{closure}(Object(Illuminate\\Http\\Request))
#28 /Users/solomon/Documents/workspace/PHPProjects/inscriptions/vendor/laravel/framework/src/Illuminate/Routing/Router.php(693): Illuminate\\Pipeline\\Pipeline->then(Object(Closure))
#29 /Users/solomon/Documents/workspace/PHPProjects/inscriptions/vendor/laravel/framework/src/Illuminate/Routing/Router.php(668): Illuminate\\Routing\\Router->runRouteWithinStack(Object(Illuminate\\Routing\\Route), Object(Illuminate\\Http\\Request))
#30 /Users/solomon/Documents/workspace/PHPProjects/inscriptions/vendor/laravel/framework/src/Illuminate/Routing/Router.php(634): Illuminate\\Routing\\Router->runRoute(Object(Illuminate\\Http\\Request), Object(Illuminate\\Routing\\Route))
#31 /Users/solomon/Documents/workspace/PHPProjects/inscriptions/vendor/laravel/framework/src/Illuminate/Routing/Router.php(623): Illuminate\\Routing\\Router->dispatchToRoute(Object(Illuminate\\Http\\Request))
#32 /Users/solomon/Documents/workspace/PHPProjects/inscriptions/vendor/laravel/framework/src/Illuminate/Foundation/Http/Kernel.php(166): Illuminate\\Routing\\Router->dispatch(Object(Illuminate\\Http\\Request))
#33 /Users/solomon/Documents/workspace/PHPProjects/inscriptions/vendor/laravel/framework/src/Illuminate/Pipeline/Pipeline.php(128): Illuminate\\Foundation\\Http\\Kernel->Illuminate\\Foundation\\Http\\{closure}(Object(Illuminate\\Http\\Request))
#34 /Users/solomon/Documents/workspace/PHPProjects/inscriptions/app/Http/Middleware/DomainCheckMiddleware.php(48): Illuminate\\Pipeline\\Pipeline->Illuminate\\Pipeline\\{closure}(Object(Illuminate\\Http\\Request))
#35 /Users/solomon/Documents/workspace/PHPProjects/inscriptions/vendor/laravel/framework/src/Illuminate/Pipeline/Pipeline.php(167): App\\Http\\Middleware\\DomainCheckMiddleware->handle(Object(Illuminate\\Http\\Request), Object(Closure))
#36 /Users/solomon/Documents/workspace/PHPProjects/inscriptions/vendor/fideloper/proxy/src/TrustProxies.php(57): Illuminate\\Pipeline\\Pipeline->Illuminate\\Pipeline\\{closure}(Object(Illuminate\\Http\\Request))
#37 /Users/solomon/Documents/workspace/PHPProjects/inscriptions/vendor/laravel/framework/src/Illuminate/Pipeline/Pipeline.php(167): Fideloper\\Proxy\\TrustProxies->handle(Object(Illuminate\\Http\\Request), Object(Closure))
#38 /Users/solomon/Documents/workspace/PHPProjects/inscriptions/vendor/laravel/framework/src/Illuminate/Foundation/Http/Middleware/TransformsRequest.php(21): Illuminate\\Pipeline\\Pipeline->Illuminate\\Pipeline\\{closure}(Object(Illuminate\\Http\\Request))
#39 /Users/solomon/Documents/workspace/PHPProjects/inscriptions/vendor/laravel/framework/src/Illuminate/Pipeline/Pipeline.php(167): Illuminate\\Foundation\\Http\\Middleware\\TransformsRequest->handle(Object(Illuminate\\Http\\Request), Object(Closure))
#40 /Users/solomon/Documents/workspace/PHPProjects/inscriptions/vendor/laravel/framework/src/Illuminate/Foundation/Http/Middleware/TransformsRequest.php(21): Illuminate\\Pipeline\\Pipeline->Illuminate\\Pipeline\\{closure}(Object(Illuminate\\Http\\Request))
#41 /Users/solomon/Documents/workspace/PHPProjects/inscriptions/vendor/laravel/framework/src/Illuminate/Pipeline/Pipeline.php(167): Illuminate\\Foundation\\Http\\Middleware\\TransformsRequest->handle(Object(Illuminate\\Http\\Request), Object(Closure))
#42 /Users/solomon/Documents/workspace/PHPProjects/inscriptions/vendor/laravel/framework/src/Illuminate/Foundation/Http/Middleware/ValidatePostSize.php(27): Illuminate\\Pipeline\\Pipeline->Illuminate\\Pipeline\\{closure}(Object(Illuminate\\Http\\Request))
#43 /Users/solomon/Documents/workspace/PHPProjects/inscriptions/vendor/laravel/framework/src/Illuminate/Pipeline/Pipeline.php(167): Illuminate\\Foundation\\Http\\Middleware\\ValidatePostSize->handle(Object(Illuminate\\Http\\Request), Object(Closure))
#44 /Users/solomon/Documents/workspace/PHPProjects/inscriptions/vendor/laravel/framework/src/Illuminate/Foundation/Http/Middleware/PreventRequestsDuringMaintenance.php(87): Illuminate\\Pipeline\\Pipeline->Illuminate\\Pipeline\\{closure}(Object(Illuminate\\Http\\Request))
#45 /Users/solomon/Documents/workspace/PHPProjects/inscriptions/vendor/laravel/framework/src/Illuminate/Pipeline/Pipeline.php(167): Illuminate\\Foundation\\Http\\Middleware\\PreventRequestsDuringMaintenance->handle(Object(Illuminate\\Http\\Request), Object(Closure))
#46 /Users/solomon/Documents/workspace/PHPProjects/inscriptions/vendor/laravel/framework/src/Illuminate/Pipeline/Pipeline.php(103): Illuminate\\Pipeline\\Pipeline->Illuminate\\Pipeline\\{closure}(Object(Illuminate\\Http\\Request))
#47 /Users/solomon/Documents/workspace/PHPProjects/inscriptions/vendor/laravel/framework/src/Illuminate/Foundation/Http/Kernel.php(141): Illuminate\\Pipeline\\Pipeline->then(Object(Closure))
#48 /Users/solomon/Documents/workspace/PHPProjects/inscriptions/vendor/laravel/framework/src/Illuminate/Foundation/Http/Kernel.php(110): Illuminate\\Foundation\\Http\\Kernel->sendRequestThroughRouter(Object(Illuminate\\Http\\Request))
#49 /Users/solomon/Documents/workspace/PHPProjects/inscriptions/public/index.php(55): Illuminate\\Foundation\\Http\\Kernel->handle(Object(Illuminate\\Http\\Request))
#50 /Users/solomon/Documents/workspace/PHPProjects/inscriptions/server.php(21): require_once('/Users/solomon/...')
#51 {main}
"} 
[2020-12-13 10:18:00] local.ERROR: cURL error during making API call. cURL Error Number:[28] with error:[Resolving timed out after 15004 milliseconds] {"userId":441,"exception":"[object] (QuickBooksOnline\\API\\Exception\\SdkException(code: 0): cURL error during making API call. cURL Error Number:[28] with error:[Resolving timed out after 15004 milliseconds] at /Users/solomon/Documents/workspace/PHPProjects/inscriptions/vendor/quickbooks/v3-php-sdk/src/Core/HttpClients/CurlHttpClient.php:112)
[stacktrace]
#0 /Users/solomon/Documents/workspace/PHPProjects/inscriptions/vendor/quickbooks/v3-php-sdk/src/Core/HttpClients/CurlHttpClient.php(47): QuickBooksOnline\\API\\Core\\HttpClients\\CurlHttpClient->handleErrors()
#1 /Users/solomon/Documents/workspace/PHPProjects/inscriptions/vendor/quickbooks/v3-php-sdk/src/Core/HttpClients/SyncRestHandler.php(215): QuickBooksOnline\\API\\Core\\HttpClients\\CurlHttpClient->makeAPICall('https://quickbo...', 'POST', Array, 'select * from C...', NULL, false)
#2 /Users/solomon/Documents/workspace/PHPProjects/inscriptions/vendor/quickbooks/v3-php-sdk/src/Core/HttpClients/SyncRestHandler.php(127): QuickBooksOnline\\API\\Core\\HttpClients\\SyncRestHandler->OAuth2APICall('https://quickbo...', Array, 'POST', 'https://quickbo...', Object(QuickBooksOnline\\API\\Core\\HttpClients\\RequestParameters), 'select * from C...', true)
#3 /Users/solomon/Documents/workspace/PHPProjects/inscriptions/vendor/quickbooks/v3-php-sdk/src/DataService/DataService.php(1015): QuickBooksOnline\\API\\Core\\HttpClients\\SyncRestHandler->sendRequest(Object(QuickBooksOnline\\API\\Core\\HttpClients\\RequestParameters), 'select * from C...', NULL, true)
#4 /Users/solomon/Documents/workspace/PHPProjects/inscriptions/app/Services/QuickBookService.php(177): QuickBooksOnline\\API\\DataService\\DataService->Query('select * from C...')
#5 /Users/solomon/Documents/workspace/PHPProjects/inscriptions/app/Services/QuickBookService.php(115): App\\Services\\QuickBookService->findCustomerByName('A-Style')
#6 /Users/solomon/Documents/workspace/PHPProjects/inscriptions/app/Services/QuickBookService.php(467): App\\Services\\QuickBookService->findOrCreateCustomer(Object(Illuminate\\Http\\Request))
#7 /Users/solomon/Documents/workspace/PHPProjects/inscriptions/app/Services/QuickBookService.php(214): App\\Services\\QuickBookService->generateInvoiceData(Object(Illuminate\\Http\\Request), Object(Illuminate\\Validation\\Validator))
#8 /Users/solomon/Documents/workspace/PHPProjects/inscriptions/app/Http/Controllers/Api/AdminController.php(633): App\\Services\\QuickBookService->create_invoice(Object(Illuminate\\Http\\Request))
#9 [internal function]: App\\Http\\Controllers\\Api\\AdminController->updateStatus(Object(Illuminate\\Http\\Request))
#10 /Users/solomon/Documents/workspace/PHPProjects/inscriptions/vendor/laravel/framework/src/Illuminate/Routing/Controller.php(54): call_user_func_array(Array, Array)
#11 /Users/solomon/Documents/workspace/PHPProjects/inscriptions/vendor/laravel/framework/src/Illuminate/Routing/ControllerDispatcher.php(45): Illuminate\\Routing\\Controller->callAction('updateStatus', Array)
#12 /Users/solomon/Documents/workspace/PHPProjects/inscriptions/vendor/laravel/framework/src/Illuminate/Routing/Route.php(255): Illuminate\\Routing\\ControllerDispatcher->dispatch(Object(Illuminate\\Routing\\Route), Object(App\\Http\\Controllers\\Api\\AdminController), 'updateStatus')
#13 /Users/solomon/Documents/workspace/PHPProjects/inscriptions/vendor/laravel/framework/src/Illuminate/Routing/Route.php(197): Illuminate\\Routing\\Route->runController()
#14 /Users/solomon/Documents/workspace/PHPProjects/inscriptions/vendor/laravel/framework/src/Illuminate/Routing/Router.php(691): Illuminate\\Routing\\Route->run()
#15 /Users/solomon/Documents/workspace/PHPProjects/inscriptions/vendor/laravel/framework/src/Illuminate/Pipeline/Pipeline.php(128): Illuminate\\Routing\\Router->Illuminate\\Routing\\{closure}(Object(Illuminate\\Http\\Request))
#16 /Users/solomon/Documents/workspace/PHPProjects/inscriptions/vendor/laravel/framework/src/Illuminate/Routing/Middleware/SubstituteBindings.php(41): Illuminate\\Pipeline\\Pipeline->Illuminate\\Pipeline\\{closure}(Object(Illuminate\\Http\\Request))
#17 /Users/solomon/Documents/workspace/PHPProjects/inscriptions/vendor/laravel/framework/src/Illuminate/Pipeline/Pipeline.php(167): Illuminate\\Routing\\Middleware\\SubstituteBindings->handle(Object(Illuminate\\Http\\Request), Object(Closure))
#18 /Users/solomon/Documents/workspace/PHPProjects/inscriptions/app/Http/Middleware/Authenticate.php(18): Illuminate\\Pipeline\\Pipeline->Illuminate\\Pipeline\\{closure}(Object(Illuminate\\Http\\Request))
#19 /Users/solomon/Documents/workspace/PHPProjects/inscriptions/vendor/laravel/framework/src/Illuminate/Pipeline/Pipeline.php(167): App\\Http\\Middleware\\Authenticate->handle(Object(Illuminate\\Http\\Request), Object(Closure), 'api')
#20 /Users/solomon/Documents/workspace/PHPProjects/inscriptions/app/Http/Middleware/Localization.php(23): Illuminate\\Pipeline\\Pipeline->Illuminate\\Pipeline\\{closure}(Object(Illuminate\\Http\\Request))
#21 /Users/solomon/Documents/workspace/PHPProjects/inscriptions/vendor/laravel/framework/src/Illuminate/Pipeline/Pipeline.php(167): App\\Http\\Middleware\\Localization->handle(Object(Illuminate\\Http\\Request), Object(Closure))
#22 /Users/solomon/Documents/workspace/PHPProjects/inscriptions/vendor/laravel/framework/src/Illuminate/Session/Middleware/StartSession.php(121): Illuminate\\Pipeline\\Pipeline->Illuminate\\Pipeline\\{closure}(Object(Illuminate\\Http\\Request))
#23 /Users/solomon/Documents/workspace/PHPProjects/inscriptions/vendor/laravel/framework/src/Illuminate/Session/Middleware/StartSession.php(63): Illuminate\\Session\\Middleware\\StartSession->handleStatefulRequest(Object(Illuminate\\Http\\Request), Object(Illuminate\\Session\\Store), Object(Closure))
#24 /Users/solomon/Documents/workspace/PHPProjects/inscriptions/vendor/laravel/framework/src/Illuminate/Pipeline/Pipeline.php(167): Illuminate\\Session\\Middleware\\StartSession->handle(Object(Illuminate\\Http\\Request), Object(Closure))
#25 /Users/solomon/Documents/workspace/PHPProjects/inscriptions/vendor/laravel/framework/src/Illuminate/Cookie/Middleware/AddQueuedCookiesToResponse.php(37): Illuminate\\Pipeline\\Pipeline->Illuminate\\Pipeline\\{closure}(Object(Illuminate\\Http\\Request))
#26 /Users/solomon/Documents/workspace/PHPProjects/inscriptions/vendor/laravel/framework/src/Illuminate/Pipeline/Pipeline.php(167): Illuminate\\Cookie\\Middleware\\AddQueuedCookiesToResponse->handle(Object(Illuminate\\Http\\Request), Object(Closure))
#27 /Users/solomon/Documents/workspace/PHPProjects/inscriptions/vendor/laravel/framework/src/Illuminate/Cookie/Middleware/EncryptCookies.php(67): Illuminate\\Pipeline\\Pipeline->Illuminate\\Pipeline\\{closure}(Object(Illuminate\\Http\\Request))
#28 /Users/solomon/Documents/workspace/PHPProjects/inscriptions/vendor/laravel/framework/src/Illuminate/Pipeline/Pipeline.php(167): Illuminate\\Cookie\\Middleware\\EncryptCookies->handle(Object(Illuminate\\Http\\Request), Object(Closure))
#29 /Users/solomon/Documents/workspace/PHPProjects/inscriptions/vendor/laravel/framework/src/Illuminate/Pipeline/Pipeline.php(103): Illuminate\\Pipeline\\Pipeline->Illuminate\\Pipeline\\{closure}(Object(Illuminate\\Http\\Request))
#30 /Users/solomon/Documents/workspace/PHPProjects/inscriptions/vendor/laravel/framework/src/Illuminate/Routing/Router.php(693): Illuminate\\Pipeline\\Pipeline->then(Object(Closure))
#31 /Users/solomon/Documents/workspace/PHPProjects/inscriptions/vendor/laravel/framework/src/Illuminate/Routing/Router.php(668): Illuminate\\Routing\\Router->runRouteWithinStack(Object(Illuminate\\Routing\\Route), Object(Illuminate\\Http\\Request))
#32 /Users/solomon/Documents/workspace/PHPProjects/inscriptions/vendor/laravel/framework/src/Illuminate/Routing/Router.php(634): Illuminate\\Routing\\Router->runRoute(Object(Illuminate\\Http\\Request), Object(Illuminate\\Routing\\Route))
#33 /Users/solomon/Documents/workspace/PHPProjects/inscriptions/vendor/laravel/framework/src/Illuminate/Routing/Router.php(623): Illuminate\\Routing\\Router->dispatchToRoute(Object(Illuminate\\Http\\Request))
#34 /Users/solomon/Documents/workspace/PHPProjects/inscriptions/vendor/laravel/framework/src/Illuminate/Foundation/Http/Kernel.php(166): Illuminate\\Routing\\Router->dispatch(Object(Illuminate\\Http\\Request))
#35 /Users/solomon/Documents/workspace/PHPProjects/inscriptions/vendor/laravel/framework/src/Illuminate/Pipeline/Pipeline.php(128): Illuminate\\Foundation\\Http\\Kernel->Illuminate\\Foundation\\Http\\{closure}(Object(Illuminate\\Http\\Request))
#36 /Users/solomon/Documents/workspace/PHPProjects/inscriptions/app/Http/Middleware/DomainCheckMiddleware.php(48): Illuminate\\Pipeline\\Pipeline->Illuminate\\Pipeline\\{closure}(Object(Illuminate\\Http\\Request))
#37 /Users/solomon/Documents/workspace/PHPProjects/inscriptions/vendor/laravel/framework/src/Illuminate/Pipeline/Pipeline.php(167): App\\Http\\Middleware\\DomainCheckMiddleware->handle(Object(Illuminate\\Http\\Request), Object(Closure))
#38 /Users/solomon/Documents/workspace/PHPProjects/inscriptions/vendor/fideloper/proxy/src/TrustProxies.php(57): Illuminate\\Pipeline\\Pipeline->Illuminate\\Pipeline\\{closure}(Object(Illuminate\\Http\\Request))
#39 /Users/solomon/Documents/workspace/PHPProjects/inscriptions/vendor/laravel/framework/src/Illuminate/Pipeline/Pipeline.php(167): Fideloper\\Proxy\\TrustProxies->handle(Object(Illuminate\\Http\\Request), Object(Closure))
#40 /Users/solomon/Documents/workspace/PHPProjects/inscriptions/vendor/laravel/framework/src/Illuminate/Foundation/Http/Middleware/TransformsRequest.php(21): Illuminate\\Pipeline\\Pipeline->Illuminate\\Pipeline\\{closure}(Object(Illuminate\\Http\\Request))
#41 /Users/solomon/Documents/workspace/PHPProjects/inscriptions/vendor/laravel/framework/src/Illuminate/Pipeline/Pipeline.php(167): Illuminate\\Foundation\\Http\\Middleware\\TransformsRequest->handle(Object(Illuminate\\Http\\Request), Object(Closure))
#42 /Users/solomon/Documents/workspace/PHPProjects/inscriptions/vendor/laravel/framework/src/Illuminate/Foundation/Http/Middleware/TransformsRequest.php(21): Illuminate\\Pipeline\\Pipeline->Illuminate\\Pipeline\\{closure}(Object(Illuminate\\Http\\Request))
#43 /Users/solomon/Documents/workspace/PHPProjects/inscriptions/vendor/laravel/framework/src/Illuminate/Pipeline/Pipeline.php(167): Illuminate\\Foundation\\Http\\Middleware\\TransformsRequest->handle(Object(Illuminate\\Http\\Request), Object(Closure))
#44 /Users/solomon/Documents/workspace/PHPProjects/inscriptions/vendor/laravel/framework/src/Illuminate/Foundation/Http/Middleware/ValidatePostSize.php(27): Illuminate\\Pipeline\\Pipeline->Illuminate\\Pipeline\\{closure}(Object(Illuminate\\Http\\Request))
#45 /Users/solomon/Documents/workspace/PHPProjects/inscriptions/vendor/laravel/framework/src/Illuminate/Pipeline/Pipeline.php(167): Illuminate\\Foundation\\Http\\Middleware\\ValidatePostSize->handle(Object(Illuminate\\Http\\Request), Object(Closure))
#46 /Users/solomon/Documents/workspace/PHPProjects/inscriptions/vendor/laravel/framework/src/Illuminate/Foundation/Http/Middleware/PreventRequestsDuringMaintenance.php(87): Illuminate\\Pipeline\\Pipeline->Illuminate\\Pipeline\\{closure}(Object(Illuminate\\Http\\Request))
#47 /Users/solomon/Documents/workspace/PHPProjects/inscriptions/vendor/laravel/framework/src/Illuminate/Pipeline/Pipeline.php(167): Illuminate\\Foundation\\Http\\Middleware\\PreventRequestsDuringMaintenance->handle(Object(Illuminate\\Http\\Request), Object(Closure))
#48 /Users/solomon/Documents/workspace/PHPProjects/inscriptions/vendor/laravel/framework/src/Illuminate/Pipeline/Pipeline.php(103): Illuminate\\Pipeline\\Pipeline->Illuminate\\Pipeline\\{closure}(Object(Illuminate\\Http\\Request))
#49 /Users/solomon/Documents/workspace/PHPProjects/inscriptions/vendor/laravel/framework/src/Illuminate/Foundation/Http/Kernel.php(141): Illuminate\\Pipeline\\Pipeline->then(Object(Closure))
#50 /Users/solomon/Documents/workspace/PHPProjects/inscriptions/vendor/laravel/framework/src/Illuminate/Foundation/Http/Kernel.php(110): Illuminate\\Foundation\\Http\\Kernel->sendRequestThroughRouter(Object(Illuminate\\Http\\Request))
#51 /Users/solomon/Documents/workspace/PHPProjects/inscriptions/public/index.php(55): Illuminate\\Foundation\\Http\\Kernel->handle(Object(Illuminate\\Http\\Request))
#52 /Users/solomon/Documents/workspace/PHPProjects/inscriptions/server.php(21): require_once('/Users/solomon/...')
#53 {main}
"} 
