[2021-01-14 08:38:28] local.ERROR: Trying to get property 'formatted_rebate_price' of non-object {"userId":441,"exception":"[object] (ErrorException(code: 0): Trying to get property 'formatted_rebate_price' of non-object at /Users/solomon/Documents/workspace/PHPProjects/inscriptions/app/Category.php:46)
[stacktrace]
#0 /Users/solomon/Documents/workspace/PHPProjects/inscriptions/app/Category.php(46): Illuminate\\Foundation\\Bootstrap\\HandleExceptions->handleError(8, 'Trying to get p...', '/Users/solomon/...', 46, Array)
#1 /Users/solomon/Documents/workspace/PHPProjects/inscriptions/vendor/laravel/framework/src/Illuminate/Database/Eloquent/Concerns/HasAttributes.php(477): App\\Category->getFormattedRebatePriceAttribute(NULL)
#2 /Users/solomon/Documents/workspace/PHPProjects/inscriptions/vendor/laravel/framework/src/Illuminate/Database/Eloquent/Concerns/HasAttributes.php(491): Illuminate\\Database\\Eloquent\\Model->mutateAttribute('formatted_rebat...', NULL)
#3 /Users/solomon/Documents/workspace/PHPProjects/inscriptions/vendor/laravel/framework/src/Illuminate/Database/Eloquent/Concerns/HasAttributes.php(149): Illuminate\\Database\\Eloquent\\Model->mutateAttributeForArray('formatted_rebat...', NULL)
#4 /Users/solomon/Documents/workspace/PHPProjects/inscriptions/vendor/astrotomic/laravel-translatable/src/Translatable/Translatable.php(74): Illuminate\\Database\\Eloquent\\Model->attributesToArray()
#5 /Users/solomon/Documents/workspace/PHPProjects/inscriptions/vendor/laravel/framework/src/Illuminate/Database/Eloquent/Model.php(1166): App\\Category->attributesToArray()
#6 /Users/solomon/Documents/workspace/PHPProjects/inscriptions/vendor/laravel/framework/src/Illuminate/Database/Eloquent/Concerns/HasAttributes.php(291): Illuminate\\Database\\Eloquent\\Model->toArray()
#7 /Users/solomon/Documents/workspace/PHPProjects/inscriptions/vendor/laravel/framework/src/Illuminate/Database/Eloquent/Model.php(1166): Illuminate\\Database\\Eloquent\\Model->relationsToArray()
#8 /Users/solomon/Documents/workspace/PHPProjects/inscriptions/vendor/laravel/framework/src/Illuminate/Collections/Traits/EnumeratesValues.php(783): Illuminate\\Database\\Eloquent\\Model->toArray()
#9 [internal function]: Illuminate\\Support\\Collection->Illuminate\\Support\\Traits\\{closure}(Object(App\\Routine), 0)
#10 /Users/solomon/Documents/workspace/PHPProjects/inscriptions/vendor/laravel/framework/src/Illuminate/Collections/Collection.php(630): array_map(Object(Closure), Array, Array)
#11 /Users/solomon/Documents/workspace/PHPProjects/inscriptions/vendor/laravel/framework/src/Illuminate/Database/Eloquent/Collection.php(276): Illuminate\\Support\\Collection->map(Object(Closure))
#12 /Users/solomon/Documents/workspace/PHPProjects/inscriptions/vendor/laravel/framework/src/Illuminate/Collections/Traits/EnumeratesValues.php(784): Illuminate\\Database\\Eloquent\\Collection->map(Object(Closure))
#13 /Users/solomon/Documents/workspace/PHPProjects/inscriptions/vendor/laravel/framework/src/Illuminate/Database/Eloquent/Concerns/HasAttributes.php(291): Illuminate\\Support\\Collection->toArray()
#14 /Users/solomon/Documents/workspace/PHPProjects/inscriptions/vendor/laravel/framework/src/Illuminate/Database/Eloquent/Model.php(1166): Illuminate\\Database\\Eloquent\\Model->relationsToArray()
#15 /Users/solomon/Documents/workspace/PHPProjects/inscriptions/vendor/laravel/framework/src/Illuminate/Collections/Traits/EnumeratesValues.php(783): Illuminate\\Database\\Eloquent\\Model->toArray()
#16 [internal function]: Illuminate\\Support\\Collection->Illuminate\\Support\\Traits\\{closure}(Object(App\\Subscription), 0)
#17 /Users/solomon/Documents/workspace/PHPProjects/inscriptions/vendor/laravel/framework/src/Illuminate/Collections/Collection.php(630): array_map(Object(Closure), Array, Array)
#18 /Users/solomon/Documents/workspace/PHPProjects/inscriptions/vendor/laravel/framework/src/Illuminate/Database/Eloquent/Collection.php(276): Illuminate\\Support\\Collection->map(Object(Closure))
#19 /Users/solomon/Documents/workspace/PHPProjects/inscriptions/vendor/laravel/framework/src/Illuminate/Collections/Traits/EnumeratesValues.php(784): Illuminate\\Database\\Eloquent\\Collection->map(Object(Closure))
#20 /Users/solomon/Documents/workspace/PHPProjects/inscriptions/vendor/laravel/framework/src/Illuminate/Database/Eloquent/Concerns/HasAttributes.php(291): Illuminate\\Support\\Collection->toArray()
#21 /Users/solomon/Documents/workspace/PHPProjects/inscriptions/vendor/laravel/framework/src/Illuminate/Database/Eloquent/Model.php(1166): Illuminate\\Database\\Eloquent\\Model->relationsToArray()
#22 /Users/solomon/Documents/workspace/PHPProjects/inscriptions/vendor/laravel/framework/src/Illuminate/Database/Eloquent/Model.php(1195): Illuminate\\Database\\Eloquent\\Model->toArray()
#23 /Users/solomon/Documents/workspace/PHPProjects/inscriptions/vendor/laravel/framework/src/Illuminate/Collections/Traits/EnumeratesValues.php(796): Illuminate\\Database\\Eloquent\\Model->jsonSerialize()
#24 [internal function]: Illuminate\\Support\\Collection->Illuminate\\Support\\Traits\\{closure}(Object(App\\Organization))
#25 /Users/solomon/Documents/workspace/PHPProjects/inscriptions/vendor/laravel/framework/src/Illuminate/Collections/Traits/EnumeratesValues.php(804): array_map(Object(Closure), Array)
#26 [internal function]: Illuminate\\Support\\Collection->jsonSerialize()
#27 /Users/solomon/Documents/workspace/PHPProjects/inscriptions/vendor/laravel/framework/src/Illuminate/Http/JsonResponse.php(71): json_encode(Array, 0)
#28 /Users/solomon/Documents/workspace/PHPProjects/inscriptions/vendor/symfony/http-foundation/JsonResponse.php(50): Illuminate\\Http\\JsonResponse->setData(Array)
#29 /Users/solomon/Documents/workspace/PHPProjects/inscriptions/vendor/laravel/framework/src/Illuminate/Http/JsonResponse.php(31): Symfony\\Component\\HttpFoundation\\JsonResponse->__construct(Array, 200, Array)
#30 /Users/solomon/Documents/workspace/PHPProjects/inscriptions/vendor/laravel/framework/src/Illuminate/Routing/ResponseFactory.php(99): Illuminate\\Http\\JsonResponse->__construct(Array, 200, Array, 0)
#31 /Users/solomon/Documents/workspace/PHPProjects/inscriptions/app/Http/Controllers/Api/AdminController.php(128): Illuminate\\Routing\\ResponseFactory->json(Array, 200)
#32 [internal function]: App\\Http\\Controllers\\Api\\AdminController->event('gatineau')
#33 /Users/solomon/Documents/workspace/PHPProjects/inscriptions/vendor/laravel/framework/src/Illuminate/Routing/Controller.php(54): call_user_func_array(Array, Array)
#34 /Users/solomon/Documents/workspace/PHPProjects/inscriptions/vendor/laravel/framework/src/Illuminate/Routing/ControllerDispatcher.php(45): Illuminate\\Routing\\Controller->callAction('event', Array)
#35 /Users/solomon/Documents/workspace/PHPProjects/inscriptions/vendor/laravel/framework/src/Illuminate/Routing/Route.php(255): Illuminate\\Routing\\ControllerDispatcher->dispatch(Object(Illuminate\\Routing\\Route), Object(App\\Http\\Controllers\\Api\\AdminController), 'event')
#36 /Users/solomon/Documents/workspace/PHPProjects/inscriptions/vendor/laravel/framework/src/Illuminate/Routing/Route.php(197): Illuminate\\Routing\\Route->runController()
#37 /Users/solomon/Documents/workspace/PHPProjects/inscriptions/vendor/laravel/framework/src/Illuminate/Routing/Router.php(691): Illuminate\\Routing\\Route->run()
#38 /Users/solomon/Documents/workspace/PHPProjects/inscriptions/vendor/laravel/framework/src/Illuminate/Pipeline/Pipeline.php(128): Illuminate\\Routing\\Router->Illuminate\\Routing\\{closure}(Object(Illuminate\\Http\\Request))
#39 /Users/solomon/Documents/workspace/PHPProjects/inscriptions/vendor/laravel/framework/src/Illuminate/Routing/Middleware/SubstituteBindings.php(41): Illuminate\\Pipeline\\Pipeline->Illuminate\\Pipeline\\{closure}(Object(Illuminate\\Http\\Request))
#40 /Users/solomon/Documents/workspace/PHPProjects/inscriptions/vendor/laravel/framework/src/Illuminate/Pipeline/Pipeline.php(167): Illuminate\\Routing\\Middleware\\SubstituteBindings->handle(Object(Illuminate\\Http\\Request), Object(Closure))
#41 /Users/solomon/Documents/workspace/PHPProjects/inscriptions/app/Http/Middleware/Authenticate.php(18): Illuminate\\Pipeline\\Pipeline->Illuminate\\Pipeline\\{closure}(Object(Illuminate\\Http\\Request))
#42 /Users/solomon/Documents/workspace/PHPProjects/inscriptions/vendor/laravel/framework/src/Illuminate/Pipeline/Pipeline.php(167): App\\Http\\Middleware\\Authenticate->handle(Object(Illuminate\\Http\\Request), Object(Closure), 'api')
#43 /Users/solomon/Documents/workspace/PHPProjects/inscriptions/app/Http/Middleware/Localization.php(23): Illuminate\\Pipeline\\Pipeline->Illuminate\\Pipeline\\{closure}(Object(Illuminate\\Http\\Request))
#44 /Users/solomon/Documents/workspace/PHPProjects/inscriptions/vendor/laravel/framework/src/Illuminate/Pipeline/Pipeline.php(167): App\\Http\\Middleware\\Localization->handle(Object(Illuminate\\Http\\Request), Object(Closure))
#45 /Users/solomon/Documents/workspace/PHPProjects/inscriptions/vendor/laravel/framework/src/Illuminate/Session/Middleware/StartSession.php(121): Illuminate\\Pipeline\\Pipeline->Illuminate\\Pipeline\\{closure}(Object(Illuminate\\Http\\Request))
#46 /Users/solomon/Documents/workspace/PHPProjects/inscriptions/vendor/laravel/framework/src/Illuminate/Session/Middleware/StartSession.php(63): Illuminate\\Session\\Middleware\\StartSession->handleStatefulRequest(Object(Illuminate\\Http\\Request), Object(Illuminate\\Session\\Store), Object(Closure))
#47 /Users/solomon/Documents/workspace/PHPProjects/inscriptions/vendor/laravel/framework/src/Illuminate/Pipeline/Pipeline.php(167): Illuminate\\Session\\Middleware\\StartSession->handle(Object(Illuminate\\Http\\Request), Object(Closure))
#48 /Users/solomon/Documents/workspace/PHPProjects/inscriptions/vendor/laravel/framework/src/Illuminate/Cookie/Middleware/AddQueuedCookiesToResponse.php(37): Illuminate\\Pipeline\\Pipeline->Illuminate\\Pipeline\\{closure}(Object(Illuminate\\Http\\Request))
#49 /Users/solomon/Documents/workspace/PHPProjects/inscriptions/vendor/laravel/framework/src/Illuminate/Pipeline/Pipeline.php(167): Illuminate\\Cookie\\Middleware\\AddQueuedCookiesToResponse->handle(Object(Illuminate\\Http\\Request), Object(Closure))
#50 /Users/solomon/Documents/workspace/PHPProjects/inscriptions/vendor/laravel/framework/src/Illuminate/Cookie/Middleware/EncryptCookies.php(67): Illuminate\\Pipeline\\Pipeline->Illuminate\\Pipeline\\{closure}(Object(Illuminate\\Http\\Request))
#51 /Users/solomon/Documents/workspace/PHPProjects/inscriptions/vendor/laravel/framework/src/Illuminate/Pipeline/Pipeline.php(167): Illuminate\\Cookie\\Middleware\\EncryptCookies->handle(Object(Illuminate\\Http\\Request), Object(Closure))
#52 /Users/solomon/Documents/workspace/PHPProjects/inscriptions/vendor/laravel/framework/src/Illuminate/Pipeline/Pipeline.php(103): Illuminate\\Pipeline\\Pipeline->Illuminate\\Pipeline\\{closure}(Object(Illuminate\\Http\\Request))
#53 /Users/solomon/Documents/workspace/PHPProjects/inscriptions/vendor/laravel/framework/src/Illuminate/Routing/Router.php(693): Illuminate\\Pipeline\\Pipeline->then(Object(Closure))
#54 /Users/solomon/Documents/workspace/PHPProjects/inscriptions/vendor/laravel/framework/src/Illuminate/Routing/Router.php(668): Illuminate\\Routing\\Router->runRouteWithinStack(Object(Illuminate\\Routing\\Route), Object(Illuminate\\Http\\Request))
#55 /Users/solomon/Documents/workspace/PHPProjects/inscriptions/vendor/laravel/framework/src/Illuminate/Routing/Router.php(634): Illuminate\\Routing\\Router->runRoute(Object(Illuminate\\Http\\Request), Object(Illuminate\\Routing\\Route))
#56 /Users/solomon/Documents/workspace/PHPProjects/inscriptions/vendor/laravel/framework/src/Illuminate/Routing/Router.php(623): Illuminate\\Routing\\Router->dispatchToRoute(Object(Illuminate\\Http\\Request))
#57 /Users/solomon/Documents/workspace/PHPProjects/inscriptions/vendor/laravel/framework/src/Illuminate/Foundation/Http/Kernel.php(166): Illuminate\\Routing\\Router->dispatch(Object(Illuminate\\Http\\Request))
#58 /Users/solomon/Documents/workspace/PHPProjects/inscriptions/vendor/laravel/framework/src/Illuminate/Pipeline/Pipeline.php(128): Illuminate\\Foundation\\Http\\Kernel->Illuminate\\Foundation\\Http\\{closure}(Object(Illuminate\\Http\\Request))
#59 /Users/solomon/Documents/workspace/PHPProjects/inscriptions/app/Http/Middleware/DomainCheckMiddleware.php(48): Illuminate\\Pipeline\\Pipeline->Illuminate\\Pipeline\\{closure}(Object(Illuminate\\Http\\Request))
#60 /Users/solomon/Documents/workspace/PHPProjects/inscriptions/vendor/laravel/framework/src/Illuminate/Pipeline/Pipeline.php(167): App\\Http\\Middleware\\DomainCheckMiddleware->handle(Object(Illuminate\\Http\\Request), Object(Closure))
#61 /Users/solomon/Documents/workspace/PHPProjects/inscriptions/vendor/fideloper/proxy/src/TrustProxies.php(57): Illuminate\\Pipeline\\Pipeline->Illuminate\\Pipeline\\{closure}(Object(Illuminate\\Http\\Request))
#62 /Users/solomon/Documents/workspace/PHPProjects/inscriptions/vendor/laravel/framework/src/Illuminate/Pipeline/Pipeline.php(167): Fideloper\\Proxy\\TrustProxies->handle(Object(Illuminate\\Http\\Request), Object(Closure))
#63 /Users/solomon/Documents/workspace/PHPProjects/inscriptions/vendor/laravel/framework/src/Illuminate/Foundation/Http/Middleware/TransformsRequest.php(21): Illuminate\\Pipeline\\Pipeline->Illuminate\\Pipeline\\{closure}(Object(Illuminate\\Http\\Request))
#64 /Users/solomon/Documents/workspace/PHPProjects/inscriptions/vendor/laravel/framework/src/Illuminate/Pipeline/Pipeline.php(167): Illuminate\\Foundation\\Http\\Middleware\\TransformsRequest->handle(Object(Illuminate\\Http\\Request), Object(Closure))
#65 /Users/solomon/Documents/workspace/PHPProjects/inscriptions/vendor/laravel/framework/src/Illuminate/Foundation/Http/Middleware/TransformsRequest.php(21): Illuminate\\Pipeline\\Pipeline->Illuminate\\Pipeline\\{closure}(Object(Illuminate\\Http\\Request))
#66 /Users/solomon/Documents/workspace/PHPProjects/inscriptions/vendor/laravel/framework/src/Illuminate/Pipeline/Pipeline.php(167): Illuminate\\Foundation\\Http\\Middleware\\TransformsRequest->handle(Object(Illuminate\\Http\\Request), Object(Closure))
#67 /Users/solomon/Documents/workspace/PHPProjects/inscriptions/vendor/laravel/framework/src/Illuminate/Foundation/Http/Middleware/ValidatePostSize.php(27): Illuminate\\Pipeline\\Pipeline->Illuminate\\Pipeline\\{closure}(Object(Illuminate\\Http\\Request))
#68 /Users/solomon/Documents/workspace/PHPProjects/inscriptions/vendor/laravel/framework/src/Illuminate/Pipeline/Pipeline.php(167): Illuminate\\Foundation\\Http\\Middleware\\ValidatePostSize->handle(Object(Illuminate\\Http\\Request), Object(Closure))
#69 /Users/solomon/Documents/workspace/PHPProjects/inscriptions/vendor/laravel/framework/src/Illuminate/Foundation/Http/Middleware/PreventRequestsDuringMaintenance.php(87): Illuminate\\Pipeline\\Pipeline->Illuminate\\Pipeline\\{closure}(Object(Illuminate\\Http\\Request))
#70 /Users/solomon/Documents/workspace/PHPProjects/inscriptions/vendor/laravel/framework/src/Illuminate/Pipeline/Pipeline.php(167): Illuminate\\Foundation\\Http\\Middleware\\PreventRequestsDuringMaintenance->handle(Object(Illuminate\\Http\\Request), Object(Closure))
#71 /Users/solomon/Documents/workspace/PHPProjects/inscriptions/vendor/laravel/framework/src/Illuminate/Pipeline/Pipeline.php(103): Illuminate\\Pipeline\\Pipeline->Illuminate\\Pipeline\\{closure}(Object(Illuminate\\Http\\Request))
#72 /Users/solomon/Documents/workspace/PHPProjects/inscriptions/vendor/laravel/framework/src/Illuminate/Foundation/Http/Kernel.php(141): Illuminate\\Pipeline\\Pipeline->then(Object(Closure))
#73 /Users/solomon/Documents/workspace/PHPProjects/inscriptions/vendor/laravel/framework/src/Illuminate/Foundation/Http/Kernel.php(110): Illuminate\\Foundation\\Http\\Kernel->sendRequestThroughRouter(Object(Illuminate\\Http\\Request))
#74 /Users/solomon/Documents/workspace/PHPProjects/inscriptions/public/index.php(55): Illuminate\\Foundation\\Http\\Kernel->handle(Object(Illuminate\\Http\\Request))
#75 /Users/solomon/Documents/workspace/PHPProjects/inscriptions/server.php(21): require_once('/Users/solomon/...')
#76 {main}
"} 
[2021-01-14 10:21:33] local.ERROR: Undefined variable: subtotal {"userId":441,"exception":"[object] (ErrorException(code: 0): Undefined variable: subtotal at /Users/solomon/Documents/workspace/PHPProjects/inscriptions/app/Http/Controllers/Api/AdminController.php:628)
[stacktrace]
#0 /Users/solomon/Documents/workspace/PHPProjects/inscriptions/app/Http/Controllers/Api/AdminController.php(628): Illuminate\\Foundation\\Bootstrap\\HandleExceptions->handleError(8, 'Undefined varia...', '/Users/solomon/...', 628, Array)
#1 /Users/solomon/Documents/workspace/PHPProjects/inscriptions/app/Http/Controllers/Api/AdminController.php(416): App\\Http\\Controllers\\Api\\AdminController->getSubTotal('567', 1041)
#2 [internal function]: App\\Http\\Controllers\\Api\\AdminController->subscription(Object(Illuminate\\Http\\Request), 'gatineau', '567')
#3 /Users/solomon/Documents/workspace/PHPProjects/inscriptions/vendor/laravel/framework/src/Illuminate/Routing/Controller.php(54): call_user_func_array(Array, Array)
#4 /Users/solomon/Documents/workspace/PHPProjects/inscriptions/vendor/laravel/framework/src/Illuminate/Routing/ControllerDispatcher.php(45): Illuminate\\Routing\\Controller->callAction('subscription', Array)
#5 /Users/solomon/Documents/workspace/PHPProjects/inscriptions/vendor/laravel/framework/src/Illuminate/Routing/Route.php(255): Illuminate\\Routing\\ControllerDispatcher->dispatch(Object(Illuminate\\Routing\\Route), Object(App\\Http\\Controllers\\Api\\AdminController), 'subscription')
#6 /Users/solomon/Documents/workspace/PHPProjects/inscriptions/vendor/laravel/framework/src/Illuminate/Routing/Route.php(197): Illuminate\\Routing\\Route->runController()
#7 /Users/solomon/Documents/workspace/PHPProjects/inscriptions/vendor/laravel/framework/src/Illuminate/Routing/Router.php(691): Illuminate\\Routing\\Route->run()
#8 /Users/solomon/Documents/workspace/PHPProjects/inscriptions/vendor/laravel/framework/src/Illuminate/Pipeline/Pipeline.php(128): Illuminate\\Routing\\Router->Illuminate\\Routing\\{closure}(Object(Illuminate\\Http\\Request))
#9 /Users/solomon/Documents/workspace/PHPProjects/inscriptions/vendor/laravel/framework/src/Illuminate/Routing/Middleware/SubstituteBindings.php(41): Illuminate\\Pipeline\\Pipeline->Illuminate\\Pipeline\\{closure}(Object(Illuminate\\Http\\Request))
#10 /Users/solomon/Documents/workspace/PHPProjects/inscriptions/vendor/laravel/framework/src/Illuminate/Pipeline/Pipeline.php(167): Illuminate\\Routing\\Middleware\\SubstituteBindings->handle(Object(Illuminate\\Http\\Request), Object(Closure))
#11 /Users/solomon/Documents/workspace/PHPProjects/inscriptions/app/Http/Middleware/Authenticate.php(18): Illuminate\\Pipeline\\Pipeline->Illuminate\\Pipeline\\{closure}(Object(Illuminate\\Http\\Request))
#12 /Users/solomon/Documents/workspace/PHPProjects/inscriptions/vendor/laravel/framework/src/Illuminate/Pipeline/Pipeline.php(167): App\\Http\\Middleware\\Authenticate->handle(Object(Illuminate\\Http\\Request), Object(Closure), 'api')
#13 /Users/solomon/Documents/workspace/PHPProjects/inscriptions/app/Http/Middleware/Localization.php(23): Illuminate\\Pipeline\\Pipeline->Illuminate\\Pipeline\\{closure}(Object(Illuminate\\Http\\Request))
#14 /Users/solomon/Documents/workspace/PHPProjects/inscriptions/vendor/laravel/framework/src/Illuminate/Pipeline/Pipeline.php(167): App\\Http\\Middleware\\Localization->handle(Object(Illuminate\\Http\\Request), Object(Closure))
#15 /Users/solomon/Documents/workspace/PHPProjects/inscriptions/vendor/laravel/framework/src/Illuminate/Session/Middleware/StartSession.php(121): Illuminate\\Pipeline\\Pipeline->Illuminate\\Pipeline\\{closure}(Object(Illuminate\\Http\\Request))
#16 /Users/solomon/Documents/workspace/PHPProjects/inscriptions/vendor/laravel/framework/src/Illuminate/Session/Middleware/StartSession.php(63): Illuminate\\Session\\Middleware\\StartSession->handleStatefulRequest(Object(Illuminate\\Http\\Request), Object(Illuminate\\Session\\Store), Object(Closure))
#17 /Users/solomon/Documents/workspace/PHPProjects/inscriptions/vendor/laravel/framework/src/Illuminate/Pipeline/Pipeline.php(167): Illuminate\\Session\\Middleware\\StartSession->handle(Object(Illuminate\\Http\\Request), Object(Closure))
#18 /Users/solomon/Documents/workspace/PHPProjects/inscriptions/vendor/laravel/framework/src/Illuminate/Cookie/Middleware/AddQueuedCookiesToResponse.php(37): Illuminate\\Pipeline\\Pipeline->Illuminate\\Pipeline\\{closure}(Object(Illuminate\\Http\\Request))
#19 /Users/solomon/Documents/workspace/PHPProjects/inscriptions/vendor/laravel/framework/src/Illuminate/Pipeline/Pipeline.php(167): Illuminate\\Cookie\\Middleware\\AddQueuedCookiesToResponse->handle(Object(Illuminate\\Http\\Request), Object(Closure))
#20 /Users/solomon/Documents/workspace/PHPProjects/inscriptions/vendor/laravel/framework/src/Illuminate/Cookie/Middleware/EncryptCookies.php(67): Illuminate\\Pipeline\\Pipeline->Illuminate\\Pipeline\\{closure}(Object(Illuminate\\Http\\Request))
#21 /Users/solomon/Documents/workspace/PHPProjects/inscriptions/vendor/laravel/framework/src/Illuminate/Pipeline/Pipeline.php(167): Illuminate\\Cookie\\Middleware\\EncryptCookies->handle(Object(Illuminate\\Http\\Request), Object(Closure))
#22 /Users/solomon/Documents/workspace/PHPProjects/inscriptions/vendor/laravel/framework/src/Illuminate/Pipeline/Pipeline.php(103): Illuminate\\Pipeline\\Pipeline->Illuminate\\Pipeline\\{closure}(Object(Illuminate\\Http\\Request))
#23 /Users/solomon/Documents/workspace/PHPProjects/inscriptions/vendor/laravel/framework/src/Illuminate/Routing/Router.php(693): Illuminate\\Pipeline\\Pipeline->then(Object(Closure))
#24 /Users/solomon/Documents/workspace/PHPProjects/inscriptions/vendor/laravel/framework/src/Illuminate/Routing/Router.php(668): Illuminate\\Routing\\Router->runRouteWithinStack(Object(Illuminate\\Routing\\Route), Object(Illuminate\\Http\\Request))
#25 /Users/solomon/Documents/workspace/PHPProjects/inscriptions/vendor/laravel/framework/src/Illuminate/Routing/Router.php(634): Illuminate\\Routing\\Router->runRoute(Object(Illuminate\\Http\\Request), Object(Illuminate\\Routing\\Route))
#26 /Users/solomon/Documents/workspace/PHPProjects/inscriptions/vendor/laravel/framework/src/Illuminate/Routing/Router.php(623): Illuminate\\Routing\\Router->dispatchToRoute(Object(Illuminate\\Http\\Request))
#27 /Users/solomon/Documents/workspace/PHPProjects/inscriptions/vendor/laravel/framework/src/Illuminate/Foundation/Http/Kernel.php(166): Illuminate\\Routing\\Router->dispatch(Object(Illuminate\\Http\\Request))
#28 /Users/solomon/Documents/workspace/PHPProjects/inscriptions/vendor/laravel/framework/src/Illuminate/Pipeline/Pipeline.php(128): Illuminate\\Foundation\\Http\\Kernel->Illuminate\\Foundation\\Http\\{closure}(Object(Illuminate\\Http\\Request))
#29 /Users/solomon/Documents/workspace/PHPProjects/inscriptions/app/Http/Middleware/DomainCheckMiddleware.php(48): Illuminate\\Pipeline\\Pipeline->Illuminate\\Pipeline\\{closure}(Object(Illuminate\\Http\\Request))
#30 /Users/solomon/Documents/workspace/PHPProjects/inscriptions/vendor/laravel/framework/src/Illuminate/Pipeline/Pipeline.php(167): App\\Http\\Middleware\\DomainCheckMiddleware->handle(Object(Illuminate\\Http\\Request), Object(Closure))
#31 /Users/solomon/Documents/workspace/PHPProjects/inscriptions/vendor/fideloper/proxy/src/TrustProxies.php(57): Illuminate\\Pipeline\\Pipeline->Illuminate\\Pipeline\\{closure}(Object(Illuminate\\Http\\Request))
#32 /Users/solomon/Documents/workspace/PHPProjects/inscriptions/vendor/laravel/framework/src/Illuminate/Pipeline/Pipeline.php(167): Fideloper\\Proxy\\TrustProxies->handle(Object(Illuminate\\Http\\Request), Object(Closure))
#33 /Users/solomon/Documents/workspace/PHPProjects/inscriptions/vendor/laravel/framework/src/Illuminate/Foundation/Http/Middleware/TransformsRequest.php(21): Illuminate\\Pipeline\\Pipeline->Illuminate\\Pipeline\\{closure}(Object(Illuminate\\Http\\Request))
#34 /Users/solomon/Documents/workspace/PHPProjects/inscriptions/vendor/laravel/framework/src/Illuminate/Pipeline/Pipeline.php(167): Illuminate\\Foundation\\Http\\Middleware\\TransformsRequest->handle(Object(Illuminate\\Http\\Request), Object(Closure))
#35 /Users/solomon/Documents/workspace/PHPProjects/inscriptions/vendor/laravel/framework/src/Illuminate/Foundation/Http/Middleware/TransformsRequest.php(21): Illuminate\\Pipeline\\Pipeline->Illuminate\\Pipeline\\{closure}(Object(Illuminate\\Http\\Request))
#36 /Users/solomon/Documents/workspace/PHPProjects/inscriptions/vendor/laravel/framework/src/Illuminate/Pipeline/Pipeline.php(167): Illuminate\\Foundation\\Http\\Middleware\\TransformsRequest->handle(Object(Illuminate\\Http\\Request), Object(Closure))
#37 /Users/solomon/Documents/workspace/PHPProjects/inscriptions/vendor/laravel/framework/src/Illuminate/Foundation/Http/Middleware/ValidatePostSize.php(27): Illuminate\\Pipeline\\Pipeline->Illuminate\\Pipeline\\{closure}(Object(Illuminate\\Http\\Request))
#38 /Users/solomon/Documents/workspace/PHPProjects/inscriptions/vendor/laravel/framework/src/Illuminate/Pipeline/Pipeline.php(167): Illuminate\\Foundation\\Http\\Middleware\\ValidatePostSize->handle(Object(Illuminate\\Http\\Request), Object(Closure))
#39 /Users/solomon/Documents/workspace/PHPProjects/inscriptions/vendor/laravel/framework/src/Illuminate/Foundation/Http/Middleware/PreventRequestsDuringMaintenance.php(87): Illuminate\\Pipeline\\Pipeline->Illuminate\\Pipeline\\{closure}(Object(Illuminate\\Http\\Request))
#40 /Users/solomon/Documents/workspace/PHPProjects/inscriptions/vendor/laravel/framework/src/Illuminate/Pipeline/Pipeline.php(167): Illuminate\\Foundation\\Http\\Middleware\\PreventRequestsDuringMaintenance->handle(Object(Illuminate\\Http\\Request), Object(Closure))
#41 /Users/solomon/Documents/workspace/PHPProjects/inscriptions/vendor/laravel/framework/src/Illuminate/Pipeline/Pipeline.php(103): Illuminate\\Pipeline\\Pipeline->Illuminate\\Pipeline\\{closure}(Object(Illuminate\\Http\\Request))
#42 /Users/solomon/Documents/workspace/PHPProjects/inscriptions/vendor/laravel/framework/src/Illuminate/Foundation/Http/Kernel.php(141): Illuminate\\Pipeline\\Pipeline->then(Object(Closure))
#43 /Users/solomon/Documents/workspace/PHPProjects/inscriptions/vendor/laravel/framework/src/Illuminate/Foundation/Http/Kernel.php(110): Illuminate\\Foundation\\Http\\Kernel->sendRequestThroughRouter(Object(Illuminate\\Http\\Request))
#44 /Users/solomon/Documents/workspace/PHPProjects/inscriptions/public/index.php(55): Illuminate\\Foundation\\Http\\Kernel->handle(Object(Illuminate\\Http\\Request))
#45 /Users/solomon/Documents/workspace/PHPProjects/inscriptions/server.php(21): require_once('/Users/solomon/...')
#46 {main}
"} 
