[2020-10-20 09:27:09] local.ERROR: A non well formed numeric value encountered {"userId":441,"exception":"[object] (ErrorException(code: 0): A non well formed numeric value encountered at /home/kaperskyguru/Projects/PHPProjects/inscriptions/app/Subscription.php:74)
[stacktrace]
#0 /home/kaperskyguru/Projects/PHPProjects/inscriptions/app/Subscription.php(74): Illuminate\\Foundation\\Bootstrap\\HandleExceptions->handleError()
#1 /home/kaperskyguru/Projects/PHPProjects/inscriptions/vendor/laravel/framework/src/Illuminate/Database/Eloquent/Concerns/HasAttributes.php(477): App\\Subscription->getTpsAttribute()
#2 /home/kaperskyguru/Projects/PHPProjects/inscriptions/vendor/laravel/framework/src/Illuminate/Database/Eloquent/Concerns/HasAttributes.php(491): Illuminate\\Database\\Eloquent\\Model->mutateAttribute()
#3 /home/kaperskyguru/Projects/PHPProjects/inscriptions/vendor/laravel/framework/src/Illuminate/Database/Eloquent/Concerns/HasAttributes.php(149): Illuminate\\Database\\Eloquent\\Model->mutateAttributeForArray()
#4 /home/kaperskyguru/Projects/PHPProjects/inscriptions/vendor/laravel/framework/src/Illuminate/Database/Eloquent/Model.php(1166): Illuminate\\Database\\Eloquent\\Model->attributesToArray()
#5 /home/kaperskyguru/Projects/PHPProjects/inscriptions/vendor/laravel/framework/src/Illuminate/Collections/Traits/EnumeratesValues.php(783): Illuminate\\Database\\Eloquent\\Model->toArray()
#6 [internal function]: Illuminate\\Support\\Collection->Illuminate\\Support\\Traits\\{closure}()
#7 /home/kaperskyguru/Projects/PHPProjects/inscriptions/vendor/laravel/framework/src/Illuminate/Collections/Collection.php(630): array_map()
#8 /home/kaperskyguru/Projects/PHPProjects/inscriptions/vendor/laravel/framework/src/Illuminate/Database/Eloquent/Collection.php(276): Illuminate\\Support\\Collection->map()
#9 /home/kaperskyguru/Projects/PHPProjects/inscriptions/vendor/laravel/framework/src/Illuminate/Collections/Traits/EnumeratesValues.php(784): Illuminate\\Database\\Eloquent\\Collection->map()
#10 /home/kaperskyguru/Projects/PHPProjects/inscriptions/vendor/laravel/framework/src/Illuminate/Database/Eloquent/Concerns/HasAttributes.php(291): Illuminate\\Support\\Collection->toArray()
#11 /home/kaperskyguru/Projects/PHPProjects/inscriptions/vendor/laravel/framework/src/Illuminate/Database/Eloquent/Model.php(1166): Illuminate\\Database\\Eloquent\\Model->relationsToArray()
#12 /home/kaperskyguru/Projects/PHPProjects/inscriptions/vendor/laravel/framework/src/Illuminate/Database/Eloquent/Model.php(1195): Illuminate\\Database\\Eloquent\\Model->toArray()
#13 [internal function]: Illuminate\\Database\\Eloquent\\Model->jsonSerialize()
#14 /home/kaperskyguru/Projects/PHPProjects/inscriptions/vendor/laravel/framework/src/Illuminate/Http/JsonResponse.php(71): json_encode()
#15 /home/kaperskyguru/Projects/PHPProjects/inscriptions/vendor/symfony/http-foundation/JsonResponse.php(50): Illuminate\\Http\\JsonResponse->setData()
#16 /home/kaperskyguru/Projects/PHPProjects/inscriptions/vendor/laravel/framework/src/Illuminate/Http/JsonResponse.php(31): Symfony\\Component\\HttpFoundation\\JsonResponse->__construct()
#17 /home/kaperskyguru/Projects/PHPProjects/inscriptions/vendor/laravel/framework/src/Illuminate/Routing/ResponseFactory.php(99): Illuminate\\Http\\JsonResponse->__construct()
#18 /home/kaperskyguru/Projects/PHPProjects/inscriptions/app/Http/Controllers/Api/AdminController.php(408): Illuminate\\Routing\\ResponseFactory->json()
#19 [internal function]: App\\Http\\Controllers\\Api\\AdminController->subscription()
#20 /home/kaperskyguru/Projects/PHPProjects/inscriptions/vendor/laravel/framework/src/Illuminate/Routing/Controller.php(54): call_user_func_array()
#21 /home/kaperskyguru/Projects/PHPProjects/inscriptions/vendor/laravel/framework/src/Illuminate/Routing/ControllerDispatcher.php(45): Illuminate\\Routing\\Controller->callAction()
#22 /home/kaperskyguru/Projects/PHPProjects/inscriptions/vendor/laravel/framework/src/Illuminate/Routing/Route.php(255): Illuminate\\Routing\\ControllerDispatcher->dispatch()
#23 /home/kaperskyguru/Projects/PHPProjects/inscriptions/vendor/laravel/framework/src/Illuminate/Routing/Route.php(197): Illuminate\\Routing\\Route->runController()
#24 /home/kaperskyguru/Projects/PHPProjects/inscriptions/vendor/laravel/framework/src/Illuminate/Routing/Router.php(691): Illuminate\\Routing\\Route->run()
#25 /home/kaperskyguru/Projects/PHPProjects/inscriptions/vendor/laravel/framework/src/Illuminate/Pipeline/Pipeline.php(128): Illuminate\\Routing\\Router->Illuminate\\Routing\\{closure}()
#26 /home/kaperskyguru/Projects/PHPProjects/inscriptions/vendor/laravel/framework/src/Illuminate/Routing/Middleware/SubstituteBindings.php(41): Illuminate\\Pipeline\\Pipeline->Illuminate\\Pipeline\\{closure}()
#27 /home/kaperskyguru/Projects/PHPProjects/inscriptions/vendor/laravel/framework/src/Illuminate/Pipeline/Pipeline.php(167): Illuminate\\Routing\\Middleware\\SubstituteBindings->handle()
#28 /home/kaperskyguru/Projects/PHPProjects/inscriptions/app/Http/Middleware/Authenticate.php(18): Illuminate\\Pipeline\\Pipeline->Illuminate\\Pipeline\\{closure}()
#29 /home/kaperskyguru/Projects/PHPProjects/inscriptions/vendor/laravel/framework/src/Illuminate/Pipeline/Pipeline.php(167): App\\Http\\Middleware\\Authenticate->handle()
#30 /home/kaperskyguru/Projects/PHPProjects/inscriptions/app/Http/Middleware/Localization.php(23): Illuminate\\Pipeline\\Pipeline->Illuminate\\Pipeline\\{closure}()
#31 /home/kaperskyguru/Projects/PHPProjects/inscriptions/vendor/laravel/framework/src/Illuminate/Pipeline/Pipeline.php(167): App\\Http\\Middleware\\Localization->handle()
#32 /home/kaperskyguru/Projects/PHPProjects/inscriptions/vendor/laravel/framework/src/Illuminate/Session/Middleware/StartSession.php(121): Illuminate\\Pipeline\\Pipeline->Illuminate\\Pipeline\\{closure}()
#33 /home/kaperskyguru/Projects/PHPProjects/inscriptions/vendor/laravel/framework/src/Illuminate/Session/Middleware/StartSession.php(63): Illuminate\\Session\\Middleware\\StartSession->handleStatefulRequest()
#34 /home/kaperskyguru/Projects/PHPProjects/inscriptions/vendor/laravel/framework/src/Illuminate/Pipeline/Pipeline.php(167): Illuminate\\Session\\Middleware\\StartSession->handle()
#35 /home/kaperskyguru/Projects/PHPProjects/inscriptions/vendor/laravel/framework/src/Illuminate/Cookie/Middleware/AddQueuedCookiesToResponse.php(37): Illuminate\\Pipeline\\Pipeline->Illuminate\\Pipeline\\{closure}()
#36 /home/kaperskyguru/Projects/PHPProjects/inscriptions/vendor/laravel/framework/src/Illuminate/Pipeline/Pipeline.php(167): Illuminate\\Cookie\\Middleware\\AddQueuedCookiesToResponse->handle()
#37 /home/kaperskyguru/Projects/PHPProjects/inscriptions/vendor/laravel/framework/src/Illuminate/Cookie/Middleware/EncryptCookies.php(67): Illuminate\\Pipeline\\Pipeline->Illuminate\\Pipeline\\{closure}()
#38 /home/kaperskyguru/Projects/PHPProjects/inscriptions/vendor/laravel/framework/src/Illuminate/Pipeline/Pipeline.php(167): Illuminate\\Cookie\\Middleware\\EncryptCookies->handle()
#39 /home/kaperskyguru/Projects/PHPProjects/inscriptions/vendor/laravel/framework/src/Illuminate/Pipeline/Pipeline.php(103): Illuminate\\Pipeline\\Pipeline->Illuminate\\Pipeline\\{closure}()
#40 /home/kaperskyguru/Projects/PHPProjects/inscriptions/vendor/laravel/framework/src/Illuminate/Routing/Router.php(693): Illuminate\\Pipeline\\Pipeline->then()
#41 /home/kaperskyguru/Projects/PHPProjects/inscriptions/vendor/laravel/framework/src/Illuminate/Routing/Router.php(668): Illuminate\\Routing\\Router->runRouteWithinStack()
#42 /home/kaperskyguru/Projects/PHPProjects/inscriptions/vendor/laravel/framework/src/Illuminate/Routing/Router.php(634): Illuminate\\Routing\\Router->runRoute()
#43 /home/kaperskyguru/Projects/PHPProjects/inscriptions/vendor/laravel/framework/src/Illuminate/Routing/Router.php(623): Illuminate\\Routing\\Router->dispatchToRoute()
#44 /home/kaperskyguru/Projects/PHPProjects/inscriptions/vendor/laravel/framework/src/Illuminate/Foundation/Http/Kernel.php(166): Illuminate\\Routing\\Router->dispatch()
#45 /home/kaperskyguru/Projects/PHPProjects/inscriptions/vendor/laravel/framework/src/Illuminate/Pipeline/Pipeline.php(128): Illuminate\\Foundation\\Http\\Kernel->Illuminate\\Foundation\\Http\\{closure}()
#46 /home/kaperskyguru/Projects/PHPProjects/inscriptions/app/Http/Middleware/DomainCheckMiddleware.php(48): Illuminate\\Pipeline\\Pipeline->Illuminate\\Pipeline\\{closure}()
#47 /home/kaperskyguru/Projects/PHPProjects/inscriptions/vendor/laravel/framework/src/Illuminate/Pipeline/Pipeline.php(167): App\\Http\\Middleware\\DomainCheckMiddleware->handle()
#48 /home/kaperskyguru/Projects/PHPProjects/inscriptions/vendor/fideloper/proxy/src/TrustProxies.php(57): Illuminate\\Pipeline\\Pipeline->Illuminate\\Pipeline\\{closure}()
#49 /home/kaperskyguru/Projects/PHPProjects/inscriptions/vendor/laravel/framework/src/Illuminate/Pipeline/Pipeline.php(167): Fideloper\\Proxy\\TrustProxies->handle()
#50 /home/kaperskyguru/Projects/PHPProjects/inscriptions/vendor/laravel/framework/src/Illuminate/Foundation/Http/Middleware/TransformsRequest.php(21): Illuminate\\Pipeline\\Pipeline->Illuminate\\Pipeline\\{closure}()
#51 /home/kaperskyguru/Projects/PHPProjects/inscriptions/vendor/laravel/framework/src/Illuminate/Pipeline/Pipeline.php(167): Illuminate\\Foundation\\Http\\Middleware\\TransformsRequest->handle()
#52 /home/kaperskyguru/Projects/PHPProjects/inscriptions/vendor/laravel/framework/src/Illuminate/Foundation/Http/Middleware/TransformsRequest.php(21): Illuminate\\Pipeline\\Pipeline->Illuminate\\Pipeline\\{closure}()
#53 /home/kaperskyguru/Projects/PHPProjects/inscriptions/vendor/laravel/framework/src/Illuminate/Pipeline/Pipeline.php(167): Illuminate\\Foundation\\Http\\Middleware\\TransformsRequest->handle()
#54 /home/kaperskyguru/Projects/PHPProjects/inscriptions/vendor/laravel/framework/src/Illuminate/Foundation/Http/Middleware/ValidatePostSize.php(27): Illuminate\\Pipeline\\Pipeline->Illuminate\\Pipeline\\{closure}()
#55 /home/kaperskyguru/Projects/PHPProjects/inscriptions/vendor/laravel/framework/src/Illuminate/Pipeline/Pipeline.php(167): Illuminate\\Foundation\\Http\\Middleware\\ValidatePostSize->handle()
#56 /home/kaperskyguru/Projects/PHPProjects/inscriptions/vendor/laravel/framework/src/Illuminate/Foundation/Http/Middleware/PreventRequestsDuringMaintenance.php(87): Illuminate\\Pipeline\\Pipeline->Illuminate\\Pipeline\\{closure}()
#57 /home/kaperskyguru/Projects/PHPProjects/inscriptions/vendor/laravel/framework/src/Illuminate/Pipeline/Pipeline.php(167): Illuminate\\Foundation\\Http\\Middleware\\PreventRequestsDuringMaintenance->handle()
#58 /home/kaperskyguru/Projects/PHPProjects/inscriptions/vendor/laravel/framework/src/Illuminate/Pipeline/Pipeline.php(103): Illuminate\\Pipeline\\Pipeline->Illuminate\\Pipeline\\{closure}()
#59 /home/kaperskyguru/Projects/PHPProjects/inscriptions/vendor/laravel/framework/src/Illuminate/Foundation/Http/Kernel.php(141): Illuminate\\Pipeline\\Pipeline->then()
#60 /home/kaperskyguru/Projects/PHPProjects/inscriptions/vendor/laravel/framework/src/Illuminate/Foundation/Http/Kernel.php(110): Illuminate\\Foundation\\Http\\Kernel->sendRequestThroughRouter()
#61 /home/kaperskyguru/Projects/PHPProjects/inscriptions/public/index.php(55): Illuminate\\Foundation\\Http\\Kernel->handle()
#62 /home/kaperskyguru/Projects/PHPProjects/inscriptions/server.php(21): require_once('/home/kaperskyg...')
#63 {main}
"} 
[2020-10-20 09:28:05] local.ERROR: A non well formed numeric value encountered {"userId":441,"exception":"[object] (ErrorException(code: 0): A non well formed numeric value encountered at /home/kaperskyguru/Projects/PHPProjects/inscriptions/app/Subscription.php:74)
[stacktrace]
#0 /home/kaperskyguru/Projects/PHPProjects/inscriptions/app/Subscription.php(74): Illuminate\\Foundation\\Bootstrap\\HandleExceptions->handleError()
#1 /home/kaperskyguru/Projects/PHPProjects/inscriptions/vendor/laravel/framework/src/Illuminate/Database/Eloquent/Concerns/HasAttributes.php(477): App\\Subscription->getTpsAttribute()
#2 /home/kaperskyguru/Projects/PHPProjects/inscriptions/vendor/laravel/framework/src/Illuminate/Database/Eloquent/Concerns/HasAttributes.php(491): Illuminate\\Database\\Eloquent\\Model->mutateAttribute()
#3 /home/kaperskyguru/Projects/PHPProjects/inscriptions/vendor/laravel/framework/src/Illuminate/Database/Eloquent/Concerns/HasAttributes.php(149): Illuminate\\Database\\Eloquent\\Model->mutateAttributeForArray()
#4 /home/kaperskyguru/Projects/PHPProjects/inscriptions/vendor/laravel/framework/src/Illuminate/Database/Eloquent/Model.php(1166): Illuminate\\Database\\Eloquent\\Model->attributesToArray()
#5 /home/kaperskyguru/Projects/PHPProjects/inscriptions/vendor/laravel/framework/src/Illuminate/Collections/Traits/EnumeratesValues.php(783): Illuminate\\Database\\Eloquent\\Model->toArray()
#6 [internal function]: Illuminate\\Support\\Collection->Illuminate\\Support\\Traits\\{closure}()
#7 /home/kaperskyguru/Projects/PHPProjects/inscriptions/vendor/laravel/framework/src/Illuminate/Collections/Collection.php(630): array_map()
#8 /home/kaperskyguru/Projects/PHPProjects/inscriptions/vendor/laravel/framework/src/Illuminate/Database/Eloquent/Collection.php(276): Illuminate\\Support\\Collection->map()
#9 /home/kaperskyguru/Projects/PHPProjects/inscriptions/vendor/laravel/framework/src/Illuminate/Collections/Traits/EnumeratesValues.php(784): Illuminate\\Database\\Eloquent\\Collection->map()
#10 /home/kaperskyguru/Projects/PHPProjects/inscriptions/vendor/laravel/framework/src/Illuminate/Database/Eloquent/Concerns/HasAttributes.php(291): Illuminate\\Support\\Collection->toArray()
#11 /home/kaperskyguru/Projects/PHPProjects/inscriptions/vendor/laravel/framework/src/Illuminate/Database/Eloquent/Model.php(1166): Illuminate\\Database\\Eloquent\\Model->relationsToArray()
#12 /home/kaperskyguru/Projects/PHPProjects/inscriptions/vendor/laravel/framework/src/Illuminate/Database/Eloquent/Model.php(1195): Illuminate\\Database\\Eloquent\\Model->toArray()
#13 [internal function]: Illuminate\\Database\\Eloquent\\Model->jsonSerialize()
#14 /home/kaperskyguru/Projects/PHPProjects/inscriptions/vendor/laravel/framework/src/Illuminate/Http/JsonResponse.php(71): json_encode()
#15 /home/kaperskyguru/Projects/PHPProjects/inscriptions/vendor/symfony/http-foundation/JsonResponse.php(50): Illuminate\\Http\\JsonResponse->setData()
#16 /home/kaperskyguru/Projects/PHPProjects/inscriptions/vendor/laravel/framework/src/Illuminate/Http/JsonResponse.php(31): Symfony\\Component\\HttpFoundation\\JsonResponse->__construct()
#17 /home/kaperskyguru/Projects/PHPProjects/inscriptions/vendor/laravel/framework/src/Illuminate/Routing/ResponseFactory.php(99): Illuminate\\Http\\JsonResponse->__construct()
#18 /home/kaperskyguru/Projects/PHPProjects/inscriptions/app/Http/Controllers/Api/AdminController.php(408): Illuminate\\Routing\\ResponseFactory->json()
#19 [internal function]: App\\Http\\Controllers\\Api\\AdminController->subscription()
#20 /home/kaperskyguru/Projects/PHPProjects/inscriptions/vendor/laravel/framework/src/Illuminate/Routing/Controller.php(54): call_user_func_array()
#21 /home/kaperskyguru/Projects/PHPProjects/inscriptions/vendor/laravel/framework/src/Illuminate/Routing/ControllerDispatcher.php(45): Illuminate\\Routing\\Controller->callAction()
#22 /home/kaperskyguru/Projects/PHPProjects/inscriptions/vendor/laravel/framework/src/Illuminate/Routing/Route.php(255): Illuminate\\Routing\\ControllerDispatcher->dispatch()
#23 /home/kaperskyguru/Projects/PHPProjects/inscriptions/vendor/laravel/framework/src/Illuminate/Routing/Route.php(197): Illuminate\\Routing\\Route->runController()
#24 /home/kaperskyguru/Projects/PHPProjects/inscriptions/vendor/laravel/framework/src/Illuminate/Routing/Router.php(691): Illuminate\\Routing\\Route->run()
#25 /home/kaperskyguru/Projects/PHPProjects/inscriptions/vendor/laravel/framework/src/Illuminate/Pipeline/Pipeline.php(128): Illuminate\\Routing\\Router->Illuminate\\Routing\\{closure}()
#26 /home/kaperskyguru/Projects/PHPProjects/inscriptions/vendor/laravel/framework/src/Illuminate/Routing/Middleware/SubstituteBindings.php(41): Illuminate\\Pipeline\\Pipeline->Illuminate\\Pipeline\\{closure}()
#27 /home/kaperskyguru/Projects/PHPProjects/inscriptions/vendor/laravel/framework/src/Illuminate/Pipeline/Pipeline.php(167): Illuminate\\Routing\\Middleware\\SubstituteBindings->handle()
#28 /home/kaperskyguru/Projects/PHPProjects/inscriptions/app/Http/Middleware/Authenticate.php(18): Illuminate\\Pipeline\\Pipeline->Illuminate\\Pipeline\\{closure}()
#29 /home/kaperskyguru/Projects/PHPProjects/inscriptions/vendor/laravel/framework/src/Illuminate/Pipeline/Pipeline.php(167): App\\Http\\Middleware\\Authenticate->handle()
#30 /home/kaperskyguru/Projects/PHPProjects/inscriptions/app/Http/Middleware/Localization.php(23): Illuminate\\Pipeline\\Pipeline->Illuminate\\Pipeline\\{closure}()
#31 /home/kaperskyguru/Projects/PHPProjects/inscriptions/vendor/laravel/framework/src/Illuminate/Pipeline/Pipeline.php(167): App\\Http\\Middleware\\Localization->handle()
#32 /home/kaperskyguru/Projects/PHPProjects/inscriptions/vendor/laravel/framework/src/Illuminate/Session/Middleware/StartSession.php(121): Illuminate\\Pipeline\\Pipeline->Illuminate\\Pipeline\\{closure}()
#33 /home/kaperskyguru/Projects/PHPProjects/inscriptions/vendor/laravel/framework/src/Illuminate/Session/Middleware/StartSession.php(63): Illuminate\\Session\\Middleware\\StartSession->handleStatefulRequest()
#34 /home/kaperskyguru/Projects/PHPProjects/inscriptions/vendor/laravel/framework/src/Illuminate/Pipeline/Pipeline.php(167): Illuminate\\Session\\Middleware\\StartSession->handle()
#35 /home/kaperskyguru/Projects/PHPProjects/inscriptions/vendor/laravel/framework/src/Illuminate/Cookie/Middleware/AddQueuedCookiesToResponse.php(37): Illuminate\\Pipeline\\Pipeline->Illuminate\\Pipeline\\{closure}()
#36 /home/kaperskyguru/Projects/PHPProjects/inscriptions/vendor/laravel/framework/src/Illuminate/Pipeline/Pipeline.php(167): Illuminate\\Cookie\\Middleware\\AddQueuedCookiesToResponse->handle()
#37 /home/kaperskyguru/Projects/PHPProjects/inscriptions/vendor/laravel/framework/src/Illuminate/Cookie/Middleware/EncryptCookies.php(67): Illuminate\\Pipeline\\Pipeline->Illuminate\\Pipeline\\{closure}()
#38 /home/kaperskyguru/Projects/PHPProjects/inscriptions/vendor/laravel/framework/src/Illuminate/Pipeline/Pipeline.php(167): Illuminate\\Cookie\\Middleware\\EncryptCookies->handle()
#39 /home/kaperskyguru/Projects/PHPProjects/inscriptions/vendor/laravel/framework/src/Illuminate/Pipeline/Pipeline.php(103): Illuminate\\Pipeline\\Pipeline->Illuminate\\Pipeline\\{closure}()
#40 /home/kaperskyguru/Projects/PHPProjects/inscriptions/vendor/laravel/framework/src/Illuminate/Routing/Router.php(693): Illuminate\\Pipeline\\Pipeline->then()
#41 /home/kaperskyguru/Projects/PHPProjects/inscriptions/vendor/laravel/framework/src/Illuminate/Routing/Router.php(668): Illuminate\\Routing\\Router->runRouteWithinStack()
#42 /home/kaperskyguru/Projects/PHPProjects/inscriptions/vendor/laravel/framework/src/Illuminate/Routing/Router.php(634): Illuminate\\Routing\\Router->runRoute()
#43 /home/kaperskyguru/Projects/PHPProjects/inscriptions/vendor/laravel/framework/src/Illuminate/Routing/Router.php(623): Illuminate\\Routing\\Router->dispatchToRoute()
#44 /home/kaperskyguru/Projects/PHPProjects/inscriptions/vendor/laravel/framework/src/Illuminate/Foundation/Http/Kernel.php(166): Illuminate\\Routing\\Router->dispatch()
#45 /home/kaperskyguru/Projects/PHPProjects/inscriptions/vendor/laravel/framework/src/Illuminate/Pipeline/Pipeline.php(128): Illuminate\\Foundation\\Http\\Kernel->Illuminate\\Foundation\\Http\\{closure}()
#46 /home/kaperskyguru/Projects/PHPProjects/inscriptions/app/Http/Middleware/DomainCheckMiddleware.php(48): Illuminate\\Pipeline\\Pipeline->Illuminate\\Pipeline\\{closure}()
#47 /home/kaperskyguru/Projects/PHPProjects/inscriptions/vendor/laravel/framework/src/Illuminate/Pipeline/Pipeline.php(167): App\\Http\\Middleware\\DomainCheckMiddleware->handle()
#48 /home/kaperskyguru/Projects/PHPProjects/inscriptions/vendor/fideloper/proxy/src/TrustProxies.php(57): Illuminate\\Pipeline\\Pipeline->Illuminate\\Pipeline\\{closure}()
#49 /home/kaperskyguru/Projects/PHPProjects/inscriptions/vendor/laravel/framework/src/Illuminate/Pipeline/Pipeline.php(167): Fideloper\\Proxy\\TrustProxies->handle()
#50 /home/kaperskyguru/Projects/PHPProjects/inscriptions/vendor/laravel/framework/src/Illuminate/Foundation/Http/Middleware/TransformsRequest.php(21): Illuminate\\Pipeline\\Pipeline->Illuminate\\Pipeline\\{closure}()
#51 /home/kaperskyguru/Projects/PHPProjects/inscriptions/vendor/laravel/framework/src/Illuminate/Pipeline/Pipeline.php(167): Illuminate\\Foundation\\Http\\Middleware\\TransformsRequest->handle()
#52 /home/kaperskyguru/Projects/PHPProjects/inscriptions/vendor/laravel/framework/src/Illuminate/Foundation/Http/Middleware/TransformsRequest.php(21): Illuminate\\Pipeline\\Pipeline->Illuminate\\Pipeline\\{closure}()
#53 /home/kaperskyguru/Projects/PHPProjects/inscriptions/vendor/laravel/framework/src/Illuminate/Pipeline/Pipeline.php(167): Illuminate\\Foundation\\Http\\Middleware\\TransformsRequest->handle()
#54 /home/kaperskyguru/Projects/PHPProjects/inscriptions/vendor/laravel/framework/src/Illuminate/Foundation/Http/Middleware/ValidatePostSize.php(27): Illuminate\\Pipeline\\Pipeline->Illuminate\\Pipeline\\{closure}()
#55 /home/kaperskyguru/Projects/PHPProjects/inscriptions/vendor/laravel/framework/src/Illuminate/Pipeline/Pipeline.php(167): Illuminate\\Foundation\\Http\\Middleware\\ValidatePostSize->handle()
#56 /home/kaperskyguru/Projects/PHPProjects/inscriptions/vendor/laravel/framework/src/Illuminate/Foundation/Http/Middleware/PreventRequestsDuringMaintenance.php(87): Illuminate\\Pipeline\\Pipeline->Illuminate\\Pipeline\\{closure}()
#57 /home/kaperskyguru/Projects/PHPProjects/inscriptions/vendor/laravel/framework/src/Illuminate/Pipeline/Pipeline.php(167): Illuminate\\Foundation\\Http\\Middleware\\PreventRequestsDuringMaintenance->handle()
#58 /home/kaperskyguru/Projects/PHPProjects/inscriptions/vendor/laravel/framework/src/Illuminate/Pipeline/Pipeline.php(103): Illuminate\\Pipeline\\Pipeline->Illuminate\\Pipeline\\{closure}()
#59 /home/kaperskyguru/Projects/PHPProjects/inscriptions/vendor/laravel/framework/src/Illuminate/Foundation/Http/Kernel.php(141): Illuminate\\Pipeline\\Pipeline->then()
#60 /home/kaperskyguru/Projects/PHPProjects/inscriptions/vendor/laravel/framework/src/Illuminate/Foundation/Http/Kernel.php(110): Illuminate\\Foundation\\Http\\Kernel->sendRequestThroughRouter()
#61 /home/kaperskyguru/Projects/PHPProjects/inscriptions/public/index.php(55): Illuminate\\Foundation\\Http\\Kernel->handle()
#62 /home/kaperskyguru/Projects/PHPProjects/inscriptions/server.php(21): require_once('/home/kaperskyg...')
#63 {main}
"} 
[2020-10-20 09:28:27] local.ERROR: A non well formed numeric value encountered {"userId":441,"exception":"[object] (ErrorException(code: 0): A non well formed numeric value encountered at /home/kaperskyguru/Projects/PHPProjects/inscriptions/app/Subscription.php:74)
[stacktrace]
#0 /home/kaperskyguru/Projects/PHPProjects/inscriptions/app/Subscription.php(74): Illuminate\\Foundation\\Bootstrap\\HandleExceptions->handleError()
#1 /home/kaperskyguru/Projects/PHPProjects/inscriptions/vendor/laravel/framework/src/Illuminate/Database/Eloquent/Concerns/HasAttributes.php(477): App\\Subscription->getTpsAttribute()
#2 /home/kaperskyguru/Projects/PHPProjects/inscriptions/vendor/laravel/framework/src/Illuminate/Database/Eloquent/Concerns/HasAttributes.php(491): Illuminate\\Database\\Eloquent\\Model->mutateAttribute()
#3 /home/kaperskyguru/Projects/PHPProjects/inscriptions/vendor/laravel/framework/src/Illuminate/Database/Eloquent/Concerns/HasAttributes.php(149): Illuminate\\Database\\Eloquent\\Model->mutateAttributeForArray()
#4 /home/kaperskyguru/Projects/PHPProjects/inscriptions/vendor/laravel/framework/src/Illuminate/Database/Eloquent/Model.php(1166): Illuminate\\Database\\Eloquent\\Model->attributesToArray()
#5 /home/kaperskyguru/Projects/PHPProjects/inscriptions/vendor/laravel/framework/src/Illuminate/Collections/Traits/EnumeratesValues.php(783): Illuminate\\Database\\Eloquent\\Model->toArray()
#6 [internal function]: Illuminate\\Support\\Collection->Illuminate\\Support\\Traits\\{closure}()
#7 /home/kaperskyguru/Projects/PHPProjects/inscriptions/vendor/laravel/framework/src/Illuminate/Collections/Collection.php(630): array_map()
#8 /home/kaperskyguru/Projects/PHPProjects/inscriptions/vendor/laravel/framework/src/Illuminate/Database/Eloquent/Collection.php(276): Illuminate\\Support\\Collection->map()
#9 /home/kaperskyguru/Projects/PHPProjects/inscriptions/vendor/laravel/framework/src/Illuminate/Collections/Traits/EnumeratesValues.php(784): Illuminate\\Database\\Eloquent\\Collection->map()
#10 /home/kaperskyguru/Projects/PHPProjects/inscriptions/vendor/laravel/framework/src/Illuminate/Database/Eloquent/Concerns/HasAttributes.php(291): Illuminate\\Support\\Collection->toArray()
#11 /home/kaperskyguru/Projects/PHPProjects/inscriptions/vendor/laravel/framework/src/Illuminate/Database/Eloquent/Model.php(1166): Illuminate\\Database\\Eloquent\\Model->relationsToArray()
#12 /home/kaperskyguru/Projects/PHPProjects/inscriptions/vendor/laravel/framework/src/Illuminate/Database/Eloquent/Model.php(1195): Illuminate\\Database\\Eloquent\\Model->toArray()
#13 /home/kaperskyguru/Projects/PHPProjects/inscriptions/vendor/laravel/framework/src/Illuminate/Collections/Traits/EnumeratesValues.php(796): Illuminate\\Database\\Eloquent\\Model->jsonSerialize()
#14 [internal function]: Illuminate\\Support\\Collection->Illuminate\\Support\\Traits\\{closure}()
#15 /home/kaperskyguru/Projects/PHPProjects/inscriptions/vendor/laravel/framework/src/Illuminate/Collections/Traits/EnumeratesValues.php(804): array_map()
#16 [internal function]: Illuminate\\Support\\Collection->jsonSerialize()
#17 /home/kaperskyguru/Projects/PHPProjects/inscriptions/vendor/laravel/framework/src/Illuminate/Http/JsonResponse.php(71): json_encode()
#18 /home/kaperskyguru/Projects/PHPProjects/inscriptions/vendor/symfony/http-foundation/JsonResponse.php(50): Illuminate\\Http\\JsonResponse->setData()
#19 /home/kaperskyguru/Projects/PHPProjects/inscriptions/vendor/laravel/framework/src/Illuminate/Http/JsonResponse.php(31): Symfony\\Component\\HttpFoundation\\JsonResponse->__construct()
#20 /home/kaperskyguru/Projects/PHPProjects/inscriptions/vendor/laravel/framework/src/Illuminate/Routing/ResponseFactory.php(99): Illuminate\\Http\\JsonResponse->__construct()
#21 /home/kaperskyguru/Projects/PHPProjects/inscriptions/app/Http/Controllers/Api/AdminController.php(133): Illuminate\\Routing\\ResponseFactory->json()
#22 [internal function]: App\\Http\\Controllers\\Api\\AdminController->event()
#23 /home/kaperskyguru/Projects/PHPProjects/inscriptions/vendor/laravel/framework/src/Illuminate/Routing/Controller.php(54): call_user_func_array()
#24 /home/kaperskyguru/Projects/PHPProjects/inscriptions/vendor/laravel/framework/src/Illuminate/Routing/ControllerDispatcher.php(45): Illuminate\\Routing\\Controller->callAction()
#25 /home/kaperskyguru/Projects/PHPProjects/inscriptions/vendor/laravel/framework/src/Illuminate/Routing/Route.php(255): Illuminate\\Routing\\ControllerDispatcher->dispatch()
#26 /home/kaperskyguru/Projects/PHPProjects/inscriptions/vendor/laravel/framework/src/Illuminate/Routing/Route.php(197): Illuminate\\Routing\\Route->runController()
#27 /home/kaperskyguru/Projects/PHPProjects/inscriptions/vendor/laravel/framework/src/Illuminate/Routing/Router.php(691): Illuminate\\Routing\\Route->run()
#28 /home/kaperskyguru/Projects/PHPProjects/inscriptions/vendor/laravel/framework/src/Illuminate/Pipeline/Pipeline.php(128): Illuminate\\Routing\\Router->Illuminate\\Routing\\{closure}()
#29 /home/kaperskyguru/Projects/PHPProjects/inscriptions/vendor/laravel/framework/src/Illuminate/Routing/Middleware/SubstituteBindings.php(41): Illuminate\\Pipeline\\Pipeline->Illuminate\\Pipeline\\{closure}()
#30 /home/kaperskyguru/Projects/PHPProjects/inscriptions/vendor/laravel/framework/src/Illuminate/Pipeline/Pipeline.php(167): Illuminate\\Routing\\Middleware\\SubstituteBindings->handle()
#31 /home/kaperskyguru/Projects/PHPProjects/inscriptions/app/Http/Middleware/Authenticate.php(18): Illuminate\\Pipeline\\Pipeline->Illuminate\\Pipeline\\{closure}()
#32 /home/kaperskyguru/Projects/PHPProjects/inscriptions/vendor/laravel/framework/src/Illuminate/Pipeline/Pipeline.php(167): App\\Http\\Middleware\\Authenticate->handle()
#33 /home/kaperskyguru/Projects/PHPProjects/inscriptions/app/Http/Middleware/Localization.php(23): Illuminate\\Pipeline\\Pipeline->Illuminate\\Pipeline\\{closure}()
#34 /home/kaperskyguru/Projects/PHPProjects/inscriptions/vendor/laravel/framework/src/Illuminate/Pipeline/Pipeline.php(167): App\\Http\\Middleware\\Localization->handle()
#35 /home/kaperskyguru/Projects/PHPProjects/inscriptions/vendor/laravel/framework/src/Illuminate/Session/Middleware/StartSession.php(121): Illuminate\\Pipeline\\Pipeline->Illuminate\\Pipeline\\{closure}()
#36 /home/kaperskyguru/Projects/PHPProjects/inscriptions/vendor/laravel/framework/src/Illuminate/Session/Middleware/StartSession.php(63): Illuminate\\Session\\Middleware\\StartSession->handleStatefulRequest()
#37 /home/kaperskyguru/Projects/PHPProjects/inscriptions/vendor/laravel/framework/src/Illuminate/Pipeline/Pipeline.php(167): Illuminate\\Session\\Middleware\\StartSession->handle()
#38 /home/kaperskyguru/Projects/PHPProjects/inscriptions/vendor/laravel/framework/src/Illuminate/Cookie/Middleware/AddQueuedCookiesToResponse.php(37): Illuminate\\Pipeline\\Pipeline->Illuminate\\Pipeline\\{closure}()
#39 /home/kaperskyguru/Projects/PHPProjects/inscriptions/vendor/laravel/framework/src/Illuminate/Pipeline/Pipeline.php(167): Illuminate\\Cookie\\Middleware\\AddQueuedCookiesToResponse->handle()
#40 /home/kaperskyguru/Projects/PHPProjects/inscriptions/vendor/laravel/framework/src/Illuminate/Cookie/Middleware/EncryptCookies.php(67): Illuminate\\Pipeline\\Pipeline->Illuminate\\Pipeline\\{closure}()
#41 /home/kaperskyguru/Projects/PHPProjects/inscriptions/vendor/laravel/framework/src/Illuminate/Pipeline/Pipeline.php(167): Illuminate\\Cookie\\Middleware\\EncryptCookies->handle()
#42 /home/kaperskyguru/Projects/PHPProjects/inscriptions/vendor/laravel/framework/src/Illuminate/Pipeline/Pipeline.php(103): Illuminate\\Pipeline\\Pipeline->Illuminate\\Pipeline\\{closure}()
#43 /home/kaperskyguru/Projects/PHPProjects/inscriptions/vendor/laravel/framework/src/Illuminate/Routing/Router.php(693): Illuminate\\Pipeline\\Pipeline->then()
#44 /home/kaperskyguru/Projects/PHPProjects/inscriptions/vendor/laravel/framework/src/Illuminate/Routing/Router.php(668): Illuminate\\Routing\\Router->runRouteWithinStack()
#45 /home/kaperskyguru/Projects/PHPProjects/inscriptions/vendor/laravel/framework/src/Illuminate/Routing/Router.php(634): Illuminate\\Routing\\Router->runRoute()
#46 /home/kaperskyguru/Projects/PHPProjects/inscriptions/vendor/laravel/framework/src/Illuminate/Routing/Router.php(623): Illuminate\\Routing\\Router->dispatchToRoute()
#47 /home/kaperskyguru/Projects/PHPProjects/inscriptions/vendor/laravel/framework/src/Illuminate/Foundation/Http/Kernel.php(166): Illuminate\\Routing\\Router->dispatch()
#48 /home/kaperskyguru/Projects/PHPProjects/inscriptions/vendor/laravel/framework/src/Illuminate/Pipeline/Pipeline.php(128): Illuminate\\Foundation\\Http\\Kernel->Illuminate\\Foundation\\Http\\{closure}()
#49 /home/kaperskyguru/Projects/PHPProjects/inscriptions/app/Http/Middleware/DomainCheckMiddleware.php(48): Illuminate\\Pipeline\\Pipeline->Illuminate\\Pipeline\\{closure}()
#50 /home/kaperskyguru/Projects/PHPProjects/inscriptions/vendor/laravel/framework/src/Illuminate/Pipeline/Pipeline.php(167): App\\Http\\Middleware\\DomainCheckMiddleware->handle()
#51 /home/kaperskyguru/Projects/PHPProjects/inscriptions/vendor/fideloper/proxy/src/TrustProxies.php(57): Illuminate\\Pipeline\\Pipeline->Illuminate\\Pipeline\\{closure}()
#52 /home/kaperskyguru/Projects/PHPProjects/inscriptions/vendor/laravel/framework/src/Illuminate/Pipeline/Pipeline.php(167): Fideloper\\Proxy\\TrustProxies->handle()
#53 /home/kaperskyguru/Projects/PHPProjects/inscriptions/vendor/laravel/framework/src/Illuminate/Foundation/Http/Middleware/TransformsRequest.php(21): Illuminate\\Pipeline\\Pipeline->Illuminate\\Pipeline\\{closure}()
#54 /home/kaperskyguru/Projects/PHPProjects/inscriptions/vendor/laravel/framework/src/Illuminate/Pipeline/Pipeline.php(167): Illuminate\\Foundation\\Http\\Middleware\\TransformsRequest->handle()
#55 /home/kaperskyguru/Projects/PHPProjects/inscriptions/vendor/laravel/framework/src/Illuminate/Foundation/Http/Middleware/TransformsRequest.php(21): Illuminate\\Pipeline\\Pipeline->Illuminate\\Pipeline\\{closure}()
#56 /home/kaperskyguru/Projects/PHPProjects/inscriptions/vendor/laravel/framework/src/Illuminate/Pipeline/Pipeline.php(167): Illuminate\\Foundation\\Http\\Middleware\\TransformsRequest->handle()
#57 /home/kaperskyguru/Projects/PHPProjects/inscriptions/vendor/laravel/framework/src/Illuminate/Foundation/Http/Middleware/ValidatePostSize.php(27): Illuminate\\Pipeline\\Pipeline->Illuminate\\Pipeline\\{closure}()
#58 /home/kaperskyguru/Projects/PHPProjects/inscriptions/vendor/laravel/framework/src/Illuminate/Pipeline/Pipeline.php(167): Illuminate\\Foundation\\Http\\Middleware\\ValidatePostSize->handle()
#59 /home/kaperskyguru/Projects/PHPProjects/inscriptions/vendor/laravel/framework/src/Illuminate/Foundation/Http/Middleware/PreventRequestsDuringMaintenance.php(87): Illuminate\\Pipeline\\Pipeline->Illuminate\\Pipeline\\{closure}()
#60 /home/kaperskyguru/Projects/PHPProjects/inscriptions/vendor/laravel/framework/src/Illuminate/Pipeline/Pipeline.php(167): Illuminate\\Foundation\\Http\\Middleware\\PreventRequestsDuringMaintenance->handle()
#61 /home/kaperskyguru/Projects/PHPProjects/inscriptions/vendor/laravel/framework/src/Illuminate/Pipeline/Pipeline.php(103): Illuminate\\Pipeline\\Pipeline->Illuminate\\Pipeline\\{closure}()
#62 /home/kaperskyguru/Projects/PHPProjects/inscriptions/vendor/laravel/framework/src/Illuminate/Foundation/Http/Kernel.php(141): Illuminate\\Pipeline\\Pipeline->then()
#63 /home/kaperskyguru/Projects/PHPProjects/inscriptions/vendor/laravel/framework/src/Illuminate/Foundation/Http/Kernel.php(110): Illuminate\\Foundation\\Http\\Kernel->sendRequestThroughRouter()
#64 /home/kaperskyguru/Projects/PHPProjects/inscriptions/public/index.php(55): Illuminate\\Foundation\\Http\\Kernel->handle()
#65 /home/kaperskyguru/Projects/PHPProjects/inscriptions/server.php(21): require_once('/home/kaperskyg...')
#66 {main}
"} 
[2020-10-20 09:30:28] local.ERROR: Wrong parameter count for number_format() {"userId":441,"exception":"[object] (ErrorException(code: 0): Wrong parameter count for number_format() at /home/kaperskyguru/Projects/PHPProjects/inscriptions/app/Subscription.php:70)
[stacktrace]
#0 [internal function]: Illuminate\\Foundation\\Bootstrap\\HandleExceptions->handleError()
#1 /home/kaperskyguru/Projects/PHPProjects/inscriptions/app/Subscription.php(70): number_format()
#2 /home/kaperskyguru/Projects/PHPProjects/inscriptions/vendor/laravel/framework/src/Illuminate/Database/Eloquent/Concerns/HasAttributes.php(477): App\\Subscription->getSubTotalAttribute()
#3 /home/kaperskyguru/Projects/PHPProjects/inscriptions/vendor/laravel/framework/src/Illuminate/Database/Eloquent/Concerns/HasAttributes.php(491): Illuminate\\Database\\Eloquent\\Model->mutateAttribute()
#4 /home/kaperskyguru/Projects/PHPProjects/inscriptions/vendor/laravel/framework/src/Illuminate/Database/Eloquent/Concerns/HasAttributes.php(149): Illuminate\\Database\\Eloquent\\Model->mutateAttributeForArray()
#5 /home/kaperskyguru/Projects/PHPProjects/inscriptions/vendor/laravel/framework/src/Illuminate/Database/Eloquent/Model.php(1166): Illuminate\\Database\\Eloquent\\Model->attributesToArray()
#6 /home/kaperskyguru/Projects/PHPProjects/inscriptions/vendor/laravel/framework/src/Illuminate/Collections/Traits/EnumeratesValues.php(783): Illuminate\\Database\\Eloquent\\Model->toArray()
#7 [internal function]: Illuminate\\Support\\Collection->Illuminate\\Support\\Traits\\{closure}()
#8 /home/kaperskyguru/Projects/PHPProjects/inscriptions/vendor/laravel/framework/src/Illuminate/Collections/Collection.php(630): array_map()
#9 /home/kaperskyguru/Projects/PHPProjects/inscriptions/vendor/laravel/framework/src/Illuminate/Database/Eloquent/Collection.php(276): Illuminate\\Support\\Collection->map()
#10 /home/kaperskyguru/Projects/PHPProjects/inscriptions/vendor/laravel/framework/src/Illuminate/Collections/Traits/EnumeratesValues.php(784): Illuminate\\Database\\Eloquent\\Collection->map()
#11 /home/kaperskyguru/Projects/PHPProjects/inscriptions/vendor/laravel/framework/src/Illuminate/Database/Eloquent/Concerns/HasAttributes.php(291): Illuminate\\Support\\Collection->toArray()
#12 /home/kaperskyguru/Projects/PHPProjects/inscriptions/vendor/laravel/framework/src/Illuminate/Database/Eloquent/Model.php(1166): Illuminate\\Database\\Eloquent\\Model->relationsToArray()
#13 /home/kaperskyguru/Projects/PHPProjects/inscriptions/vendor/laravel/framework/src/Illuminate/Database/Eloquent/Model.php(1195): Illuminate\\Database\\Eloquent\\Model->toArray()
#14 /home/kaperskyguru/Projects/PHPProjects/inscriptions/vendor/laravel/framework/src/Illuminate/Collections/Traits/EnumeratesValues.php(796): Illuminate\\Database\\Eloquent\\Model->jsonSerialize()
#15 [internal function]: Illuminate\\Support\\Collection->Illuminate\\Support\\Traits\\{closure}()
#16 /home/kaperskyguru/Projects/PHPProjects/inscriptions/vendor/laravel/framework/src/Illuminate/Collections/Traits/EnumeratesValues.php(804): array_map()
#17 [internal function]: Illuminate\\Support\\Collection->jsonSerialize()
#18 /home/kaperskyguru/Projects/PHPProjects/inscriptions/vendor/laravel/framework/src/Illuminate/Http/JsonResponse.php(71): json_encode()
#19 /home/kaperskyguru/Projects/PHPProjects/inscriptions/vendor/symfony/http-foundation/JsonResponse.php(50): Illuminate\\Http\\JsonResponse->setData()
#20 /home/kaperskyguru/Projects/PHPProjects/inscriptions/vendor/laravel/framework/src/Illuminate/Http/JsonResponse.php(31): Symfony\\Component\\HttpFoundation\\JsonResponse->__construct()
#21 /home/kaperskyguru/Projects/PHPProjects/inscriptions/vendor/laravel/framework/src/Illuminate/Routing/ResponseFactory.php(99): Illuminate\\Http\\JsonResponse->__construct()
#22 /home/kaperskyguru/Projects/PHPProjects/inscriptions/app/Http/Controllers/Api/AdminController.php(133): Illuminate\\Routing\\ResponseFactory->json()
#23 [internal function]: App\\Http\\Controllers\\Api\\AdminController->event()
#24 /home/kaperskyguru/Projects/PHPProjects/inscriptions/vendor/laravel/framework/src/Illuminate/Routing/Controller.php(54): call_user_func_array()
#25 /home/kaperskyguru/Projects/PHPProjects/inscriptions/vendor/laravel/framework/src/Illuminate/Routing/ControllerDispatcher.php(45): Illuminate\\Routing\\Controller->callAction()
#26 /home/kaperskyguru/Projects/PHPProjects/inscriptions/vendor/laravel/framework/src/Illuminate/Routing/Route.php(255): Illuminate\\Routing\\ControllerDispatcher->dispatch()
#27 /home/kaperskyguru/Projects/PHPProjects/inscriptions/vendor/laravel/framework/src/Illuminate/Routing/Route.php(197): Illuminate\\Routing\\Route->runController()
#28 /home/kaperskyguru/Projects/PHPProjects/inscriptions/vendor/laravel/framework/src/Illuminate/Routing/Router.php(691): Illuminate\\Routing\\Route->run()
#29 /home/kaperskyguru/Projects/PHPProjects/inscriptions/vendor/laravel/framework/src/Illuminate/Pipeline/Pipeline.php(128): Illuminate\\Routing\\Router->Illuminate\\Routing\\{closure}()
#30 /home/kaperskyguru/Projects/PHPProjects/inscriptions/vendor/laravel/framework/src/Illuminate/Routing/Middleware/SubstituteBindings.php(41): Illuminate\\Pipeline\\Pipeline->Illuminate\\Pipeline\\{closure}()
#31 /home/kaperskyguru/Projects/PHPProjects/inscriptions/vendor/laravel/framework/src/Illuminate/Pipeline/Pipeline.php(167): Illuminate\\Routing\\Middleware\\SubstituteBindings->handle()
#32 /home/kaperskyguru/Projects/PHPProjects/inscriptions/app/Http/Middleware/Authenticate.php(18): Illuminate\\Pipeline\\Pipeline->Illuminate\\Pipeline\\{closure}()
#33 /home/kaperskyguru/Projects/PHPProjects/inscriptions/vendor/laravel/framework/src/Illuminate/Pipeline/Pipeline.php(167): App\\Http\\Middleware\\Authenticate->handle()
#34 /home/kaperskyguru/Projects/PHPProjects/inscriptions/app/Http/Middleware/Localization.php(23): Illuminate\\Pipeline\\Pipeline->Illuminate\\Pipeline\\{closure}()
#35 /home/kaperskyguru/Projects/PHPProjects/inscriptions/vendor/laravel/framework/src/Illuminate/Pipeline/Pipeline.php(167): App\\Http\\Middleware\\Localization->handle()
#36 /home/kaperskyguru/Projects/PHPProjects/inscriptions/vendor/laravel/framework/src/Illuminate/Session/Middleware/StartSession.php(121): Illuminate\\Pipeline\\Pipeline->Illuminate\\Pipeline\\{closure}()
#37 /home/kaperskyguru/Projects/PHPProjects/inscriptions/vendor/laravel/framework/src/Illuminate/Session/Middleware/StartSession.php(63): Illuminate\\Session\\Middleware\\StartSession->handleStatefulRequest()
#38 /home/kaperskyguru/Projects/PHPProjects/inscriptions/vendor/laravel/framework/src/Illuminate/Pipeline/Pipeline.php(167): Illuminate\\Session\\Middleware\\StartSession->handle()
#39 /home/kaperskyguru/Projects/PHPProjects/inscriptions/vendor/laravel/framework/src/Illuminate/Cookie/Middleware/AddQueuedCookiesToResponse.php(37): Illuminate\\Pipeline\\Pipeline->Illuminate\\Pipeline\\{closure}()
#40 /home/kaperskyguru/Projects/PHPProjects/inscriptions/vendor/laravel/framework/src/Illuminate/Pipeline/Pipeline.php(167): Illuminate\\Cookie\\Middleware\\AddQueuedCookiesToResponse->handle()
#41 /home/kaperskyguru/Projects/PHPProjects/inscriptions/vendor/laravel/framework/src/Illuminate/Cookie/Middleware/EncryptCookies.php(67): Illuminate\\Pipeline\\Pipeline->Illuminate\\Pipeline\\{closure}()
#42 /home/kaperskyguru/Projects/PHPProjects/inscriptions/vendor/laravel/framework/src/Illuminate/Pipeline/Pipeline.php(167): Illuminate\\Cookie\\Middleware\\EncryptCookies->handle()
#43 /home/kaperskyguru/Projects/PHPProjects/inscriptions/vendor/laravel/framework/src/Illuminate/Pipeline/Pipeline.php(103): Illuminate\\Pipeline\\Pipeline->Illuminate\\Pipeline\\{closure}()
#44 /home/kaperskyguru/Projects/PHPProjects/inscriptions/vendor/laravel/framework/src/Illuminate/Routing/Router.php(693): Illuminate\\Pipeline\\Pipeline->then()
#45 /home/kaperskyguru/Projects/PHPProjects/inscriptions/vendor/laravel/framework/src/Illuminate/Routing/Router.php(668): Illuminate\\Routing\\Router->runRouteWithinStack()
#46 /home/kaperskyguru/Projects/PHPProjects/inscriptions/vendor/laravel/framework/src/Illuminate/Routing/Router.php(634): Illuminate\\Routing\\Router->runRoute()
#47 /home/kaperskyguru/Projects/PHPProjects/inscriptions/vendor/laravel/framework/src/Illuminate/Routing/Router.php(623): Illuminate\\Routing\\Router->dispatchToRoute()
#48 /home/kaperskyguru/Projects/PHPProjects/inscriptions/vendor/laravel/framework/src/Illuminate/Foundation/Http/Kernel.php(166): Illuminate\\Routing\\Router->dispatch()
#49 /home/kaperskyguru/Projects/PHPProjects/inscriptions/vendor/laravel/framework/src/Illuminate/Pipeline/Pipeline.php(128): Illuminate\\Foundation\\Http\\Kernel->Illuminate\\Foundation\\Http\\{closure}()
#50 /home/kaperskyguru/Projects/PHPProjects/inscriptions/app/Http/Middleware/DomainCheckMiddleware.php(48): Illuminate\\Pipeline\\Pipeline->Illuminate\\Pipeline\\{closure}()
#51 /home/kaperskyguru/Projects/PHPProjects/inscriptions/vendor/laravel/framework/src/Illuminate/Pipeline/Pipeline.php(167): App\\Http\\Middleware\\DomainCheckMiddleware->handle()
#52 /home/kaperskyguru/Projects/PHPProjects/inscriptions/vendor/fideloper/proxy/src/TrustProxies.php(57): Illuminate\\Pipeline\\Pipeline->Illuminate\\Pipeline\\{closure}()
#53 /home/kaperskyguru/Projects/PHPProjects/inscriptions/vendor/laravel/framework/src/Illuminate/Pipeline/Pipeline.php(167): Fideloper\\Proxy\\TrustProxies->handle()
#54 /home/kaperskyguru/Projects/PHPProjects/inscriptions/vendor/laravel/framework/src/Illuminate/Foundation/Http/Middleware/TransformsRequest.php(21): Illuminate\\Pipeline\\Pipeline->Illuminate\\Pipeline\\{closure}()
#55 /home/kaperskyguru/Projects/PHPProjects/inscriptions/vendor/laravel/framework/src/Illuminate/Pipeline/Pipeline.php(167): Illuminate\\Foundation\\Http\\Middleware\\TransformsRequest->handle()
#56 /home/kaperskyguru/Projects/PHPProjects/inscriptions/vendor/laravel/framework/src/Illuminate/Foundation/Http/Middleware/TransformsRequest.php(21): Illuminate\\Pipeline\\Pipeline->Illuminate\\Pipeline\\{closure}()
#57 /home/kaperskyguru/Projects/PHPProjects/inscriptions/vendor/laravel/framework/src/Illuminate/Pipeline/Pipeline.php(167): Illuminate\\Foundation\\Http\\Middleware\\TransformsRequest->handle()
#58 /home/kaperskyguru/Projects/PHPProjects/inscriptions/vendor/laravel/framework/src/Illuminate/Foundation/Http/Middleware/ValidatePostSize.php(27): Illuminate\\Pipeline\\Pipeline->Illuminate\\Pipeline\\{closure}()
#59 /home/kaperskyguru/Projects/PHPProjects/inscriptions/vendor/laravel/framework/src/Illuminate/Pipeline/Pipeline.php(167): Illuminate\\Foundation\\Http\\Middleware\\ValidatePostSize->handle()
#60 /home/kaperskyguru/Projects/PHPProjects/inscriptions/vendor/laravel/framework/src/Illuminate/Foundation/Http/Middleware/PreventRequestsDuringMaintenance.php(87): Illuminate\\Pipeline\\Pipeline->Illuminate\\Pipeline\\{closure}()
#61 /home/kaperskyguru/Projects/PHPProjects/inscriptions/vendor/laravel/framework/src/Illuminate/Pipeline/Pipeline.php(167): Illuminate\\Foundation\\Http\\Middleware\\PreventRequestsDuringMaintenance->handle()
#62 /home/kaperskyguru/Projects/PHPProjects/inscriptions/vendor/laravel/framework/src/Illuminate/Pipeline/Pipeline.php(103): Illuminate\\Pipeline\\Pipeline->Illuminate\\Pipeline\\{closure}()
#63 /home/kaperskyguru/Projects/PHPProjects/inscriptions/vendor/laravel/framework/src/Illuminate/Foundation/Http/Kernel.php(141): Illuminate\\Pipeline\\Pipeline->then()
#64 /home/kaperskyguru/Projects/PHPProjects/inscriptions/vendor/laravel/framework/src/Illuminate/Foundation/Http/Kernel.php(110): Illuminate\\Foundation\\Http\\Kernel->sendRequestThroughRouter()
#65 /home/kaperskyguru/Projects/PHPProjects/inscriptions/public/index.php(55): Illuminate\\Foundation\\Http\\Kernel->handle()
#66 /home/kaperskyguru/Projects/PHPProjects/inscriptions/server.php(21): require_once('/home/kaperskyg...')
#67 {main}
"} 
[2020-10-20 09:31:14] local.ERROR: A non well formed numeric value encountered {"userId":441,"exception":"[object] (ErrorException(code: 0): A non well formed numeric value encountered at /home/kaperskyguru/Projects/PHPProjects/inscriptions/app/Subscription.php:75)
[stacktrace]
#0 /home/kaperskyguru/Projects/PHPProjects/inscriptions/app/Subscription.php(75): Illuminate\\Foundation\\Bootstrap\\HandleExceptions->handleError()
#1 /home/kaperskyguru/Projects/PHPProjects/inscriptions/vendor/laravel/framework/src/Illuminate/Database/Eloquent/Concerns/HasAttributes.php(477): App\\Subscription->getTpsAttribute()
#2 /home/kaperskyguru/Projects/PHPProjects/inscriptions/vendor/laravel/framework/src/Illuminate/Database/Eloquent/Concerns/HasAttributes.php(491): Illuminate\\Database\\Eloquent\\Model->mutateAttribute()
#3 /home/kaperskyguru/Projects/PHPProjects/inscriptions/vendor/laravel/framework/src/Illuminate/Database/Eloquent/Concerns/HasAttributes.php(149): Illuminate\\Database\\Eloquent\\Model->mutateAttributeForArray()
#4 /home/kaperskyguru/Projects/PHPProjects/inscriptions/vendor/laravel/framework/src/Illuminate/Database/Eloquent/Model.php(1166): Illuminate\\Database\\Eloquent\\Model->attributesToArray()
#5 /home/kaperskyguru/Projects/PHPProjects/inscriptions/vendor/laravel/framework/src/Illuminate/Collections/Traits/EnumeratesValues.php(783): Illuminate\\Database\\Eloquent\\Model->toArray()
#6 [internal function]: Illuminate\\Support\\Collection->Illuminate\\Support\\Traits\\{closure}()
#7 /home/kaperskyguru/Projects/PHPProjects/inscriptions/vendor/laravel/framework/src/Illuminate/Collections/Collection.php(630): array_map()
#8 /home/kaperskyguru/Projects/PHPProjects/inscriptions/vendor/laravel/framework/src/Illuminate/Database/Eloquent/Collection.php(276): Illuminate\\Support\\Collection->map()
#9 /home/kaperskyguru/Projects/PHPProjects/inscriptions/vendor/laravel/framework/src/Illuminate/Collections/Traits/EnumeratesValues.php(784): Illuminate\\Database\\Eloquent\\Collection->map()
#10 /home/kaperskyguru/Projects/PHPProjects/inscriptions/vendor/laravel/framework/src/Illuminate/Database/Eloquent/Concerns/HasAttributes.php(291): Illuminate\\Support\\Collection->toArray()
#11 /home/kaperskyguru/Projects/PHPProjects/inscriptions/vendor/laravel/framework/src/Illuminate/Database/Eloquent/Model.php(1166): Illuminate\\Database\\Eloquent\\Model->relationsToArray()
#12 /home/kaperskyguru/Projects/PHPProjects/inscriptions/vendor/laravel/framework/src/Illuminate/Database/Eloquent/Model.php(1195): Illuminate\\Database\\Eloquent\\Model->toArray()
#13 /home/kaperskyguru/Projects/PHPProjects/inscriptions/vendor/laravel/framework/src/Illuminate/Collections/Traits/EnumeratesValues.php(796): Illuminate\\Database\\Eloquent\\Model->jsonSerialize()
#14 [internal function]: Illuminate\\Support\\Collection->Illuminate\\Support\\Traits\\{closure}()
#15 /home/kaperskyguru/Projects/PHPProjects/inscriptions/vendor/laravel/framework/src/Illuminate/Collections/Traits/EnumeratesValues.php(804): array_map()
#16 [internal function]: Illuminate\\Support\\Collection->jsonSerialize()
#17 /home/kaperskyguru/Projects/PHPProjects/inscriptions/vendor/laravel/framework/src/Illuminate/Http/JsonResponse.php(71): json_encode()
#18 /home/kaperskyguru/Projects/PHPProjects/inscriptions/vendor/symfony/http-foundation/JsonResponse.php(50): Illuminate\\Http\\JsonResponse->setData()
#19 /home/kaperskyguru/Projects/PHPProjects/inscriptions/vendor/laravel/framework/src/Illuminate/Http/JsonResponse.php(31): Symfony\\Component\\HttpFoundation\\JsonResponse->__construct()
#20 /home/kaperskyguru/Projects/PHPProjects/inscriptions/vendor/laravel/framework/src/Illuminate/Routing/ResponseFactory.php(99): Illuminate\\Http\\JsonResponse->__construct()
#21 /home/kaperskyguru/Projects/PHPProjects/inscriptions/app/Http/Controllers/Api/AdminController.php(133): Illuminate\\Routing\\ResponseFactory->json()
#22 [internal function]: App\\Http\\Controllers\\Api\\AdminController->event()
#23 /home/kaperskyguru/Projects/PHPProjects/inscriptions/vendor/laravel/framework/src/Illuminate/Routing/Controller.php(54): call_user_func_array()
#24 /home/kaperskyguru/Projects/PHPProjects/inscriptions/vendor/laravel/framework/src/Illuminate/Routing/ControllerDispatcher.php(45): Illuminate\\Routing\\Controller->callAction()
#25 /home/kaperskyguru/Projects/PHPProjects/inscriptions/vendor/laravel/framework/src/Illuminate/Routing/Route.php(255): Illuminate\\Routing\\ControllerDispatcher->dispatch()
#26 /home/kaperskyguru/Projects/PHPProjects/inscriptions/vendor/laravel/framework/src/Illuminate/Routing/Route.php(197): Illuminate\\Routing\\Route->runController()
#27 /home/kaperskyguru/Projects/PHPProjects/inscriptions/vendor/laravel/framework/src/Illuminate/Routing/Router.php(691): Illuminate\\Routing\\Route->run()
#28 /home/kaperskyguru/Projects/PHPProjects/inscriptions/vendor/laravel/framework/src/Illuminate/Pipeline/Pipeline.php(128): Illuminate\\Routing\\Router->Illuminate\\Routing\\{closure}()
#29 /home/kaperskyguru/Projects/PHPProjects/inscriptions/vendor/laravel/framework/src/Illuminate/Routing/Middleware/SubstituteBindings.php(41): Illuminate\\Pipeline\\Pipeline->Illuminate\\Pipeline\\{closure}()
#30 /home/kaperskyguru/Projects/PHPProjects/inscriptions/vendor/laravel/framework/src/Illuminate/Pipeline/Pipeline.php(167): Illuminate\\Routing\\Middleware\\SubstituteBindings->handle()
#31 /home/kaperskyguru/Projects/PHPProjects/inscriptions/app/Http/Middleware/Authenticate.php(18): Illuminate\\Pipeline\\Pipeline->Illuminate\\Pipeline\\{closure}()
#32 /home/kaperskyguru/Projects/PHPProjects/inscriptions/vendor/laravel/framework/src/Illuminate/Pipeline/Pipeline.php(167): App\\Http\\Middleware\\Authenticate->handle()
#33 /home/kaperskyguru/Projects/PHPProjects/inscriptions/app/Http/Middleware/Localization.php(23): Illuminate\\Pipeline\\Pipeline->Illuminate\\Pipeline\\{closure}()
#34 /home/kaperskyguru/Projects/PHPProjects/inscriptions/vendor/laravel/framework/src/Illuminate/Pipeline/Pipeline.php(167): App\\Http\\Middleware\\Localization->handle()
#35 /home/kaperskyguru/Projects/PHPProjects/inscriptions/vendor/laravel/framework/src/Illuminate/Session/Middleware/StartSession.php(121): Illuminate\\Pipeline\\Pipeline->Illuminate\\Pipeline\\{closure}()
#36 /home/kaperskyguru/Projects/PHPProjects/inscriptions/vendor/laravel/framework/src/Illuminate/Session/Middleware/StartSession.php(63): Illuminate\\Session\\Middleware\\StartSession->handleStatefulRequest()
#37 /home/kaperskyguru/Projects/PHPProjects/inscriptions/vendor/laravel/framework/src/Illuminate/Pipeline/Pipeline.php(167): Illuminate\\Session\\Middleware\\StartSession->handle()
#38 /home/kaperskyguru/Projects/PHPProjects/inscriptions/vendor/laravel/framework/src/Illuminate/Cookie/Middleware/AddQueuedCookiesToResponse.php(37): Illuminate\\Pipeline\\Pipeline->Illuminate\\Pipeline\\{closure}()
#39 /home/kaperskyguru/Projects/PHPProjects/inscriptions/vendor/laravel/framework/src/Illuminate/Pipeline/Pipeline.php(167): Illuminate\\Cookie\\Middleware\\AddQueuedCookiesToResponse->handle()
#40 /home/kaperskyguru/Projects/PHPProjects/inscriptions/vendor/laravel/framework/src/Illuminate/Cookie/Middleware/EncryptCookies.php(67): Illuminate\\Pipeline\\Pipeline->Illuminate\\Pipeline\\{closure}()
#41 /home/kaperskyguru/Projects/PHPProjects/inscriptions/vendor/laravel/framework/src/Illuminate/Pipeline/Pipeline.php(167): Illuminate\\Cookie\\Middleware\\EncryptCookies->handle()
#42 /home/kaperskyguru/Projects/PHPProjects/inscriptions/vendor/laravel/framework/src/Illuminate/Pipeline/Pipeline.php(103): Illuminate\\Pipeline\\Pipeline->Illuminate\\Pipeline\\{closure}()
#43 /home/kaperskyguru/Projects/PHPProjects/inscriptions/vendor/laravel/framework/src/Illuminate/Routing/Router.php(693): Illuminate\\Pipeline\\Pipeline->then()
#44 /home/kaperskyguru/Projects/PHPProjects/inscriptions/vendor/laravel/framework/src/Illuminate/Routing/Router.php(668): Illuminate\\Routing\\Router->runRouteWithinStack()
#45 /home/kaperskyguru/Projects/PHPProjects/inscriptions/vendor/laravel/framework/src/Illuminate/Routing/Router.php(634): Illuminate\\Routing\\Router->runRoute()
#46 /home/kaperskyguru/Projects/PHPProjects/inscriptions/vendor/laravel/framework/src/Illuminate/Routing/Router.php(623): Illuminate\\Routing\\Router->dispatchToRoute()
#47 /home/kaperskyguru/Projects/PHPProjects/inscriptions/vendor/laravel/framework/src/Illuminate/Foundation/Http/Kernel.php(166): Illuminate\\Routing\\Router->dispatch()
#48 /home/kaperskyguru/Projects/PHPProjects/inscriptions/vendor/laravel/framework/src/Illuminate/Pipeline/Pipeline.php(128): Illuminate\\Foundation\\Http\\Kernel->Illuminate\\Foundation\\Http\\{closure}()
#49 /home/kaperskyguru/Projects/PHPProjects/inscriptions/app/Http/Middleware/DomainCheckMiddleware.php(48): Illuminate\\Pipeline\\Pipeline->Illuminate\\Pipeline\\{closure}()
#50 /home/kaperskyguru/Projects/PHPProjects/inscriptions/vendor/laravel/framework/src/Illuminate/Pipeline/Pipeline.php(167): App\\Http\\Middleware\\DomainCheckMiddleware->handle()
#51 /home/kaperskyguru/Projects/PHPProjects/inscriptions/vendor/fideloper/proxy/src/TrustProxies.php(57): Illuminate\\Pipeline\\Pipeline->Illuminate\\Pipeline\\{closure}()
#52 /home/kaperskyguru/Projects/PHPProjects/inscriptions/vendor/laravel/framework/src/Illuminate/Pipeline/Pipeline.php(167): Fideloper\\Proxy\\TrustProxies->handle()
#53 /home/kaperskyguru/Projects/PHPProjects/inscriptions/vendor/laravel/framework/src/Illuminate/Foundation/Http/Middleware/TransformsRequest.php(21): Illuminate\\Pipeline\\Pipeline->Illuminate\\Pipeline\\{closure}()
#54 /home/kaperskyguru/Projects/PHPProjects/inscriptions/vendor/laravel/framework/src/Illuminate/Pipeline/Pipeline.php(167): Illuminate\\Foundation\\Http\\Middleware\\TransformsRequest->handle()
#55 /home/kaperskyguru/Projects/PHPProjects/inscriptions/vendor/laravel/framework/src/Illuminate/Foundation/Http/Middleware/TransformsRequest.php(21): Illuminate\\Pipeline\\Pipeline->Illuminate\\Pipeline\\{closure}()
#56 /home/kaperskyguru/Projects/PHPProjects/inscriptions/vendor/laravel/framework/src/Illuminate/Pipeline/Pipeline.php(167): Illuminate\\Foundation\\Http\\Middleware\\TransformsRequest->handle()
#57 /home/kaperskyguru/Projects/PHPProjects/inscriptions/vendor/laravel/framework/src/Illuminate/Foundation/Http/Middleware/ValidatePostSize.php(27): Illuminate\\Pipeline\\Pipeline->Illuminate\\Pipeline\\{closure}()
#58 /home/kaperskyguru/Projects/PHPProjects/inscriptions/vendor/laravel/framework/src/Illuminate/Pipeline/Pipeline.php(167): Illuminate\\Foundation\\Http\\Middleware\\ValidatePostSize->handle()
#59 /home/kaperskyguru/Projects/PHPProjects/inscriptions/vendor/laravel/framework/src/Illuminate/Foundation/Http/Middleware/PreventRequestsDuringMaintenance.php(87): Illuminate\\Pipeline\\Pipeline->Illuminate\\Pipeline\\{closure}()
#60 /home/kaperskyguru/Projects/PHPProjects/inscriptions/vendor/laravel/framework/src/Illuminate/Pipeline/Pipeline.php(167): Illuminate\\Foundation\\Http\\Middleware\\PreventRequestsDuringMaintenance->handle()
#61 /home/kaperskyguru/Projects/PHPProjects/inscriptions/vendor/laravel/framework/src/Illuminate/Pipeline/Pipeline.php(103): Illuminate\\Pipeline\\Pipeline->Illuminate\\Pipeline\\{closure}()
#62 /home/kaperskyguru/Projects/PHPProjects/inscriptions/vendor/laravel/framework/src/Illuminate/Foundation/Http/Kernel.php(141): Illuminate\\Pipeline\\Pipeline->then()
#63 /home/kaperskyguru/Projects/PHPProjects/inscriptions/vendor/laravel/framework/src/Illuminate/Foundation/Http/Kernel.php(110): Illuminate\\Foundation\\Http\\Kernel->sendRequestThroughRouter()
#64 /home/kaperskyguru/Projects/PHPProjects/inscriptions/public/index.php(55): Illuminate\\Foundation\\Http\\Kernel->handle()
#65 /home/kaperskyguru/Projects/PHPProjects/inscriptions/server.php(21): require_once('/home/kaperskyg...')
#66 {main}
"} 
