[2020-12-03 16:07:24] local.ERROR: Refresh OAuth 2 Access token with Refresh Token failed. Body: [{"error":"invalid_grant"}]. {"userId":441,"exception":"[object] (QuickBooksOnline\\API\\Exception\\ServiceException(code: 400): Refresh OAuth 2 Access token with Refresh Token failed. Body: [{\"error\":\"invalid_grant\"}]. at /Users/solomon/Documents/workspace/PHPProjects/inscriptions/vendor/quickbooks/v3-php-sdk/src/Core/OAuth/OAuth2/OAuth2LoginHelper.php:289)
[stacktrace]
#0 /Users/solomon/Documents/workspace/PHPProjects/inscriptions/app/Services/QuickBookService.php(145): QuickBooksOnline\\API\\Core\\OAuth\\OAuth2\\OAuth2LoginHelper->refreshToken()
#1 /Users/solomon/Documents/workspace/PHPProjects/inscriptions/app/Services/QuickBookService.php(161): App\\Services\\QuickBookService->getDataService()
#2 /Users/solomon/Documents/workspace/PHPProjects/inscriptions/app/Services/QuickBookService.php(111): App\\Services\\QuickBookService->findCustomerByName('Natacha Verette')
#3 /Users/solomon/Documents/workspace/PHPProjects/inscriptions/app/Services/QuickBookService.php(385): App\\Services\\QuickBookService->findOrCreateCustomer(Object(Illuminate\\Http\\Request))
#4 /Users/solomon/Documents/workspace/PHPProjects/inscriptions/app/Services/QuickBookService.php(273): App\\Services\\QuickBookService->generateCreditData(Object(Illuminate\\Http\\Request), Object(Illuminate\\Validation\\Validator))
#5 /Users/solomon/Documents/workspace/PHPProjects/inscriptions/app/Http/Controllers/Api/QuickBooksController.php(292): App\\Services\\QuickBookService->create_creditmemo(Object(Illuminate\\Http\\Request))
#6 [internal function]: App\\Http\\Controllers\\Api\\QuickbooksController->createCreditNotes(Object(Illuminate\\Http\\Request))
#7 /Users/solomon/Documents/workspace/PHPProjects/inscriptions/vendor/laravel/framework/src/Illuminate/Routing/Controller.php(54): call_user_func_array(Array, Array)
#8 /Users/solomon/Documents/workspace/PHPProjects/inscriptions/vendor/laravel/framework/src/Illuminate/Routing/ControllerDispatcher.php(45): Illuminate\\Routing\\Controller->callAction('createCreditNot...', Array)
#9 /Users/solomon/Documents/workspace/PHPProjects/inscriptions/vendor/laravel/framework/src/Illuminate/Routing/Route.php(255): Illuminate\\Routing\\ControllerDispatcher->dispatch(Object(Illuminate\\Routing\\Route), Object(App\\Http\\Controllers\\Api\\QuickbooksController), 'createCreditNot...')
#10 /Users/solomon/Documents/workspace/PHPProjects/inscriptions/vendor/laravel/framework/src/Illuminate/Routing/Route.php(197): Illuminate\\Routing\\Route->runController()
#11 /Users/solomon/Documents/workspace/PHPProjects/inscriptions/vendor/laravel/framework/src/Illuminate/Routing/Router.php(691): Illuminate\\Routing\\Route->run()
#12 /Users/solomon/Documents/workspace/PHPProjects/inscriptions/vendor/laravel/framework/src/Illuminate/Pipeline/Pipeline.php(128): Illuminate\\Routing\\Router->Illuminate\\Routing\\{closure}(Object(Illuminate\\Http\\Request))
#13 /Users/solomon/Documents/workspace/PHPProjects/inscriptions/vendor/laravel/framework/src/Illuminate/Routing/Middleware/SubstituteBindings.php(41): Illuminate\\Pipeline\\Pipeline->Illuminate\\Pipeline\\{closure}(Object(Illuminate\\Http\\Request))
#14 /Users/solomon/Documents/workspace/PHPProjects/inscriptions/vendor/laravel/framework/src/Illuminate/Pipeline/Pipeline.php(167): Illuminate\\Routing\\Middleware\\SubstituteBindings->handle(Object(Illuminate\\Http\\Request), Object(Closure))
#15 /Users/solomon/Documents/workspace/PHPProjects/inscriptions/app/Http/Middleware/Authenticate.php(18): Illuminate\\Pipeline\\Pipeline->Illuminate\\Pipeline\\{closure}(Object(Illuminate\\Http\\Request))
#16 /Users/solomon/Documents/workspace/PHPProjects/inscriptions/vendor/laravel/framework/src/Illuminate/Pipeline/Pipeline.php(167): App\\Http\\Middleware\\Authenticate->handle(Object(Illuminate\\Http\\Request), Object(Closure), 'api')
#17 /Users/solomon/Documents/workspace/PHPProjects/inscriptions/app/Http/Middleware/Localization.php(23): Illuminate\\Pipeline\\Pipeline->Illuminate\\Pipeline\\{closure}(Object(Illuminate\\Http\\Request))
#18 /Users/solomon/Documents/workspace/PHPProjects/inscriptions/vendor/laravel/framework/src/Illuminate/Pipeline/Pipeline.php(167): App\\Http\\Middleware\\Localization->handle(Object(Illuminate\\Http\\Request), Object(Closure))
#19 /Users/solomon/Documents/workspace/PHPProjects/inscriptions/vendor/laravel/framework/src/Illuminate/Session/Middleware/StartSession.php(121): Illuminate\\Pipeline\\Pipeline->Illuminate\\Pipeline\\{closure}(Object(Illuminate\\Http\\Request))
#20 /Users/solomon/Documents/workspace/PHPProjects/inscriptions/vendor/laravel/framework/src/Illuminate/Session/Middleware/StartSession.php(63): Illuminate\\Session\\Middleware\\StartSession->handleStatefulRequest(Object(Illuminate\\Http\\Request), Object(Illuminate\\Session\\Store), Object(Closure))
#21 /Users/solomon/Documents/workspace/PHPProjects/inscriptions/vendor/laravel/framework/src/Illuminate/Pipeline/Pipeline.php(167): Illuminate\\Session\\Middleware\\StartSession->handle(Object(Illuminate\\Http\\Request), Object(Closure))
#22 /Users/solomon/Documents/workspace/PHPProjects/inscriptions/vendor/laravel/framework/src/Illuminate/Cookie/Middleware/AddQueuedCookiesToResponse.php(37): Illuminate\\Pipeline\\Pipeline->Illuminate\\Pipeline\\{closure}(Object(Illuminate\\Http\\Request))
#23 /Users/solomon/Documents/workspace/PHPProjects/inscriptions/vendor/laravel/framework/src/Illuminate/Pipeline/Pipeline.php(167): Illuminate\\Cookie\\Middleware\\AddQueuedCookiesToResponse->handle(Object(Illuminate\\Http\\Request), Object(Closure))
#24 /Users/solomon/Documents/workspace/PHPProjects/inscriptions/vendor/laravel/framework/src/Illuminate/Cookie/Middleware/EncryptCookies.php(67): Illuminate\\Pipeline\\Pipeline->Illuminate\\Pipeline\\{closure}(Object(Illuminate\\Http\\Request))
#25 /Users/solomon/Documents/workspace/PHPProjects/inscriptions/vendor/laravel/framework/src/Illuminate/Pipeline/Pipeline.php(167): Illuminate\\Cookie\\Middleware\\EncryptCookies->handle(Object(Illuminate\\Http\\Request), Object(Closure))
#26 /Users/solomon/Documents/workspace/PHPProjects/inscriptions/vendor/laravel/framework/src/Illuminate/Pipeline/Pipeline.php(103): Illuminate\\Pipeline\\Pipeline->Illuminate\\Pipeline\\{closure}(Object(Illuminate\\Http\\Request))
#27 /Users/solomon/Documents/workspace/PHPProjects/inscriptions/vendor/laravel/framework/src/Illuminate/Routing/Router.php(693): Illuminate\\Pipeline\\Pipeline->then(Object(Closure))
#28 /Users/solomon/Documents/workspace/PHPProjects/inscriptions/vendor/laravel/framework/src/Illuminate/Routing/Router.php(668): Illuminate\\Routing\\Router->runRouteWithinStack(Object(Illuminate\\Routing\\Route), Object(Illuminate\\Http\\Request))
#29 /Users/solomon/Documents/workspace/PHPProjects/inscriptions/vendor/laravel/framework/src/Illuminate/Routing/Router.php(634): Illuminate\\Routing\\Router->runRoute(Object(Illuminate\\Http\\Request), Object(Illuminate\\Routing\\Route))
#30 /Users/solomon/Documents/workspace/PHPProjects/inscriptions/vendor/laravel/framework/src/Illuminate/Routing/Router.php(623): Illuminate\\Routing\\Router->dispatchToRoute(Object(Illuminate\\Http\\Request))
#31 /Users/solomon/Documents/workspace/PHPProjects/inscriptions/vendor/laravel/framework/src/Illuminate/Foundation/Http/Kernel.php(166): Illuminate\\Routing\\Router->dispatch(Object(Illuminate\\Http\\Request))
#32 /Users/solomon/Documents/workspace/PHPProjects/inscriptions/vendor/laravel/framework/src/Illuminate/Pipeline/Pipeline.php(128): Illuminate\\Foundation\\Http\\Kernel->Illuminate\\Foundation\\Http\\{closure}(Object(Illuminate\\Http\\Request))
#33 /Users/solomon/Documents/workspace/PHPProjects/inscriptions/app/Http/Middleware/DomainCheckMiddleware.php(48): Illuminate\\Pipeline\\Pipeline->Illuminate\\Pipeline\\{closure}(Object(Illuminate\\Http\\Request))
#34 /Users/solomon/Documents/workspace/PHPProjects/inscriptions/vendor/laravel/framework/src/Illuminate/Pipeline/Pipeline.php(167): App\\Http\\Middleware\\DomainCheckMiddleware->handle(Object(Illuminate\\Http\\Request), Object(Closure))
#35 /Users/solomon/Documents/workspace/PHPProjects/inscriptions/vendor/fideloper/proxy/src/TrustProxies.php(57): Illuminate\\Pipeline\\Pipeline->Illuminate\\Pipeline\\{closure}(Object(Illuminate\\Http\\Request))
#36 /Users/solomon/Documents/workspace/PHPProjects/inscriptions/vendor/laravel/framework/src/Illuminate/Pipeline/Pipeline.php(167): Fideloper\\Proxy\\TrustProxies->handle(Object(Illuminate\\Http\\Request), Object(Closure))
#37 /Users/solomon/Documents/workspace/PHPProjects/inscriptions/vendor/laravel/framework/src/Illuminate/Foundation/Http/Middleware/TransformsRequest.php(21): Illuminate\\Pipeline\\Pipeline->Illuminate\\Pipeline\\{closure}(Object(Illuminate\\Http\\Request))
#38 /Users/solomon/Documents/workspace/PHPProjects/inscriptions/vendor/laravel/framework/src/Illuminate/Pipeline/Pipeline.php(167): Illuminate\\Foundation\\Http\\Middleware\\TransformsRequest->handle(Object(Illuminate\\Http\\Request), Object(Closure))
#39 /Users/solomon/Documents/workspace/PHPProjects/inscriptions/vendor/laravel/framework/src/Illuminate/Foundation/Http/Middleware/TransformsRequest.php(21): Illuminate\\Pipeline\\Pipeline->Illuminate\\Pipeline\\{closure}(Object(Illuminate\\Http\\Request))
#40 /Users/solomon/Documents/workspace/PHPProjects/inscriptions/vendor/laravel/framework/src/Illuminate/Pipeline/Pipeline.php(167): Illuminate\\Foundation\\Http\\Middleware\\TransformsRequest->handle(Object(Illuminate\\Http\\Request), Object(Closure))
#41 /Users/solomon/Documents/workspace/PHPProjects/inscriptions/vendor/laravel/framework/src/Illuminate/Foundation/Http/Middleware/ValidatePostSize.php(27): Illuminate\\Pipeline\\Pipeline->Illuminate\\Pipeline\\{closure}(Object(Illuminate\\Http\\Request))
#42 /Users/solomon/Documents/workspace/PHPProjects/inscriptions/vendor/laravel/framework/src/Illuminate/Pipeline/Pipeline.php(167): Illuminate\\Foundation\\Http\\Middleware\\ValidatePostSize->handle(Object(Illuminate\\Http\\Request), Object(Closure))
#43 /Users/solomon/Documents/workspace/PHPProjects/inscriptions/vendor/laravel/framework/src/Illuminate/Foundation/Http/Middleware/PreventRequestsDuringMaintenance.php(87): Illuminate\\Pipeline\\Pipeline->Illuminate\\Pipeline\\{closure}(Object(Illuminate\\Http\\Request))
#44 /Users/solomon/Documents/workspace/PHPProjects/inscriptions/vendor/laravel/framework/src/Illuminate/Pipeline/Pipeline.php(167): Illuminate\\Foundation\\Http\\Middleware\\PreventRequestsDuringMaintenance->handle(Object(Illuminate\\Http\\Request), Object(Closure))
#45 /Users/solomon/Documents/workspace/PHPProjects/inscriptions/vendor/laravel/framework/src/Illuminate/Pipeline/Pipeline.php(103): Illuminate\\Pipeline\\Pipeline->Illuminate\\Pipeline\\{closure}(Object(Illuminate\\Http\\Request))
#46 /Users/solomon/Documents/workspace/PHPProjects/inscriptions/vendor/laravel/framework/src/Illuminate/Foundation/Http/Kernel.php(141): Illuminate\\Pipeline\\Pipeline->then(Object(Closure))
#47 /Users/solomon/Documents/workspace/PHPProjects/inscriptions/vendor/laravel/framework/src/Illuminate/Foundation/Http/Kernel.php(110): Illuminate\\Foundation\\Http\\Kernel->sendRequestThroughRouter(Object(Illuminate\\Http\\Request))
#48 /Users/solomon/Documents/workspace/PHPProjects/inscriptions/public/index.php(55): Illuminate\\Foundation\\Http\\Kernel->handle(Object(Illuminate\\Http\\Request))
#49 /Users/solomon/Documents/workspace/PHPProjects/inscriptions/server.php(21): require_once('/Users/solomon/...')
#50 {main}
"} 
