[2020-10-07 14:29:57] local.ERROR: Class 'App\Services\Payment' not found {"exception":"[object] (Error(code: 0): Class 'App\\Services\\Payment' not found at /home/kaperskyguru/Projects/PHPProjects/inscriptions/app/Services/QuickBookService.php:301)
[stacktrace]
#0 /home/kaperskyguru/Projects/PHPProjects/inscriptions/app/Services/QuickBookService.php(292): App\\Services\\QuickBookService->storePayments()
#1 /home/kaperskyguru/Projects/PHPProjects/inscriptions/app/Http/Controllers/SpaController.php(25): App\\Services\\QuickBookService->get_daily_payments()
#2 [internal function]: App\\Http\\Controllers\\SpaController->index()
#3 /home/kaperskyguru/Projects/PHPProjects/inscriptions/vendor/laravel/framework/src/Illuminate/Routing/Controller.php(54): call_user_func_array()
#4 /home/kaperskyguru/Projects/PHPProjects/inscriptions/vendor/laravel/framework/src/Illuminate/Routing/ControllerDispatcher.php(45): Illuminate\\Routing\\Controller->callAction()
#5 /home/kaperskyguru/Projects/PHPProjects/inscriptions/vendor/laravel/framework/src/Illuminate/Routing/Route.php(255): Illuminate\\Routing\\ControllerDispatcher->dispatch()
#6 /home/kaperskyguru/Projects/PHPProjects/inscriptions/vendor/laravel/framework/src/Illuminate/Routing/Route.php(197): Illuminate\\Routing\\Route->runController()
#7 /home/kaperskyguru/Projects/PHPProjects/inscriptions/vendor/laravel/framework/src/Illuminate/Routing/Router.php(691): Illuminate\\Routing\\Route->run()
#8 /home/kaperskyguru/Projects/PHPProjects/inscriptions/vendor/laravel/framework/src/Illuminate/Pipeline/Pipeline.php(128): Illuminate\\Routing\\Router->Illuminate\\Routing\\{closure}()
#9 /home/kaperskyguru/Projects/PHPProjects/inscriptions/vendor/laravel/framework/src/Illuminate/Routing/Middleware/SubstituteBindings.php(41): Illuminate\\Pipeline\\Pipeline->Illuminate\\Pipeline\\{closure}()
#10 /home/kaperskyguru/Projects/PHPProjects/inscriptions/vendor/laravel/framework/src/Illuminate/Pipeline/Pipeline.php(167): Illuminate\\Routing\\Middleware\\SubstituteBindings->handle()
#11 /home/kaperskyguru/Projects/PHPProjects/inscriptions/vendor/laravel/framework/src/Illuminate/Foundation/Http/Middleware/VerifyCsrfToken.php(77): Illuminate\\Pipeline\\Pipeline->Illuminate\\Pipeline\\{closure}()
#12 /home/kaperskyguru/Projects/PHPProjects/inscriptions/vendor/laravel/framework/src/Illuminate/Pipeline/Pipeline.php(167): Illuminate\\Foundation\\Http\\Middleware\\VerifyCsrfToken->handle()
#13 /home/kaperskyguru/Projects/PHPProjects/inscriptions/vendor/laravel/framework/src/Illuminate/View/Middleware/ShareErrorsFromSession.php(49): Illuminate\\Pipeline\\Pipeline->Illuminate\\Pipeline\\{closure}()
#14 /home/kaperskyguru/Projects/PHPProjects/inscriptions/vendor/laravel/framework/src/Illuminate/Pipeline/Pipeline.php(167): Illuminate\\View\\Middleware\\ShareErrorsFromSession->handle()
#15 /home/kaperskyguru/Projects/PHPProjects/inscriptions/vendor/laravel/framework/src/Illuminate/Session/Middleware/StartSession.php(121): Illuminate\\Pipeline\\Pipeline->Illuminate\\Pipeline\\{closure}()
#16 /home/kaperskyguru/Projects/PHPProjects/inscriptions/vendor/laravel/framework/src/Illuminate/Session/Middleware/StartSession.php(63): Illuminate\\Session\\Middleware\\StartSession->handleStatefulRequest()
#17 /home/kaperskyguru/Projects/PHPProjects/inscriptions/vendor/laravel/framework/src/Illuminate/Pipeline/Pipeline.php(167): Illuminate\\Session\\Middleware\\StartSession->handle()
#18 /home/kaperskyguru/Projects/PHPProjects/inscriptions/vendor/laravel/framework/src/Illuminate/Cookie/Middleware/AddQueuedCookiesToResponse.php(37): Illuminate\\Pipeline\\Pipeline->Illuminate\\Pipeline\\{closure}()
#19 /home/kaperskyguru/Projects/PHPProjects/inscriptions/vendor/laravel/framework/src/Illuminate/Pipeline/Pipeline.php(167): Illuminate\\Cookie\\Middleware\\AddQueuedCookiesToResponse->handle()
#20 /home/kaperskyguru/Projects/PHPProjects/inscriptions/vendor/laravel/framework/src/Illuminate/Cookie/Middleware/EncryptCookies.php(67): Illuminate\\Pipeline\\Pipeline->Illuminate\\Pipeline\\{closure}()
#21 /home/kaperskyguru/Projects/PHPProjects/inscriptions/vendor/laravel/framework/src/Illuminate/Pipeline/Pipeline.php(167): Illuminate\\Cookie\\Middleware\\EncryptCookies->handle()
#22 /home/kaperskyguru/Projects/PHPProjects/inscriptions/vendor/laravel/framework/src/Illuminate/Pipeline/Pipeline.php(103): Illuminate\\Pipeline\\Pipeline->Illuminate\\Pipeline\\{closure}()
#23 /home/kaperskyguru/Projects/PHPProjects/inscriptions/vendor/laravel/framework/src/Illuminate/Routing/Router.php(693): Illuminate\\Pipeline\\Pipeline->then()
#24 /home/kaperskyguru/Projects/PHPProjects/inscriptions/vendor/laravel/framework/src/Illuminate/Routing/Router.php(668): Illuminate\\Routing\\Router->runRouteWithinStack()
#25 /home/kaperskyguru/Projects/PHPProjects/inscriptions/vendor/laravel/framework/src/Illuminate/Routing/Router.php(634): Illuminate\\Routing\\Router->runRoute()
#26 /home/kaperskyguru/Projects/PHPProjects/inscriptions/vendor/laravel/framework/src/Illuminate/Routing/Router.php(623): Illuminate\\Routing\\Router->dispatchToRoute()
#27 /home/kaperskyguru/Projects/PHPProjects/inscriptions/vendor/laravel/framework/src/Illuminate/Foundation/Http/Kernel.php(166): Illuminate\\Routing\\Router->dispatch()
#28 /home/kaperskyguru/Projects/PHPProjects/inscriptions/vendor/laravel/framework/src/Illuminate/Pipeline/Pipeline.php(128): Illuminate\\Foundation\\Http\\Kernel->Illuminate\\Foundation\\Http\\{closure}()
#29 /home/kaperskyguru/Projects/PHPProjects/inscriptions/app/Http/Middleware/DomainCheckMiddleware.php(48): Illuminate\\Pipeline\\Pipeline->Illuminate\\Pipeline\\{closure}()
#30 /home/kaperskyguru/Projects/PHPProjects/inscriptions/vendor/laravel/framework/src/Illuminate/Pipeline/Pipeline.php(167): App\\Http\\Middleware\\DomainCheckMiddleware->handle()
#31 /home/kaperskyguru/Projects/PHPProjects/inscriptions/vendor/fideloper/proxy/src/TrustProxies.php(57): Illuminate\\Pipeline\\Pipeline->Illuminate\\Pipeline\\{closure}()
#32 /home/kaperskyguru/Projects/PHPProjects/inscriptions/vendor/laravel/framework/src/Illuminate/Pipeline/Pipeline.php(167): Fideloper\\Proxy\\TrustProxies->handle()
#33 /home/kaperskyguru/Projects/PHPProjects/inscriptions/vendor/laravel/framework/src/Illuminate/Foundation/Http/Middleware/TransformsRequest.php(21): Illuminate\\Pipeline\\Pipeline->Illuminate\\Pipeline\\{closure}()
#34 /home/kaperskyguru/Projects/PHPProjects/inscriptions/vendor/laravel/framework/src/Illuminate/Pipeline/Pipeline.php(167): Illuminate\\Foundation\\Http\\Middleware\\TransformsRequest->handle()
#35 /home/kaperskyguru/Projects/PHPProjects/inscriptions/vendor/laravel/framework/src/Illuminate/Foundation/Http/Middleware/TransformsRequest.php(21): Illuminate\\Pipeline\\Pipeline->Illuminate\\Pipeline\\{closure}()
#36 /home/kaperskyguru/Projects/PHPProjects/inscriptions/vendor/laravel/framework/src/Illuminate/Pipeline/Pipeline.php(167): Illuminate\\Foundation\\Http\\Middleware\\TransformsRequest->handle()
#37 /home/kaperskyguru/Projects/PHPProjects/inscriptions/vendor/laravel/framework/src/Illuminate/Foundation/Http/Middleware/ValidatePostSize.php(27): Illuminate\\Pipeline\\Pipeline->Illuminate\\Pipeline\\{closure}()
#38 /home/kaperskyguru/Projects/PHPProjects/inscriptions/vendor/laravel/framework/src/Illuminate/Pipeline/Pipeline.php(167): Illuminate\\Foundation\\Http\\Middleware\\ValidatePostSize->handle()
#39 /home/kaperskyguru/Projects/PHPProjects/inscriptions/vendor/laravel/framework/src/Illuminate/Foundation/Http/Middleware/PreventRequestsDuringMaintenance.php(87): Illuminate\\Pipeline\\Pipeline->Illuminate\\Pipeline\\{closure}()
#40 /home/kaperskyguru/Projects/PHPProjects/inscriptions/vendor/laravel/framework/src/Illuminate/Pipeline/Pipeline.php(167): Illuminate\\Foundation\\Http\\Middleware\\PreventRequestsDuringMaintenance->handle()
#41 /home/kaperskyguru/Projects/PHPProjects/inscriptions/vendor/laravel/framework/src/Illuminate/Pipeline/Pipeline.php(103): Illuminate\\Pipeline\\Pipeline->Illuminate\\Pipeline\\{closure}()
#42 /home/kaperskyguru/Projects/PHPProjects/inscriptions/vendor/laravel/framework/src/Illuminate/Foundation/Http/Kernel.php(141): Illuminate\\Pipeline\\Pipeline->then()
#43 /home/kaperskyguru/Projects/PHPProjects/inscriptions/vendor/laravel/framework/src/Illuminate/Foundation/Http/Kernel.php(110): Illuminate\\Foundation\\Http\\Kernel->sendRequestThroughRouter()
#44 /home/kaperskyguru/Projects/PHPProjects/inscriptions/public/index.php(55): Illuminate\\Foundation\\Http\\Kernel->handle()
#45 /home/kaperskyguru/Projects/PHPProjects/inscriptions/server.php(21): require_once('/home/kaperskyg...')
#46 {main}
"} 
[2020-10-07 14:30:34] local.ERROR: Trying to get property 'LinkedTxn' of non-object {"exception":"[object] (ErrorException(code: 0): Trying to get property 'LinkedTxn' of non-object at /home/kaperskyguru/Projects/PHPProjects/inscriptions/app/Services/QuickBookService.php:304)
[stacktrace]
#0 /home/kaperskyguru/Projects/PHPProjects/inscriptions/app/Services/QuickBookService.php(304): Illuminate\\Foundation\\Bootstrap\\HandleExceptions->handleError()
#1 /home/kaperskyguru/Projects/PHPProjects/inscriptions/app/Services/QuickBookService.php(293): App\\Services\\QuickBookService->storePayments()
#2 /home/kaperskyguru/Projects/PHPProjects/inscriptions/app/Http/Controllers/SpaController.php(25): App\\Services\\QuickBookService->get_daily_payments()
#3 [internal function]: App\\Http\\Controllers\\SpaController->index()
#4 /home/kaperskyguru/Projects/PHPProjects/inscriptions/vendor/laravel/framework/src/Illuminate/Routing/Controller.php(54): call_user_func_array()
#5 /home/kaperskyguru/Projects/PHPProjects/inscriptions/vendor/laravel/framework/src/Illuminate/Routing/ControllerDispatcher.php(45): Illuminate\\Routing\\Controller->callAction()
#6 /home/kaperskyguru/Projects/PHPProjects/inscriptions/vendor/laravel/framework/src/Illuminate/Routing/Route.php(255): Illuminate\\Routing\\ControllerDispatcher->dispatch()
#7 /home/kaperskyguru/Projects/PHPProjects/inscriptions/vendor/laravel/framework/src/Illuminate/Routing/Route.php(197): Illuminate\\Routing\\Route->runController()
#8 /home/kaperskyguru/Projects/PHPProjects/inscriptions/vendor/laravel/framework/src/Illuminate/Routing/Router.php(691): Illuminate\\Routing\\Route->run()
#9 /home/kaperskyguru/Projects/PHPProjects/inscriptions/vendor/laravel/framework/src/Illuminate/Pipeline/Pipeline.php(128): Illuminate\\Routing\\Router->Illuminate\\Routing\\{closure}()
#10 /home/kaperskyguru/Projects/PHPProjects/inscriptions/vendor/laravel/framework/src/Illuminate/Routing/Middleware/SubstituteBindings.php(41): Illuminate\\Pipeline\\Pipeline->Illuminate\\Pipeline\\{closure}()
#11 /home/kaperskyguru/Projects/PHPProjects/inscriptions/vendor/laravel/framework/src/Illuminate/Pipeline/Pipeline.php(167): Illuminate\\Routing\\Middleware\\SubstituteBindings->handle()
#12 /home/kaperskyguru/Projects/PHPProjects/inscriptions/vendor/laravel/framework/src/Illuminate/Foundation/Http/Middleware/VerifyCsrfToken.php(77): Illuminate\\Pipeline\\Pipeline->Illuminate\\Pipeline\\{closure}()
#13 /home/kaperskyguru/Projects/PHPProjects/inscriptions/vendor/laravel/framework/src/Illuminate/Pipeline/Pipeline.php(167): Illuminate\\Foundation\\Http\\Middleware\\VerifyCsrfToken->handle()
#14 /home/kaperskyguru/Projects/PHPProjects/inscriptions/vendor/laravel/framework/src/Illuminate/View/Middleware/ShareErrorsFromSession.php(49): Illuminate\\Pipeline\\Pipeline->Illuminate\\Pipeline\\{closure}()
#15 /home/kaperskyguru/Projects/PHPProjects/inscriptions/vendor/laravel/framework/src/Illuminate/Pipeline/Pipeline.php(167): Illuminate\\View\\Middleware\\ShareErrorsFromSession->handle()
#16 /home/kaperskyguru/Projects/PHPProjects/inscriptions/vendor/laravel/framework/src/Illuminate/Session/Middleware/StartSession.php(121): Illuminate\\Pipeline\\Pipeline->Illuminate\\Pipeline\\{closure}()
#17 /home/kaperskyguru/Projects/PHPProjects/inscriptions/vendor/laravel/framework/src/Illuminate/Session/Middleware/StartSession.php(63): Illuminate\\Session\\Middleware\\StartSession->handleStatefulRequest()
#18 /home/kaperskyguru/Projects/PHPProjects/inscriptions/vendor/laravel/framework/src/Illuminate/Pipeline/Pipeline.php(167): Illuminate\\Session\\Middleware\\StartSession->handle()
#19 /home/kaperskyguru/Projects/PHPProjects/inscriptions/vendor/laravel/framework/src/Illuminate/Cookie/Middleware/AddQueuedCookiesToResponse.php(37): Illuminate\\Pipeline\\Pipeline->Illuminate\\Pipeline\\{closure}()
#20 /home/kaperskyguru/Projects/PHPProjects/inscriptions/vendor/laravel/framework/src/Illuminate/Pipeline/Pipeline.php(167): Illuminate\\Cookie\\Middleware\\AddQueuedCookiesToResponse->handle()
#21 /home/kaperskyguru/Projects/PHPProjects/inscriptions/vendor/laravel/framework/src/Illuminate/Cookie/Middleware/EncryptCookies.php(67): Illuminate\\Pipeline\\Pipeline->Illuminate\\Pipeline\\{closure}()
#22 /home/kaperskyguru/Projects/PHPProjects/inscriptions/vendor/laravel/framework/src/Illuminate/Pipeline/Pipeline.php(167): Illuminate\\Cookie\\Middleware\\EncryptCookies->handle()
#23 /home/kaperskyguru/Projects/PHPProjects/inscriptions/vendor/laravel/framework/src/Illuminate/Pipeline/Pipeline.php(103): Illuminate\\Pipeline\\Pipeline->Illuminate\\Pipeline\\{closure}()
#24 /home/kaperskyguru/Projects/PHPProjects/inscriptions/vendor/laravel/framework/src/Illuminate/Routing/Router.php(693): Illuminate\\Pipeline\\Pipeline->then()
#25 /home/kaperskyguru/Projects/PHPProjects/inscriptions/vendor/laravel/framework/src/Illuminate/Routing/Router.php(668): Illuminate\\Routing\\Router->runRouteWithinStack()
#26 /home/kaperskyguru/Projects/PHPProjects/inscriptions/vendor/laravel/framework/src/Illuminate/Routing/Router.php(634): Illuminate\\Routing\\Router->runRoute()
#27 /home/kaperskyguru/Projects/PHPProjects/inscriptions/vendor/laravel/framework/src/Illuminate/Routing/Router.php(623): Illuminate\\Routing\\Router->dispatchToRoute()
#28 /home/kaperskyguru/Projects/PHPProjects/inscriptions/vendor/laravel/framework/src/Illuminate/Foundation/Http/Kernel.php(166): Illuminate\\Routing\\Router->dispatch()
#29 /home/kaperskyguru/Projects/PHPProjects/inscriptions/vendor/laravel/framework/src/Illuminate/Pipeline/Pipeline.php(128): Illuminate\\Foundation\\Http\\Kernel->Illuminate\\Foundation\\Http\\{closure}()
#30 /home/kaperskyguru/Projects/PHPProjects/inscriptions/app/Http/Middleware/DomainCheckMiddleware.php(48): Illuminate\\Pipeline\\Pipeline->Illuminate\\Pipeline\\{closure}()
#31 /home/kaperskyguru/Projects/PHPProjects/inscriptions/vendor/laravel/framework/src/Illuminate/Pipeline/Pipeline.php(167): App\\Http\\Middleware\\DomainCheckMiddleware->handle()
#32 /home/kaperskyguru/Projects/PHPProjects/inscriptions/vendor/fideloper/proxy/src/TrustProxies.php(57): Illuminate\\Pipeline\\Pipeline->Illuminate\\Pipeline\\{closure}()
#33 /home/kaperskyguru/Projects/PHPProjects/inscriptions/vendor/laravel/framework/src/Illuminate/Pipeline/Pipeline.php(167): Fideloper\\Proxy\\TrustProxies->handle()
#34 /home/kaperskyguru/Projects/PHPProjects/inscriptions/vendor/laravel/framework/src/Illuminate/Foundation/Http/Middleware/TransformsRequest.php(21): Illuminate\\Pipeline\\Pipeline->Illuminate\\Pipeline\\{closure}()
#35 /home/kaperskyguru/Projects/PHPProjects/inscriptions/vendor/laravel/framework/src/Illuminate/Pipeline/Pipeline.php(167): Illuminate\\Foundation\\Http\\Middleware\\TransformsRequest->handle()
#36 /home/kaperskyguru/Projects/PHPProjects/inscriptions/vendor/laravel/framework/src/Illuminate/Foundation/Http/Middleware/TransformsRequest.php(21): Illuminate\\Pipeline\\Pipeline->Illuminate\\Pipeline\\{closure}()
#37 /home/kaperskyguru/Projects/PHPProjects/inscriptions/vendor/laravel/framework/src/Illuminate/Pipeline/Pipeline.php(167): Illuminate\\Foundation\\Http\\Middleware\\TransformsRequest->handle()
#38 /home/kaperskyguru/Projects/PHPProjects/inscriptions/vendor/laravel/framework/src/Illuminate/Foundation/Http/Middleware/ValidatePostSize.php(27): Illuminate\\Pipeline\\Pipeline->Illuminate\\Pipeline\\{closure}()
#39 /home/kaperskyguru/Projects/PHPProjects/inscriptions/vendor/laravel/framework/src/Illuminate/Pipeline/Pipeline.php(167): Illuminate\\Foundation\\Http\\Middleware\\ValidatePostSize->handle()
#40 /home/kaperskyguru/Projects/PHPProjects/inscriptions/vendor/laravel/framework/src/Illuminate/Foundation/Http/Middleware/PreventRequestsDuringMaintenance.php(87): Illuminate\\Pipeline\\Pipeline->Illuminate\\Pipeline\\{closure}()
#41 /home/kaperskyguru/Projects/PHPProjects/inscriptions/vendor/laravel/framework/src/Illuminate/Pipeline/Pipeline.php(167): Illuminate\\Foundation\\Http\\Middleware\\PreventRequestsDuringMaintenance->handle()
#42 /home/kaperskyguru/Projects/PHPProjects/inscriptions/vendor/laravel/framework/src/Illuminate/Pipeline/Pipeline.php(103): Illuminate\\Pipeline\\Pipeline->Illuminate\\Pipeline\\{closure}()
#43 /home/kaperskyguru/Projects/PHPProjects/inscriptions/vendor/laravel/framework/src/Illuminate/Foundation/Http/Kernel.php(141): Illuminate\\Pipeline\\Pipeline->then()
#44 /home/kaperskyguru/Projects/PHPProjects/inscriptions/vendor/laravel/framework/src/Illuminate/Foundation/Http/Kernel.php(110): Illuminate\\Foundation\\Http\\Kernel->sendRequestThroughRouter()
#45 /home/kaperskyguru/Projects/PHPProjects/inscriptions/public/index.php(55): Illuminate\\Foundation\\Http\\Kernel->handle()
#46 /home/kaperskyguru/Projects/PHPProjects/inscriptions/server.php(21): require_once('/home/kaperskyg...')
#47 {main}
"} 
[2020-10-07 14:48:32] local.ERROR: SQLSTATE[23000]: Integrity constraint violation: 1452 Cannot add or update a child row: a foreign key constraint fails (`lesprod1_htf_registrations`.`payments`, CONSTRAINT `payments_subscription_id_foreign` FOREIGN KEY (`subscription_id`) REFERENCES `subscriptions` (`id`) ON DELETE CASCADE) (SQL: insert into `payments` (`note`, `payment_type_id`, `subscription_id`, `receive_on`, `amount`, `updated_at`, `created_at`) values (, 2, 0, 2020-10-07, 100.05, 2020-10-07 14:48:32, 2020-10-07 14:48:32)) {"exception":"[object] (Illuminate\\Database\\QueryException(code: 23000): SQLSTATE[23000]: Integrity constraint violation: 1452 Cannot add or update a child row: a foreign key constraint fails (`lesprod1_htf_registrations`.`payments`, CONSTRAINT `payments_subscription_id_foreign` FOREIGN KEY (`subscription_id`) REFERENCES `subscriptions` (`id`) ON DELETE CASCADE) (SQL: insert into `payments` (`note`, `payment_type_id`, `subscription_id`, `receive_on`, `amount`, `updated_at`, `created_at`) values (, 2, 0, 2020-10-07, 100.05, 2020-10-07 14:48:32, 2020-10-07 14:48:32)) at /home/kaperskyguru/Projects/PHPProjects/inscriptions/vendor/laravel/framework/src/Illuminate/Database/Connection.php:671)
[stacktrace]
#0 /home/kaperskyguru/Projects/PHPProjects/inscriptions/vendor/laravel/framework/src/Illuminate/Database/Connection.php(631): Illuminate\\Database\\Connection->runQueryCallback()
#1 /home/kaperskyguru/Projects/PHPProjects/inscriptions/vendor/laravel/framework/src/Illuminate/Database/Connection.php(465): Illuminate\\Database\\Connection->run()
#2 /home/kaperskyguru/Projects/PHPProjects/inscriptions/vendor/laravel/framework/src/Illuminate/Database/Connection.php(417): Illuminate\\Database\\Connection->statement()
#3 /home/kaperskyguru/Projects/PHPProjects/inscriptions/vendor/laravel/framework/src/Illuminate/Database/Query/Processors/Processor.php(32): Illuminate\\Database\\Connection->insert()
#4 /home/kaperskyguru/Projects/PHPProjects/inscriptions/vendor/laravel/framework/src/Illuminate/Database/Query/Builder.php(2871): Illuminate\\Database\\Query\\Processors\\Processor->processInsertGetId()
#5 /home/kaperskyguru/Projects/PHPProjects/inscriptions/vendor/laravel/framework/src/Illuminate/Database/Eloquent/Builder.php(1416): Illuminate\\Database\\Query\\Builder->insertGetId()
#6 /home/kaperskyguru/Projects/PHPProjects/inscriptions/vendor/laravel/framework/src/Illuminate/Database/Eloquent/Model.php(892): Illuminate\\Database\\Eloquent\\Builder->__call()
#7 /home/kaperskyguru/Projects/PHPProjects/inscriptions/vendor/laravel/framework/src/Illuminate/Database/Eloquent/Model.php(857): Illuminate\\Database\\Eloquent\\Model->insertAndSetId()
#8 /home/kaperskyguru/Projects/PHPProjects/inscriptions/vendor/laravel/framework/src/Illuminate/Database/Eloquent/Model.php(720): Illuminate\\Database\\Eloquent\\Model->performInsert()
#9 /home/kaperskyguru/Projects/PHPProjects/inscriptions/app/Services/QuickBookService.php(307): Illuminate\\Database\\Eloquent\\Model->save()
#10 /home/kaperskyguru/Projects/PHPProjects/inscriptions/app/Services/QuickBookService.php(293): App\\Services\\QuickBookService->storePayments()
#11 /home/kaperskyguru/Projects/PHPProjects/inscriptions/app/Http/Controllers/SpaController.php(25): App\\Services\\QuickBookService->get_daily_payments()
#12 [internal function]: App\\Http\\Controllers\\SpaController->index()
#13 /home/kaperskyguru/Projects/PHPProjects/inscriptions/vendor/laravel/framework/src/Illuminate/Routing/Controller.php(54): call_user_func_array()
#14 /home/kaperskyguru/Projects/PHPProjects/inscriptions/vendor/laravel/framework/src/Illuminate/Routing/ControllerDispatcher.php(45): Illuminate\\Routing\\Controller->callAction()
#15 /home/kaperskyguru/Projects/PHPProjects/inscriptions/vendor/laravel/framework/src/Illuminate/Routing/Route.php(255): Illuminate\\Routing\\ControllerDispatcher->dispatch()
#16 /home/kaperskyguru/Projects/PHPProjects/inscriptions/vendor/laravel/framework/src/Illuminate/Routing/Route.php(197): Illuminate\\Routing\\Route->runController()
#17 /home/kaperskyguru/Projects/PHPProjects/inscriptions/vendor/laravel/framework/src/Illuminate/Routing/Router.php(691): Illuminate\\Routing\\Route->run()
#18 /home/kaperskyguru/Projects/PHPProjects/inscriptions/vendor/laravel/framework/src/Illuminate/Pipeline/Pipeline.php(128): Illuminate\\Routing\\Router->Illuminate\\Routing\\{closure}()
#19 /home/kaperskyguru/Projects/PHPProjects/inscriptions/vendor/laravel/framework/src/Illuminate/Routing/Middleware/SubstituteBindings.php(41): Illuminate\\Pipeline\\Pipeline->Illuminate\\Pipeline\\{closure}()
#20 /home/kaperskyguru/Projects/PHPProjects/inscriptions/vendor/laravel/framework/src/Illuminate/Pipeline/Pipeline.php(167): Illuminate\\Routing\\Middleware\\SubstituteBindings->handle()
#21 /home/kaperskyguru/Projects/PHPProjects/inscriptions/vendor/laravel/framework/src/Illuminate/Foundation/Http/Middleware/VerifyCsrfToken.php(77): Illuminate\\Pipeline\\Pipeline->Illuminate\\Pipeline\\{closure}()
#22 /home/kaperskyguru/Projects/PHPProjects/inscriptions/vendor/laravel/framework/src/Illuminate/Pipeline/Pipeline.php(167): Illuminate\\Foundation\\Http\\Middleware\\VerifyCsrfToken->handle()
#23 /home/kaperskyguru/Projects/PHPProjects/inscriptions/vendor/laravel/framework/src/Illuminate/View/Middleware/ShareErrorsFromSession.php(49): Illuminate\\Pipeline\\Pipeline->Illuminate\\Pipeline\\{closure}()
#24 /home/kaperskyguru/Projects/PHPProjects/inscriptions/vendor/laravel/framework/src/Illuminate/Pipeline/Pipeline.php(167): Illuminate\\View\\Middleware\\ShareErrorsFromSession->handle()
#25 /home/kaperskyguru/Projects/PHPProjects/inscriptions/vendor/laravel/framework/src/Illuminate/Session/Middleware/StartSession.php(121): Illuminate\\Pipeline\\Pipeline->Illuminate\\Pipeline\\{closure}()
#26 /home/kaperskyguru/Projects/PHPProjects/inscriptions/vendor/laravel/framework/src/Illuminate/Session/Middleware/StartSession.php(63): Illuminate\\Session\\Middleware\\StartSession->handleStatefulRequest()
#27 /home/kaperskyguru/Projects/PHPProjects/inscriptions/vendor/laravel/framework/src/Illuminate/Pipeline/Pipeline.php(167): Illuminate\\Session\\Middleware\\StartSession->handle()
#28 /home/kaperskyguru/Projects/PHPProjects/inscriptions/vendor/laravel/framework/src/Illuminate/Cookie/Middleware/AddQueuedCookiesToResponse.php(37): Illuminate\\Pipeline\\Pipeline->Illuminate\\Pipeline\\{closure}()
#29 /home/kaperskyguru/Projects/PHPProjects/inscriptions/vendor/laravel/framework/src/Illuminate/Pipeline/Pipeline.php(167): Illuminate\\Cookie\\Middleware\\AddQueuedCookiesToResponse->handle()
#30 /home/kaperskyguru/Projects/PHPProjects/inscriptions/vendor/laravel/framework/src/Illuminate/Cookie/Middleware/EncryptCookies.php(67): Illuminate\\Pipeline\\Pipeline->Illuminate\\Pipeline\\{closure}()
#31 /home/kaperskyguru/Projects/PHPProjects/inscriptions/vendor/laravel/framework/src/Illuminate/Pipeline/Pipeline.php(167): Illuminate\\Cookie\\Middleware\\EncryptCookies->handle()
#32 /home/kaperskyguru/Projects/PHPProjects/inscriptions/vendor/laravel/framework/src/Illuminate/Pipeline/Pipeline.php(103): Illuminate\\Pipeline\\Pipeline->Illuminate\\Pipeline\\{closure}()
#33 /home/kaperskyguru/Projects/PHPProjects/inscriptions/vendor/laravel/framework/src/Illuminate/Routing/Router.php(693): Illuminate\\Pipeline\\Pipeline->then()
#34 /home/kaperskyguru/Projects/PHPProjects/inscriptions/vendor/laravel/framework/src/Illuminate/Routing/Router.php(668): Illuminate\\Routing\\Router->runRouteWithinStack()
#35 /home/kaperskyguru/Projects/PHPProjects/inscriptions/vendor/laravel/framework/src/Illuminate/Routing/Router.php(634): Illuminate\\Routing\\Router->runRoute()
#36 /home/kaperskyguru/Projects/PHPProjects/inscriptions/vendor/laravel/framework/src/Illuminate/Routing/Router.php(623): Illuminate\\Routing\\Router->dispatchToRoute()
#37 /home/kaperskyguru/Projects/PHPProjects/inscriptions/vendor/laravel/framework/src/Illuminate/Foundation/Http/Kernel.php(166): Illuminate\\Routing\\Router->dispatch()
#38 /home/kaperskyguru/Projects/PHPProjects/inscriptions/vendor/laravel/framework/src/Illuminate/Pipeline/Pipeline.php(128): Illuminate\\Foundation\\Http\\Kernel->Illuminate\\Foundation\\Http\\{closure}()
#39 /home/kaperskyguru/Projects/PHPProjects/inscriptions/app/Http/Middleware/DomainCheckMiddleware.php(48): Illuminate\\Pipeline\\Pipeline->Illuminate\\Pipeline\\{closure}()
#40 /home/kaperskyguru/Projects/PHPProjects/inscriptions/vendor/laravel/framework/src/Illuminate/Pipeline/Pipeline.php(167): App\\Http\\Middleware\\DomainCheckMiddleware->handle()
#41 /home/kaperskyguru/Projects/PHPProjects/inscriptions/vendor/fideloper/proxy/src/TrustProxies.php(57): Illuminate\\Pipeline\\Pipeline->Illuminate\\Pipeline\\{closure}()
#42 /home/kaperskyguru/Projects/PHPProjects/inscriptions/vendor/laravel/framework/src/Illuminate/Pipeline/Pipeline.php(167): Fideloper\\Proxy\\TrustProxies->handle()
#43 /home/kaperskyguru/Projects/PHPProjects/inscriptions/vendor/laravel/framework/src/Illuminate/Foundation/Http/Middleware/TransformsRequest.php(21): Illuminate\\Pipeline\\Pipeline->Illuminate\\Pipeline\\{closure}()
#44 /home/kaperskyguru/Projects/PHPProjects/inscriptions/vendor/laravel/framework/src/Illuminate/Pipeline/Pipeline.php(167): Illuminate\\Foundation\\Http\\Middleware\\TransformsRequest->handle()
#45 /home/kaperskyguru/Projects/PHPProjects/inscriptions/vendor/laravel/framework/src/Illuminate/Foundation/Http/Middleware/TransformsRequest.php(21): Illuminate\\Pipeline\\Pipeline->Illuminate\\Pipeline\\{closure}()
#46 /home/kaperskyguru/Projects/PHPProjects/inscriptions/vendor/laravel/framework/src/Illuminate/Pipeline/Pipeline.php(167): Illuminate\\Foundation\\Http\\Middleware\\TransformsRequest->handle()
#47 /home/kaperskyguru/Projects/PHPProjects/inscriptions/vendor/laravel/framework/src/Illuminate/Foundation/Http/Middleware/ValidatePostSize.php(27): Illuminate\\Pipeline\\Pipeline->Illuminate\\Pipeline\\{closure}()
#48 /home/kaperskyguru/Projects/PHPProjects/inscriptions/vendor/laravel/framework/src/Illuminate/Pipeline/Pipeline.php(167): Illuminate\\Foundation\\Http\\Middleware\\ValidatePostSize->handle()
#49 /home/kaperskyguru/Projects/PHPProjects/inscriptions/vendor/laravel/framework/src/Illuminate/Foundation/Http/Middleware/PreventRequestsDuringMaintenance.php(87): Illuminate\\Pipeline\\Pipeline->Illuminate\\Pipeline\\{closure}()
#50 /home/kaperskyguru/Projects/PHPProjects/inscriptions/vendor/laravel/framework/src/Illuminate/Pipeline/Pipeline.php(167): Illuminate\\Foundation\\Http\\Middleware\\PreventRequestsDuringMaintenance->handle()
#51 /home/kaperskyguru/Projects/PHPProjects/inscriptions/vendor/laravel/framework/src/Illuminate/Pipeline/Pipeline.php(103): Illuminate\\Pipeline\\Pipeline->Illuminate\\Pipeline\\{closure}()
#52 /home/kaperskyguru/Projects/PHPProjects/inscriptions/vendor/laravel/framework/src/Illuminate/Foundation/Http/Kernel.php(141): Illuminate\\Pipeline\\Pipeline->then()
#53 /home/kaperskyguru/Projects/PHPProjects/inscriptions/vendor/laravel/framework/src/Illuminate/Foundation/Http/Kernel.php(110): Illuminate\\Foundation\\Http\\Kernel->sendRequestThroughRouter()
#54 /home/kaperskyguru/Projects/PHPProjects/inscriptions/public/index.php(55): Illuminate\\Foundation\\Http\\Kernel->handle()
#55 /home/kaperskyguru/Projects/PHPProjects/inscriptions/server.php(21): require_once('/home/kaperskyg...')
#56 {main}

[previous exception] [object] (PDOException(code: 23000): SQLSTATE[23000]: Integrity constraint violation: 1452 Cannot add or update a child row: a foreign key constraint fails (`lesprod1_htf_registrations`.`payments`, CONSTRAINT `payments_subscription_id_foreign` FOREIGN KEY (`subscription_id`) REFERENCES `subscriptions` (`id`) ON DELETE CASCADE) at /home/kaperskyguru/Projects/PHPProjects/inscriptions/vendor/laravel/framework/src/Illuminate/Database/Connection.php:464)
[stacktrace]
#0 /home/kaperskyguru/Projects/PHPProjects/inscriptions/vendor/laravel/framework/src/Illuminate/Database/Connection.php(464): PDOStatement->execute()
#1 /home/kaperskyguru/Projects/PHPProjects/inscriptions/vendor/laravel/framework/src/Illuminate/Database/Connection.php(664): Illuminate\\Database\\Connection->Illuminate\\Database\\{closure}()
#2 /home/kaperskyguru/Projects/PHPProjects/inscriptions/vendor/laravel/framework/src/Illuminate/Database/Connection.php(631): Illuminate\\Database\\Connection->runQueryCallback()
#3 /home/kaperskyguru/Projects/PHPProjects/inscriptions/vendor/laravel/framework/src/Illuminate/Database/Connection.php(465): Illuminate\\Database\\Connection->run()
#4 /home/kaperskyguru/Projects/PHPProjects/inscriptions/vendor/laravel/framework/src/Illuminate/Database/Connection.php(417): Illuminate\\Database\\Connection->statement()
#5 /home/kaperskyguru/Projects/PHPProjects/inscriptions/vendor/laravel/framework/src/Illuminate/Database/Query/Processors/Processor.php(32): Illuminate\\Database\\Connection->insert()
#6 /home/kaperskyguru/Projects/PHPProjects/inscriptions/vendor/laravel/framework/src/Illuminate/Database/Query/Builder.php(2871): Illuminate\\Database\\Query\\Processors\\Processor->processInsertGetId()
#7 /home/kaperskyguru/Projects/PHPProjects/inscriptions/vendor/laravel/framework/src/Illuminate/Database/Eloquent/Builder.php(1416): Illuminate\\Database\\Query\\Builder->insertGetId()
#8 /home/kaperskyguru/Projects/PHPProjects/inscriptions/vendor/laravel/framework/src/Illuminate/Database/Eloquent/Model.php(892): Illuminate\\Database\\Eloquent\\Builder->__call()
#9 /home/kaperskyguru/Projects/PHPProjects/inscriptions/vendor/laravel/framework/src/Illuminate/Database/Eloquent/Model.php(857): Illuminate\\Database\\Eloquent\\Model->insertAndSetId()
#10 /home/kaperskyguru/Projects/PHPProjects/inscriptions/vendor/laravel/framework/src/Illuminate/Database/Eloquent/Model.php(720): Illuminate\\Database\\Eloquent\\Model->performInsert()
#11 /home/kaperskyguru/Projects/PHPProjects/inscriptions/app/Services/QuickBookService.php(307): Illuminate\\Database\\Eloquent\\Model->save()
#12 /home/kaperskyguru/Projects/PHPProjects/inscriptions/app/Services/QuickBookService.php(293): App\\Services\\QuickBookService->storePayments()
#13 /home/kaperskyguru/Projects/PHPProjects/inscriptions/app/Http/Controllers/SpaController.php(25): App\\Services\\QuickBookService->get_daily_payments()
#14 [internal function]: App\\Http\\Controllers\\SpaController->index()
#15 /home/kaperskyguru/Projects/PHPProjects/inscriptions/vendor/laravel/framework/src/Illuminate/Routing/Controller.php(54): call_user_func_array()
#16 /home/kaperskyguru/Projects/PHPProjects/inscriptions/vendor/laravel/framework/src/Illuminate/Routing/ControllerDispatcher.php(45): Illuminate\\Routing\\Controller->callAction()
#17 /home/kaperskyguru/Projects/PHPProjects/inscriptions/vendor/laravel/framework/src/Illuminate/Routing/Route.php(255): Illuminate\\Routing\\ControllerDispatcher->dispatch()
#18 /home/kaperskyguru/Projects/PHPProjects/inscriptions/vendor/laravel/framework/src/Illuminate/Routing/Route.php(197): Illuminate\\Routing\\Route->runController()
#19 /home/kaperskyguru/Projects/PHPProjects/inscriptions/vendor/laravel/framework/src/Illuminate/Routing/Router.php(691): Illuminate\\Routing\\Route->run()
#20 /home/kaperskyguru/Projects/PHPProjects/inscriptions/vendor/laravel/framework/src/Illuminate/Pipeline/Pipeline.php(128): Illuminate\\Routing\\Router->Illuminate\\Routing\\{closure}()
#21 /home/kaperskyguru/Projects/PHPProjects/inscriptions/vendor/laravel/framework/src/Illuminate/Routing/Middleware/SubstituteBindings.php(41): Illuminate\\Pipeline\\Pipeline->Illuminate\\Pipeline\\{closure}()
#22 /home/kaperskyguru/Projects/PHPProjects/inscriptions/vendor/laravel/framework/src/Illuminate/Pipeline/Pipeline.php(167): Illuminate\\Routing\\Middleware\\SubstituteBindings->handle()
#23 /home/kaperskyguru/Projects/PHPProjects/inscriptions/vendor/laravel/framework/src/Illuminate/Foundation/Http/Middleware/VerifyCsrfToken.php(77): Illuminate\\Pipeline\\Pipeline->Illuminate\\Pipeline\\{closure}()
#24 /home/kaperskyguru/Projects/PHPProjects/inscriptions/vendor/laravel/framework/src/Illuminate/Pipeline/Pipeline.php(167): Illuminate\\Foundation\\Http\\Middleware\\VerifyCsrfToken->handle()
#25 /home/kaperskyguru/Projects/PHPProjects/inscriptions/vendor/laravel/framework/src/Illuminate/View/Middleware/ShareErrorsFromSession.php(49): Illuminate\\Pipeline\\Pipeline->Illuminate\\Pipeline\\{closure}()
#26 /home/kaperskyguru/Projects/PHPProjects/inscriptions/vendor/laravel/framework/src/Illuminate/Pipeline/Pipeline.php(167): Illuminate\\View\\Middleware\\ShareErrorsFromSession->handle()
#27 /home/kaperskyguru/Projects/PHPProjects/inscriptions/vendor/laravel/framework/src/Illuminate/Session/Middleware/StartSession.php(121): Illuminate\\Pipeline\\Pipeline->Illuminate\\Pipeline\\{closure}()
#28 /home/kaperskyguru/Projects/PHPProjects/inscriptions/vendor/laravel/framework/src/Illuminate/Session/Middleware/StartSession.php(63): Illuminate\\Session\\Middleware\\StartSession->handleStatefulRequest()
#29 /home/kaperskyguru/Projects/PHPProjects/inscriptions/vendor/laravel/framework/src/Illuminate/Pipeline/Pipeline.php(167): Illuminate\\Session\\Middleware\\StartSession->handle()
#30 /home/kaperskyguru/Projects/PHPProjects/inscriptions/vendor/laravel/framework/src/Illuminate/Cookie/Middleware/AddQueuedCookiesToResponse.php(37): Illuminate\\Pipeline\\Pipeline->Illuminate\\Pipeline\\{closure}()
#31 /home/kaperskyguru/Projects/PHPProjects/inscriptions/vendor/laravel/framework/src/Illuminate/Pipeline/Pipeline.php(167): Illuminate\\Cookie\\Middleware\\AddQueuedCookiesToResponse->handle()
#32 /home/kaperskyguru/Projects/PHPProjects/inscriptions/vendor/laravel/framework/src/Illuminate/Cookie/Middleware/EncryptCookies.php(67): Illuminate\\Pipeline\\Pipeline->Illuminate\\Pipeline\\{closure}()
#33 /home/kaperskyguru/Projects/PHPProjects/inscriptions/vendor/laravel/framework/src/Illuminate/Pipeline/Pipeline.php(167): Illuminate\\Cookie\\Middleware\\EncryptCookies->handle()
#34 /home/kaperskyguru/Projects/PHPProjects/inscriptions/vendor/laravel/framework/src/Illuminate/Pipeline/Pipeline.php(103): Illuminate\\Pipeline\\Pipeline->Illuminate\\Pipeline\\{closure}()
#35 /home/kaperskyguru/Projects/PHPProjects/inscriptions/vendor/laravel/framework/src/Illuminate/Routing/Router.php(693): Illuminate\\Pipeline\\Pipeline->then()
#36 /home/kaperskyguru/Projects/PHPProjects/inscriptions/vendor/laravel/framework/src/Illuminate/Routing/Router.php(668): Illuminate\\Routing\\Router->runRouteWithinStack()
#37 /home/kaperskyguru/Projects/PHPProjects/inscriptions/vendor/laravel/framework/src/Illuminate/Routing/Router.php(634): Illuminate\\Routing\\Router->runRoute()
#38 /home/kaperskyguru/Projects/PHPProjects/inscriptions/vendor/laravel/framework/src/Illuminate/Routing/Router.php(623): Illuminate\\Routing\\Router->dispatchToRoute()
#39 /home/kaperskyguru/Projects/PHPProjects/inscriptions/vendor/laravel/framework/src/Illuminate/Foundation/Http/Kernel.php(166): Illuminate\\Routing\\Router->dispatch()
#40 /home/kaperskyguru/Projects/PHPProjects/inscriptions/vendor/laravel/framework/src/Illuminate/Pipeline/Pipeline.php(128): Illuminate\\Foundation\\Http\\Kernel->Illuminate\\Foundation\\Http\\{closure}()
#41 /home/kaperskyguru/Projects/PHPProjects/inscriptions/app/Http/Middleware/DomainCheckMiddleware.php(48): Illuminate\\Pipeline\\Pipeline->Illuminate\\Pipeline\\{closure}()
#42 /home/kaperskyguru/Projects/PHPProjects/inscriptions/vendor/laravel/framework/src/Illuminate/Pipeline/Pipeline.php(167): App\\Http\\Middleware\\DomainCheckMiddleware->handle()
#43 /home/kaperskyguru/Projects/PHPProjects/inscriptions/vendor/fideloper/proxy/src/TrustProxies.php(57): Illuminate\\Pipeline\\Pipeline->Illuminate\\Pipeline\\{closure}()
#44 /home/kaperskyguru/Projects/PHPProjects/inscriptions/vendor/laravel/framework/src/Illuminate/Pipeline/Pipeline.php(167): Fideloper\\Proxy\\TrustProxies->handle()
#45 /home/kaperskyguru/Projects/PHPProjects/inscriptions/vendor/laravel/framework/src/Illuminate/Foundation/Http/Middleware/TransformsRequest.php(21): Illuminate\\Pipeline\\Pipeline->Illuminate\\Pipeline\\{closure}()
#46 /home/kaperskyguru/Projects/PHPProjects/inscriptions/vendor/laravel/framework/src/Illuminate/Pipeline/Pipeline.php(167): Illuminate\\Foundation\\Http\\Middleware\\TransformsRequest->handle()
#47 /home/kaperskyguru/Projects/PHPProjects/inscriptions/vendor/laravel/framework/src/Illuminate/Foundation/Http/Middleware/TransformsRequest.php(21): Illuminate\\Pipeline\\Pipeline->Illuminate\\Pipeline\\{closure}()
#48 /home/kaperskyguru/Projects/PHPProjects/inscriptions/vendor/laravel/framework/src/Illuminate/Pipeline/Pipeline.php(167): Illuminate\\Foundation\\Http\\Middleware\\TransformsRequest->handle()
#49 /home/kaperskyguru/Projects/PHPProjects/inscriptions/vendor/laravel/framework/src/Illuminate/Foundation/Http/Middleware/ValidatePostSize.php(27): Illuminate\\Pipeline\\Pipeline->Illuminate\\Pipeline\\{closure}()
#50 /home/kaperskyguru/Projects/PHPProjects/inscriptions/vendor/laravel/framework/src/Illuminate/Pipeline/Pipeline.php(167): Illuminate\\Foundation\\Http\\Middleware\\ValidatePostSize->handle()
#51 /home/kaperskyguru/Projects/PHPProjects/inscriptions/vendor/laravel/framework/src/Illuminate/Foundation/Http/Middleware/PreventRequestsDuringMaintenance.php(87): Illuminate\\Pipeline\\Pipeline->Illuminate\\Pipeline\\{closure}()
#52 /home/kaperskyguru/Projects/PHPProjects/inscriptions/vendor/laravel/framework/src/Illuminate/Pipeline/Pipeline.php(167): Illuminate\\Foundation\\Http\\Middleware\\PreventRequestsDuringMaintenance->handle()
#53 /home/kaperskyguru/Projects/PHPProjects/inscriptions/vendor/laravel/framework/src/Illuminate/Pipeline/Pipeline.php(103): Illuminate\\Pipeline\\Pipeline->Illuminate\\Pipeline\\{closure}()
#54 /home/kaperskyguru/Projects/PHPProjects/inscriptions/vendor/laravel/framework/src/Illuminate/Foundation/Http/Kernel.php(141): Illuminate\\Pipeline\\Pipeline->then()
#55 /home/kaperskyguru/Projects/PHPProjects/inscriptions/vendor/laravel/framework/src/Illuminate/Foundation/Http/Kernel.php(110): Illuminate\\Foundation\\Http\\Kernel->sendRequestThroughRouter()
#56 /home/kaperskyguru/Projects/PHPProjects/inscriptions/public/index.php(55): Illuminate\\Foundation\\Http\\Kernel->handle()
#57 /home/kaperskyguru/Projects/PHPProjects/inscriptions/server.php(21): require_once('/home/kaperskyg...')
#58 {main}
"} 
[2020-10-07 14:51:40] local.ERROR: SQLSTATE[23000]: Integrity constraint violation: 1452 Cannot add or update a child row: a foreign key constraint fails (`lesprod1_htf_registrations`.`payments`, CONSTRAINT `payments_subscription_id_foreign` FOREIGN KEY (`subscription_id`) REFERENCES `subscriptions` (`id`) ON DELETE CASCADE) (SQL: insert into `payments` (`note`, `payment_type_id`, `subscription_id`, `receive_on`, `amount`, `updated_at`, `created_at`) values (, 2, 1, 2020-10-07, 100.05, 2020-10-07 14:51:39, 2020-10-07 14:51:39)) {"exception":"[object] (Illuminate\\Database\\QueryException(code: 23000): SQLSTATE[23000]: Integrity constraint violation: 1452 Cannot add or update a child row: a foreign key constraint fails (`lesprod1_htf_registrations`.`payments`, CONSTRAINT `payments_subscription_id_foreign` FOREIGN KEY (`subscription_id`) REFERENCES `subscriptions` (`id`) ON DELETE CASCADE) (SQL: insert into `payments` (`note`, `payment_type_id`, `subscription_id`, `receive_on`, `amount`, `updated_at`, `created_at`) values (, 2, 1, 2020-10-07, 100.05, 2020-10-07 14:51:39, 2020-10-07 14:51:39)) at /home/kaperskyguru/Projects/PHPProjects/inscriptions/vendor/laravel/framework/src/Illuminate/Database/Connection.php:671)
[stacktrace]
#0 /home/kaperskyguru/Projects/PHPProjects/inscriptions/vendor/laravel/framework/src/Illuminate/Database/Connection.php(631): Illuminate\\Database\\Connection->runQueryCallback()
#1 /home/kaperskyguru/Projects/PHPProjects/inscriptions/vendor/laravel/framework/src/Illuminate/Database/Connection.php(465): Illuminate\\Database\\Connection->run()
#2 /home/kaperskyguru/Projects/PHPProjects/inscriptions/vendor/laravel/framework/src/Illuminate/Database/Connection.php(417): Illuminate\\Database\\Connection->statement()
#3 /home/kaperskyguru/Projects/PHPProjects/inscriptions/vendor/laravel/framework/src/Illuminate/Database/Query/Processors/Processor.php(32): Illuminate\\Database\\Connection->insert()
#4 /home/kaperskyguru/Projects/PHPProjects/inscriptions/vendor/laravel/framework/src/Illuminate/Database/Query/Builder.php(2871): Illuminate\\Database\\Query\\Processors\\Processor->processInsertGetId()
#5 /home/kaperskyguru/Projects/PHPProjects/inscriptions/vendor/laravel/framework/src/Illuminate/Database/Eloquent/Builder.php(1416): Illuminate\\Database\\Query\\Builder->insertGetId()
#6 /home/kaperskyguru/Projects/PHPProjects/inscriptions/vendor/laravel/framework/src/Illuminate/Database/Eloquent/Model.php(892): Illuminate\\Database\\Eloquent\\Builder->__call()
#7 /home/kaperskyguru/Projects/PHPProjects/inscriptions/vendor/laravel/framework/src/Illuminate/Database/Eloquent/Model.php(857): Illuminate\\Database\\Eloquent\\Model->insertAndSetId()
#8 /home/kaperskyguru/Projects/PHPProjects/inscriptions/vendor/laravel/framework/src/Illuminate/Database/Eloquent/Model.php(720): Illuminate\\Database\\Eloquent\\Model->performInsert()
#9 /home/kaperskyguru/Projects/PHPProjects/inscriptions/app/Services/QuickBookService.php(307): Illuminate\\Database\\Eloquent\\Model->save()
#10 /home/kaperskyguru/Projects/PHPProjects/inscriptions/app/Services/QuickBookService.php(293): App\\Services\\QuickBookService->storePayments()
#11 /home/kaperskyguru/Projects/PHPProjects/inscriptions/app/Http/Controllers/SpaController.php(25): App\\Services\\QuickBookService->get_daily_payments()
#12 [internal function]: App\\Http\\Controllers\\SpaController->index()
#13 /home/kaperskyguru/Projects/PHPProjects/inscriptions/vendor/laravel/framework/src/Illuminate/Routing/Controller.php(54): call_user_func_array()
#14 /home/kaperskyguru/Projects/PHPProjects/inscriptions/vendor/laravel/framework/src/Illuminate/Routing/ControllerDispatcher.php(45): Illuminate\\Routing\\Controller->callAction()
#15 /home/kaperskyguru/Projects/PHPProjects/inscriptions/vendor/laravel/framework/src/Illuminate/Routing/Route.php(255): Illuminate\\Routing\\ControllerDispatcher->dispatch()
#16 /home/kaperskyguru/Projects/PHPProjects/inscriptions/vendor/laravel/framework/src/Illuminate/Routing/Route.php(197): Illuminate\\Routing\\Route->runController()
#17 /home/kaperskyguru/Projects/PHPProjects/inscriptions/vendor/laravel/framework/src/Illuminate/Routing/Router.php(691): Illuminate\\Routing\\Route->run()
#18 /home/kaperskyguru/Projects/PHPProjects/inscriptions/vendor/laravel/framework/src/Illuminate/Pipeline/Pipeline.php(128): Illuminate\\Routing\\Router->Illuminate\\Routing\\{closure}()
#19 /home/kaperskyguru/Projects/PHPProjects/inscriptions/vendor/laravel/framework/src/Illuminate/Routing/Middleware/SubstituteBindings.php(41): Illuminate\\Pipeline\\Pipeline->Illuminate\\Pipeline\\{closure}()
#20 /home/kaperskyguru/Projects/PHPProjects/inscriptions/vendor/laravel/framework/src/Illuminate/Pipeline/Pipeline.php(167): Illuminate\\Routing\\Middleware\\SubstituteBindings->handle()
#21 /home/kaperskyguru/Projects/PHPProjects/inscriptions/vendor/laravel/framework/src/Illuminate/Foundation/Http/Middleware/VerifyCsrfToken.php(77): Illuminate\\Pipeline\\Pipeline->Illuminate\\Pipeline\\{closure}()
#22 /home/kaperskyguru/Projects/PHPProjects/inscriptions/vendor/laravel/framework/src/Illuminate/Pipeline/Pipeline.php(167): Illuminate\\Foundation\\Http\\Middleware\\VerifyCsrfToken->handle()
#23 /home/kaperskyguru/Projects/PHPProjects/inscriptions/vendor/laravel/framework/src/Illuminate/View/Middleware/ShareErrorsFromSession.php(49): Illuminate\\Pipeline\\Pipeline->Illuminate\\Pipeline\\{closure}()
#24 /home/kaperskyguru/Projects/PHPProjects/inscriptions/vendor/laravel/framework/src/Illuminate/Pipeline/Pipeline.php(167): Illuminate\\View\\Middleware\\ShareErrorsFromSession->handle()
#25 /home/kaperskyguru/Projects/PHPProjects/inscriptions/vendor/laravel/framework/src/Illuminate/Session/Middleware/StartSession.php(121): Illuminate\\Pipeline\\Pipeline->Illuminate\\Pipeline\\{closure}()
#26 /home/kaperskyguru/Projects/PHPProjects/inscriptions/vendor/laravel/framework/src/Illuminate/Session/Middleware/StartSession.php(63): Illuminate\\Session\\Middleware\\StartSession->handleStatefulRequest()
#27 /home/kaperskyguru/Projects/PHPProjects/inscriptions/vendor/laravel/framework/src/Illuminate/Pipeline/Pipeline.php(167): Illuminate\\Session\\Middleware\\StartSession->handle()
#28 /home/kaperskyguru/Projects/PHPProjects/inscriptions/vendor/laravel/framework/src/Illuminate/Cookie/Middleware/AddQueuedCookiesToResponse.php(37): Illuminate\\Pipeline\\Pipeline->Illuminate\\Pipeline\\{closure}()
#29 /home/kaperskyguru/Projects/PHPProjects/inscriptions/vendor/laravel/framework/src/Illuminate/Pipeline/Pipeline.php(167): Illuminate\\Cookie\\Middleware\\AddQueuedCookiesToResponse->handle()
#30 /home/kaperskyguru/Projects/PHPProjects/inscriptions/vendor/laravel/framework/src/Illuminate/Cookie/Middleware/EncryptCookies.php(67): Illuminate\\Pipeline\\Pipeline->Illuminate\\Pipeline\\{closure}()
#31 /home/kaperskyguru/Projects/PHPProjects/inscriptions/vendor/laravel/framework/src/Illuminate/Pipeline/Pipeline.php(167): Illuminate\\Cookie\\Middleware\\EncryptCookies->handle()
#32 /home/kaperskyguru/Projects/PHPProjects/inscriptions/vendor/laravel/framework/src/Illuminate/Pipeline/Pipeline.php(103): Illuminate\\Pipeline\\Pipeline->Illuminate\\Pipeline\\{closure}()
#33 /home/kaperskyguru/Projects/PHPProjects/inscriptions/vendor/laravel/framework/src/Illuminate/Routing/Router.php(693): Illuminate\\Pipeline\\Pipeline->then()
#34 /home/kaperskyguru/Projects/PHPProjects/inscriptions/vendor/laravel/framework/src/Illuminate/Routing/Router.php(668): Illuminate\\Routing\\Router->runRouteWithinStack()
#35 /home/kaperskyguru/Projects/PHPProjects/inscriptions/vendor/laravel/framework/src/Illuminate/Routing/Router.php(634): Illuminate\\Routing\\Router->runRoute()
#36 /home/kaperskyguru/Projects/PHPProjects/inscriptions/vendor/laravel/framework/src/Illuminate/Routing/Router.php(623): Illuminate\\Routing\\Router->dispatchToRoute()
#37 /home/kaperskyguru/Projects/PHPProjects/inscriptions/vendor/laravel/framework/src/Illuminate/Foundation/Http/Kernel.php(166): Illuminate\\Routing\\Router->dispatch()
#38 /home/kaperskyguru/Projects/PHPProjects/inscriptions/vendor/laravel/framework/src/Illuminate/Pipeline/Pipeline.php(128): Illuminate\\Foundation\\Http\\Kernel->Illuminate\\Foundation\\Http\\{closure}()
#39 /home/kaperskyguru/Projects/PHPProjects/inscriptions/app/Http/Middleware/DomainCheckMiddleware.php(48): Illuminate\\Pipeline\\Pipeline->Illuminate\\Pipeline\\{closure}()
#40 /home/kaperskyguru/Projects/PHPProjects/inscriptions/vendor/laravel/framework/src/Illuminate/Pipeline/Pipeline.php(167): App\\Http\\Middleware\\DomainCheckMiddleware->handle()
#41 /home/kaperskyguru/Projects/PHPProjects/inscriptions/vendor/fideloper/proxy/src/TrustProxies.php(57): Illuminate\\Pipeline\\Pipeline->Illuminate\\Pipeline\\{closure}()
#42 /home/kaperskyguru/Projects/PHPProjects/inscriptions/vendor/laravel/framework/src/Illuminate/Pipeline/Pipeline.php(167): Fideloper\\Proxy\\TrustProxies->handle()
#43 /home/kaperskyguru/Projects/PHPProjects/inscriptions/vendor/laravel/framework/src/Illuminate/Foundation/Http/Middleware/TransformsRequest.php(21): Illuminate\\Pipeline\\Pipeline->Illuminate\\Pipeline\\{closure}()
#44 /home/kaperskyguru/Projects/PHPProjects/inscriptions/vendor/laravel/framework/src/Illuminate/Pipeline/Pipeline.php(167): Illuminate\\Foundation\\Http\\Middleware\\TransformsRequest->handle()
#45 /home/kaperskyguru/Projects/PHPProjects/inscriptions/vendor/laravel/framework/src/Illuminate/Foundation/Http/Middleware/TransformsRequest.php(21): Illuminate\\Pipeline\\Pipeline->Illuminate\\Pipeline\\{closure}()
#46 /home/kaperskyguru/Projects/PHPProjects/inscriptions/vendor/laravel/framework/src/Illuminate/Pipeline/Pipeline.php(167): Illuminate\\Foundation\\Http\\Middleware\\TransformsRequest->handle()
#47 /home/kaperskyguru/Projects/PHPProjects/inscriptions/vendor/laravel/framework/src/Illuminate/Foundation/Http/Middleware/ValidatePostSize.php(27): Illuminate\\Pipeline\\Pipeline->Illuminate\\Pipeline\\{closure}()
#48 /home/kaperskyguru/Projects/PHPProjects/inscriptions/vendor/laravel/framework/src/Illuminate/Pipeline/Pipeline.php(167): Illuminate\\Foundation\\Http\\Middleware\\ValidatePostSize->handle()
#49 /home/kaperskyguru/Projects/PHPProjects/inscriptions/vendor/laravel/framework/src/Illuminate/Foundation/Http/Middleware/PreventRequestsDuringMaintenance.php(87): Illuminate\\Pipeline\\Pipeline->Illuminate\\Pipeline\\{closure}()
#50 /home/kaperskyguru/Projects/PHPProjects/inscriptions/vendor/laravel/framework/src/Illuminate/Pipeline/Pipeline.php(167): Illuminate\\Foundation\\Http\\Middleware\\PreventRequestsDuringMaintenance->handle()
#51 /home/kaperskyguru/Projects/PHPProjects/inscriptions/vendor/laravel/framework/src/Illuminate/Pipeline/Pipeline.php(103): Illuminate\\Pipeline\\Pipeline->Illuminate\\Pipeline\\{closure}()
#52 /home/kaperskyguru/Projects/PHPProjects/inscriptions/vendor/laravel/framework/src/Illuminate/Foundation/Http/Kernel.php(141): Illuminate\\Pipeline\\Pipeline->then()
#53 /home/kaperskyguru/Projects/PHPProjects/inscriptions/vendor/laravel/framework/src/Illuminate/Foundation/Http/Kernel.php(110): Illuminate\\Foundation\\Http\\Kernel->sendRequestThroughRouter()
#54 /home/kaperskyguru/Projects/PHPProjects/inscriptions/public/index.php(55): Illuminate\\Foundation\\Http\\Kernel->handle()
#55 /home/kaperskyguru/Projects/PHPProjects/inscriptions/server.php(21): require_once('/home/kaperskyg...')
#56 {main}

[previous exception] [object] (PDOException(code: 23000): SQLSTATE[23000]: Integrity constraint violation: 1452 Cannot add or update a child row: a foreign key constraint fails (`lesprod1_htf_registrations`.`payments`, CONSTRAINT `payments_subscription_id_foreign` FOREIGN KEY (`subscription_id`) REFERENCES `subscriptions` (`id`) ON DELETE CASCADE) at /home/kaperskyguru/Projects/PHPProjects/inscriptions/vendor/laravel/framework/src/Illuminate/Database/Connection.php:464)
[stacktrace]
#0 /home/kaperskyguru/Projects/PHPProjects/inscriptions/vendor/laravel/framework/src/Illuminate/Database/Connection.php(464): PDOStatement->execute()
#1 /home/kaperskyguru/Projects/PHPProjects/inscriptions/vendor/laravel/framework/src/Illuminate/Database/Connection.php(664): Illuminate\\Database\\Connection->Illuminate\\Database\\{closure}()
#2 /home/kaperskyguru/Projects/PHPProjects/inscriptions/vendor/laravel/framework/src/Illuminate/Database/Connection.php(631): Illuminate\\Database\\Connection->runQueryCallback()
#3 /home/kaperskyguru/Projects/PHPProjects/inscriptions/vendor/laravel/framework/src/Illuminate/Database/Connection.php(465): Illuminate\\Database\\Connection->run()
#4 /home/kaperskyguru/Projects/PHPProjects/inscriptions/vendor/laravel/framework/src/Illuminate/Database/Connection.php(417): Illuminate\\Database\\Connection->statement()
#5 /home/kaperskyguru/Projects/PHPProjects/inscriptions/vendor/laravel/framework/src/Illuminate/Database/Query/Processors/Processor.php(32): Illuminate\\Database\\Connection->insert()
#6 /home/kaperskyguru/Projects/PHPProjects/inscriptions/vendor/laravel/framework/src/Illuminate/Database/Query/Builder.php(2871): Illuminate\\Database\\Query\\Processors\\Processor->processInsertGetId()
#7 /home/kaperskyguru/Projects/PHPProjects/inscriptions/vendor/laravel/framework/src/Illuminate/Database/Eloquent/Builder.php(1416): Illuminate\\Database\\Query\\Builder->insertGetId()
#8 /home/kaperskyguru/Projects/PHPProjects/inscriptions/vendor/laravel/framework/src/Illuminate/Database/Eloquent/Model.php(892): Illuminate\\Database\\Eloquent\\Builder->__call()
#9 /home/kaperskyguru/Projects/PHPProjects/inscriptions/vendor/laravel/framework/src/Illuminate/Database/Eloquent/Model.php(857): Illuminate\\Database\\Eloquent\\Model->insertAndSetId()
#10 /home/kaperskyguru/Projects/PHPProjects/inscriptions/vendor/laravel/framework/src/Illuminate/Database/Eloquent/Model.php(720): Illuminate\\Database\\Eloquent\\Model->performInsert()
#11 /home/kaperskyguru/Projects/PHPProjects/inscriptions/app/Services/QuickBookService.php(307): Illuminate\\Database\\Eloquent\\Model->save()
#12 /home/kaperskyguru/Projects/PHPProjects/inscriptions/app/Services/QuickBookService.php(293): App\\Services\\QuickBookService->storePayments()
#13 /home/kaperskyguru/Projects/PHPProjects/inscriptions/app/Http/Controllers/SpaController.php(25): App\\Services\\QuickBookService->get_daily_payments()
#14 [internal function]: App\\Http\\Controllers\\SpaController->index()
#15 /home/kaperskyguru/Projects/PHPProjects/inscriptions/vendor/laravel/framework/src/Illuminate/Routing/Controller.php(54): call_user_func_array()
#16 /home/kaperskyguru/Projects/PHPProjects/inscriptions/vendor/laravel/framework/src/Illuminate/Routing/ControllerDispatcher.php(45): Illuminate\\Routing\\Controller->callAction()
#17 /home/kaperskyguru/Projects/PHPProjects/inscriptions/vendor/laravel/framework/src/Illuminate/Routing/Route.php(255): Illuminate\\Routing\\ControllerDispatcher->dispatch()
#18 /home/kaperskyguru/Projects/PHPProjects/inscriptions/vendor/laravel/framework/src/Illuminate/Routing/Route.php(197): Illuminate\\Routing\\Route->runController()
#19 /home/kaperskyguru/Projects/PHPProjects/inscriptions/vendor/laravel/framework/src/Illuminate/Routing/Router.php(691): Illuminate\\Routing\\Route->run()
#20 /home/kaperskyguru/Projects/PHPProjects/inscriptions/vendor/laravel/framework/src/Illuminate/Pipeline/Pipeline.php(128): Illuminate\\Routing\\Router->Illuminate\\Routing\\{closure}()
#21 /home/kaperskyguru/Projects/PHPProjects/inscriptions/vendor/laravel/framework/src/Illuminate/Routing/Middleware/SubstituteBindings.php(41): Illuminate\\Pipeline\\Pipeline->Illuminate\\Pipeline\\{closure}()
#22 /home/kaperskyguru/Projects/PHPProjects/inscriptions/vendor/laravel/framework/src/Illuminate/Pipeline/Pipeline.php(167): Illuminate\\Routing\\Middleware\\SubstituteBindings->handle()
#23 /home/kaperskyguru/Projects/PHPProjects/inscriptions/vendor/laravel/framework/src/Illuminate/Foundation/Http/Middleware/VerifyCsrfToken.php(77): Illuminate\\Pipeline\\Pipeline->Illuminate\\Pipeline\\{closure}()
#24 /home/kaperskyguru/Projects/PHPProjects/inscriptions/vendor/laravel/framework/src/Illuminate/Pipeline/Pipeline.php(167): Illuminate\\Foundation\\Http\\Middleware\\VerifyCsrfToken->handle()
#25 /home/kaperskyguru/Projects/PHPProjects/inscriptions/vendor/laravel/framework/src/Illuminate/View/Middleware/ShareErrorsFromSession.php(49): Illuminate\\Pipeline\\Pipeline->Illuminate\\Pipeline\\{closure}()
#26 /home/kaperskyguru/Projects/PHPProjects/inscriptions/vendor/laravel/framework/src/Illuminate/Pipeline/Pipeline.php(167): Illuminate\\View\\Middleware\\ShareErrorsFromSession->handle()
#27 /home/kaperskyguru/Projects/PHPProjects/inscriptions/vendor/laravel/framework/src/Illuminate/Session/Middleware/StartSession.php(121): Illuminate\\Pipeline\\Pipeline->Illuminate\\Pipeline\\{closure}()
#28 /home/kaperskyguru/Projects/PHPProjects/inscriptions/vendor/laravel/framework/src/Illuminate/Session/Middleware/StartSession.php(63): Illuminate\\Session\\Middleware\\StartSession->handleStatefulRequest()
#29 /home/kaperskyguru/Projects/PHPProjects/inscriptions/vendor/laravel/framework/src/Illuminate/Pipeline/Pipeline.php(167): Illuminate\\Session\\Middleware\\StartSession->handle()
#30 /home/kaperskyguru/Projects/PHPProjects/inscriptions/vendor/laravel/framework/src/Illuminate/Cookie/Middleware/AddQueuedCookiesToResponse.php(37): Illuminate\\Pipeline\\Pipeline->Illuminate\\Pipeline\\{closure}()
#31 /home/kaperskyguru/Projects/PHPProjects/inscriptions/vendor/laravel/framework/src/Illuminate/Pipeline/Pipeline.php(167): Illuminate\\Cookie\\Middleware\\AddQueuedCookiesToResponse->handle()
#32 /home/kaperskyguru/Projects/PHPProjects/inscriptions/vendor/laravel/framework/src/Illuminate/Cookie/Middleware/EncryptCookies.php(67): Illuminate\\Pipeline\\Pipeline->Illuminate\\Pipeline\\{closure}()
#33 /home/kaperskyguru/Projects/PHPProjects/inscriptions/vendor/laravel/framework/src/Illuminate/Pipeline/Pipeline.php(167): Illuminate\\Cookie\\Middleware\\EncryptCookies->handle()
#34 /home/kaperskyguru/Projects/PHPProjects/inscriptions/vendor/laravel/framework/src/Illuminate/Pipeline/Pipeline.php(103): Illuminate\\Pipeline\\Pipeline->Illuminate\\Pipeline\\{closure}()
#35 /home/kaperskyguru/Projects/PHPProjects/inscriptions/vendor/laravel/framework/src/Illuminate/Routing/Router.php(693): Illuminate\\Pipeline\\Pipeline->then()
#36 /home/kaperskyguru/Projects/PHPProjects/inscriptions/vendor/laravel/framework/src/Illuminate/Routing/Router.php(668): Illuminate\\Routing\\Router->runRouteWithinStack()
#37 /home/kaperskyguru/Projects/PHPProjects/inscriptions/vendor/laravel/framework/src/Illuminate/Routing/Router.php(634): Illuminate\\Routing\\Router->runRoute()
#38 /home/kaperskyguru/Projects/PHPProjects/inscriptions/vendor/laravel/framework/src/Illuminate/Routing/Router.php(623): Illuminate\\Routing\\Router->dispatchToRoute()
#39 /home/kaperskyguru/Projects/PHPProjects/inscriptions/vendor/laravel/framework/src/Illuminate/Foundation/Http/Kernel.php(166): Illuminate\\Routing\\Router->dispatch()
#40 /home/kaperskyguru/Projects/PHPProjects/inscriptions/vendor/laravel/framework/src/Illuminate/Pipeline/Pipeline.php(128): Illuminate\\Foundation\\Http\\Kernel->Illuminate\\Foundation\\Http\\{closure}()
#41 /home/kaperskyguru/Projects/PHPProjects/inscriptions/app/Http/Middleware/DomainCheckMiddleware.php(48): Illuminate\\Pipeline\\Pipeline->Illuminate\\Pipeline\\{closure}()
#42 /home/kaperskyguru/Projects/PHPProjects/inscriptions/vendor/laravel/framework/src/Illuminate/Pipeline/Pipeline.php(167): App\\Http\\Middleware\\DomainCheckMiddleware->handle()
#43 /home/kaperskyguru/Projects/PHPProjects/inscriptions/vendor/fideloper/proxy/src/TrustProxies.php(57): Illuminate\\Pipeline\\Pipeline->Illuminate\\Pipeline\\{closure}()
#44 /home/kaperskyguru/Projects/PHPProjects/inscriptions/vendor/laravel/framework/src/Illuminate/Pipeline/Pipeline.php(167): Fideloper\\Proxy\\TrustProxies->handle()
#45 /home/kaperskyguru/Projects/PHPProjects/inscriptions/vendor/laravel/framework/src/Illuminate/Foundation/Http/Middleware/TransformsRequest.php(21): Illuminate\\Pipeline\\Pipeline->Illuminate\\Pipeline\\{closure}()
#46 /home/kaperskyguru/Projects/PHPProjects/inscriptions/vendor/laravel/framework/src/Illuminate/Pipeline/Pipeline.php(167): Illuminate\\Foundation\\Http\\Middleware\\TransformsRequest->handle()
#47 /home/kaperskyguru/Projects/PHPProjects/inscriptions/vendor/laravel/framework/src/Illuminate/Foundation/Http/Middleware/TransformsRequest.php(21): Illuminate\\Pipeline\\Pipeline->Illuminate\\Pipeline\\{closure}()
#48 /home/kaperskyguru/Projects/PHPProjects/inscriptions/vendor/laravel/framework/src/Illuminate/Pipeline/Pipeline.php(167): Illuminate\\Foundation\\Http\\Middleware\\TransformsRequest->handle()
#49 /home/kaperskyguru/Projects/PHPProjects/inscriptions/vendor/laravel/framework/src/Illuminate/Foundation/Http/Middleware/ValidatePostSize.php(27): Illuminate\\Pipeline\\Pipeline->Illuminate\\Pipeline\\{closure}()
#50 /home/kaperskyguru/Projects/PHPProjects/inscriptions/vendor/laravel/framework/src/Illuminate/Pipeline/Pipeline.php(167): Illuminate\\Foundation\\Http\\Middleware\\ValidatePostSize->handle()
#51 /home/kaperskyguru/Projects/PHPProjects/inscriptions/vendor/laravel/framework/src/Illuminate/Foundation/Http/Middleware/PreventRequestsDuringMaintenance.php(87): Illuminate\\Pipeline\\Pipeline->Illuminate\\Pipeline\\{closure}()
#52 /home/kaperskyguru/Projects/PHPProjects/inscriptions/vendor/laravel/framework/src/Illuminate/Pipeline/Pipeline.php(167): Illuminate\\Foundation\\Http\\Middleware\\PreventRequestsDuringMaintenance->handle()
#53 /home/kaperskyguru/Projects/PHPProjects/inscriptions/vendor/laravel/framework/src/Illuminate/Pipeline/Pipeline.php(103): Illuminate\\Pipeline\\Pipeline->Illuminate\\Pipeline\\{closure}()
#54 /home/kaperskyguru/Projects/PHPProjects/inscriptions/vendor/laravel/framework/src/Illuminate/Foundation/Http/Kernel.php(141): Illuminate\\Pipeline\\Pipeline->then()
#55 /home/kaperskyguru/Projects/PHPProjects/inscriptions/vendor/laravel/framework/src/Illuminate/Foundation/Http/Kernel.php(110): Illuminate\\Foundation\\Http\\Kernel->sendRequestThroughRouter()
#56 /home/kaperskyguru/Projects/PHPProjects/inscriptions/public/index.php(55): Illuminate\\Foundation\\Http\\Kernel->handle()
#57 /home/kaperskyguru/Projects/PHPProjects/inscriptions/server.php(21): require_once('/home/kaperskyg...')
#58 {main}
"} 
