[2020-11-18 11:36:25] local.ERROR: syntax error, unexpected '$price' (T_VARIABLE) {"userId":441,"exception":"[object] (ParseError(code: 0): syntax error, unexpected '$price' (T_VARIABLE) at /Users/solomon/Documents/workspace/PHPProjects/inscriptions/app/Http/Controllers/Api/AdminController.php:437)
[stacktrace]
#0 /Users/solomon/Documents/workspace/PHPProjects/inscriptions/vendor/composer/ClassLoader.php(322): Composer\\Autoload\\includeFile('/Users/solomon/...')
#1 [internal function]: Composer\\Autoload\\ClassLoader->loadClass('App\\\\Http\\\\Contro...')
#2 [internal function]: spl_autoload_call('App\\\\Http\\\\Contro...')
#3 /Users/solomon/Documents/workspace/PHPProjects/inscriptions/vendor/laravel/framework/src/Illuminate/Container/Container.php(809): ReflectionClass->__construct('App\\\\Http\\\\Contro...')
#4 /Users/solomon/Documents/workspace/PHPProjects/inscriptions/vendor/laravel/framework/src/Illuminate/Container/Container.php(691): Illuminate\\Container\\Container->build('App\\\\Http\\\\Contro...')
#5 /Users/solomon/Documents/workspace/PHPProjects/inscriptions/vendor/laravel/framework/src/Illuminate/Foundation/Application.php(796): Illuminate\\Container\\Container->resolve('App\\\\Http\\\\Contro...', Array, true)
#6 /Users/solomon/Documents/workspace/PHPProjects/inscriptions/vendor/laravel/framework/src/Illuminate/Container/Container.php(637): Illuminate\\Foundation\\Application->resolve('App\\\\Http\\\\Contro...', Array)
#7 /Users/solomon/Documents/workspace/PHPProjects/inscriptions/vendor/laravel/framework/src/Illuminate/Foundation/Application.php(781): Illuminate\\Container\\Container->make('App\\\\Http\\\\Contro...', Array)
#8 /Users/solomon/Documents/workspace/PHPProjects/inscriptions/vendor/laravel/framework/src/Illuminate/Routing/Route.php(269): Illuminate\\Foundation\\Application->make('App\\\\Http\\\\Contro...')
#9 /Users/solomon/Documents/workspace/PHPProjects/inscriptions/vendor/laravel/framework/src/Illuminate/Routing/Route.php(990): Illuminate\\Routing\\Route->getController()
#10 /Users/solomon/Documents/workspace/PHPProjects/inscriptions/vendor/laravel/framework/src/Illuminate/Routing/Route.php(951): Illuminate\\Routing\\Route->controllerMiddleware()
#11 /Users/solomon/Documents/workspace/PHPProjects/inscriptions/vendor/laravel/framework/src/Illuminate/Routing/Router.php(708): Illuminate\\Routing\\Route->gatherMiddleware()
#12 /Users/solomon/Documents/workspace/PHPProjects/inscriptions/vendor/laravel/framework/src/Illuminate/Routing/Router.php(684): Illuminate\\Routing\\Router->gatherRouteMiddleware(Object(Illuminate\\Routing\\Route))
#13 /Users/solomon/Documents/workspace/PHPProjects/inscriptions/vendor/laravel/framework/src/Illuminate/Routing/Router.php(668): Illuminate\\Routing\\Router->runRouteWithinStack(Object(Illuminate\\Routing\\Route), Object(Illuminate\\Http\\Request))
#14 /Users/solomon/Documents/workspace/PHPProjects/inscriptions/vendor/laravel/framework/src/Illuminate/Routing/Router.php(634): Illuminate\\Routing\\Router->runRoute(Object(Illuminate\\Http\\Request), Object(Illuminate\\Routing\\Route))
#15 /Users/solomon/Documents/workspace/PHPProjects/inscriptions/vendor/laravel/framework/src/Illuminate/Routing/Router.php(623): Illuminate\\Routing\\Router->dispatchToRoute(Object(Illuminate\\Http\\Request))
#16 /Users/solomon/Documents/workspace/PHPProjects/inscriptions/vendor/laravel/framework/src/Illuminate/Foundation/Http/Kernel.php(166): Illuminate\\Routing\\Router->dispatch(Object(Illuminate\\Http\\Request))
#17 /Users/solomon/Documents/workspace/PHPProjects/inscriptions/vendor/laravel/framework/src/Illuminate/Pipeline/Pipeline.php(128): Illuminate\\Foundation\\Http\\Kernel->Illuminate\\Foundation\\Http\\{closure}(Object(Illuminate\\Http\\Request))
#18 /Users/solomon/Documents/workspace/PHPProjects/inscriptions/app/Http/Middleware/DomainCheckMiddleware.php(48): Illuminate\\Pipeline\\Pipeline->Illuminate\\Pipeline\\{closure}(Object(Illuminate\\Http\\Request))
#19 /Users/solomon/Documents/workspace/PHPProjects/inscriptions/vendor/laravel/framework/src/Illuminate/Pipeline/Pipeline.php(167): App\\Http\\Middleware\\DomainCheckMiddleware->handle(Object(Illuminate\\Http\\Request), Object(Closure))
#20 /Users/solomon/Documents/workspace/PHPProjects/inscriptions/vendor/fideloper/proxy/src/TrustProxies.php(57): Illuminate\\Pipeline\\Pipeline->Illuminate\\Pipeline\\{closure}(Object(Illuminate\\Http\\Request))
#21 /Users/solomon/Documents/workspace/PHPProjects/inscriptions/vendor/laravel/framework/src/Illuminate/Pipeline/Pipeline.php(167): Fideloper\\Proxy\\TrustProxies->handle(Object(Illuminate\\Http\\Request), Object(Closure))
#22 /Users/solomon/Documents/workspace/PHPProjects/inscriptions/vendor/laravel/framework/src/Illuminate/Foundation/Http/Middleware/TransformsRequest.php(21): Illuminate\\Pipeline\\Pipeline->Illuminate\\Pipeline\\{closure}(Object(Illuminate\\Http\\Request))
#23 /Users/solomon/Documents/workspace/PHPProjects/inscriptions/vendor/laravel/framework/src/Illuminate/Pipeline/Pipeline.php(167): Illuminate\\Foundation\\Http\\Middleware\\TransformsRequest->handle(Object(Illuminate\\Http\\Request), Object(Closure))
#24 /Users/solomon/Documents/workspace/PHPProjects/inscriptions/vendor/laravel/framework/src/Illuminate/Foundation/Http/Middleware/TransformsRequest.php(21): Illuminate\\Pipeline\\Pipeline->Illuminate\\Pipeline\\{closure}(Object(Illuminate\\Http\\Request))
#25 /Users/solomon/Documents/workspace/PHPProjects/inscriptions/vendor/laravel/framework/src/Illuminate/Pipeline/Pipeline.php(167): Illuminate\\Foundation\\Http\\Middleware\\TransformsRequest->handle(Object(Illuminate\\Http\\Request), Object(Closure))
#26 /Users/solomon/Documents/workspace/PHPProjects/inscriptions/vendor/laravel/framework/src/Illuminate/Foundation/Http/Middleware/ValidatePostSize.php(27): Illuminate\\Pipeline\\Pipeline->Illuminate\\Pipeline\\{closure}(Object(Illuminate\\Http\\Request))
#27 /Users/solomon/Documents/workspace/PHPProjects/inscriptions/vendor/laravel/framework/src/Illuminate/Pipeline/Pipeline.php(167): Illuminate\\Foundation\\Http\\Middleware\\ValidatePostSize->handle(Object(Illuminate\\Http\\Request), Object(Closure))
#28 /Users/solomon/Documents/workspace/PHPProjects/inscriptions/vendor/laravel/framework/src/Illuminate/Foundation/Http/Middleware/PreventRequestsDuringMaintenance.php(87): Illuminate\\Pipeline\\Pipeline->Illuminate\\Pipeline\\{closure}(Object(Illuminate\\Http\\Request))
#29 /Users/solomon/Documents/workspace/PHPProjects/inscriptions/vendor/laravel/framework/src/Illuminate/Pipeline/Pipeline.php(167): Illuminate\\Foundation\\Http\\Middleware\\PreventRequestsDuringMaintenance->handle(Object(Illuminate\\Http\\Request), Object(Closure))
#30 /Users/solomon/Documents/workspace/PHPProjects/inscriptions/vendor/laravel/framework/src/Illuminate/Pipeline/Pipeline.php(103): Illuminate\\Pipeline\\Pipeline->Illuminate\\Pipeline\\{closure}(Object(Illuminate\\Http\\Request))
#31 /Users/solomon/Documents/workspace/PHPProjects/inscriptions/vendor/laravel/framework/src/Illuminate/Foundation/Http/Kernel.php(141): Illuminate\\Pipeline\\Pipeline->then(Object(Closure))
#32 /Users/solomon/Documents/workspace/PHPProjects/inscriptions/vendor/laravel/framework/src/Illuminate/Foundation/Http/Kernel.php(110): Illuminate\\Foundation\\Http\\Kernel->sendRequestThroughRouter(Object(Illuminate\\Http\\Request))
#33 /Users/solomon/Documents/workspace/PHPProjects/inscriptions/public/index.php(55): Illuminate\\Foundation\\Http\\Kernel->handle(Object(Illuminate\\Http\\Request))
#34 /Users/solomon/Documents/workspace/PHPProjects/inscriptions/server.php(21): require_once('/Users/solomon/...')
#35 {main}
"} 
[2020-11-18 11:36:44] local.ERROR: syntax error, unexpected '$price' (T_VARIABLE) {"userId":441,"exception":"[object] (ParseError(code: 0): syntax error, unexpected '$price' (T_VARIABLE) at /Users/solomon/Documents/workspace/PHPProjects/inscriptions/app/Http/Controllers/Api/AdminController.php:437)
[stacktrace]
#0 /Users/solomon/Documents/workspace/PHPProjects/inscriptions/vendor/composer/ClassLoader.php(322): Composer\\Autoload\\includeFile('/Users/solomon/...')
#1 [internal function]: Composer\\Autoload\\ClassLoader->loadClass('App\\\\Http\\\\Contro...')
#2 [internal function]: spl_autoload_call('App\\\\Http\\\\Contro...')
#3 /Users/solomon/Documents/workspace/PHPProjects/inscriptions/vendor/laravel/framework/src/Illuminate/Container/Container.php(809): ReflectionClass->__construct('App\\\\Http\\\\Contro...')
#4 /Users/solomon/Documents/workspace/PHPProjects/inscriptions/vendor/laravel/framework/src/Illuminate/Container/Container.php(691): Illuminate\\Container\\Container->build('App\\\\Http\\\\Contro...')
#5 /Users/solomon/Documents/workspace/PHPProjects/inscriptions/vendor/laravel/framework/src/Illuminate/Foundation/Application.php(796): Illuminate\\Container\\Container->resolve('App\\\\Http\\\\Contro...', Array, true)
#6 /Users/solomon/Documents/workspace/PHPProjects/inscriptions/vendor/laravel/framework/src/Illuminate/Container/Container.php(637): Illuminate\\Foundation\\Application->resolve('App\\\\Http\\\\Contro...', Array)
#7 /Users/solomon/Documents/workspace/PHPProjects/inscriptions/vendor/laravel/framework/src/Illuminate/Foundation/Application.php(781): Illuminate\\Container\\Container->make('App\\\\Http\\\\Contro...', Array)
#8 /Users/solomon/Documents/workspace/PHPProjects/inscriptions/vendor/laravel/framework/src/Illuminate/Routing/Route.php(269): Illuminate\\Foundation\\Application->make('App\\\\Http\\\\Contro...')
#9 /Users/solomon/Documents/workspace/PHPProjects/inscriptions/vendor/laravel/framework/src/Illuminate/Routing/Route.php(990): Illuminate\\Routing\\Route->getController()
#10 /Users/solomon/Documents/workspace/PHPProjects/inscriptions/vendor/laravel/framework/src/Illuminate/Routing/Route.php(951): Illuminate\\Routing\\Route->controllerMiddleware()
#11 /Users/solomon/Documents/workspace/PHPProjects/inscriptions/vendor/laravel/framework/src/Illuminate/Routing/Router.php(708): Illuminate\\Routing\\Route->gatherMiddleware()
#12 /Users/solomon/Documents/workspace/PHPProjects/inscriptions/vendor/laravel/framework/src/Illuminate/Routing/Router.php(684): Illuminate\\Routing\\Router->gatherRouteMiddleware(Object(Illuminate\\Routing\\Route))
#13 /Users/solomon/Documents/workspace/PHPProjects/inscriptions/vendor/laravel/framework/src/Illuminate/Routing/Router.php(668): Illuminate\\Routing\\Router->runRouteWithinStack(Object(Illuminate\\Routing\\Route), Object(Illuminate\\Http\\Request))
#14 /Users/solomon/Documents/workspace/PHPProjects/inscriptions/vendor/laravel/framework/src/Illuminate/Routing/Router.php(634): Illuminate\\Routing\\Router->runRoute(Object(Illuminate\\Http\\Request), Object(Illuminate\\Routing\\Route))
#15 /Users/solomon/Documents/workspace/PHPProjects/inscriptions/vendor/laravel/framework/src/Illuminate/Routing/Router.php(623): Illuminate\\Routing\\Router->dispatchToRoute(Object(Illuminate\\Http\\Request))
#16 /Users/solomon/Documents/workspace/PHPProjects/inscriptions/vendor/laravel/framework/src/Illuminate/Foundation/Http/Kernel.php(166): Illuminate\\Routing\\Router->dispatch(Object(Illuminate\\Http\\Request))
#17 /Users/solomon/Documents/workspace/PHPProjects/inscriptions/vendor/laravel/framework/src/Illuminate/Pipeline/Pipeline.php(128): Illuminate\\Foundation\\Http\\Kernel->Illuminate\\Foundation\\Http\\{closure}(Object(Illuminate\\Http\\Request))
#18 /Users/solomon/Documents/workspace/PHPProjects/inscriptions/app/Http/Middleware/DomainCheckMiddleware.php(48): Illuminate\\Pipeline\\Pipeline->Illuminate\\Pipeline\\{closure}(Object(Illuminate\\Http\\Request))
#19 /Users/solomon/Documents/workspace/PHPProjects/inscriptions/vendor/laravel/framework/src/Illuminate/Pipeline/Pipeline.php(167): App\\Http\\Middleware\\DomainCheckMiddleware->handle(Object(Illuminate\\Http\\Request), Object(Closure))
#20 /Users/solomon/Documents/workspace/PHPProjects/inscriptions/vendor/fideloper/proxy/src/TrustProxies.php(57): Illuminate\\Pipeline\\Pipeline->Illuminate\\Pipeline\\{closure}(Object(Illuminate\\Http\\Request))
#21 /Users/solomon/Documents/workspace/PHPProjects/inscriptions/vendor/laravel/framework/src/Illuminate/Pipeline/Pipeline.php(167): Fideloper\\Proxy\\TrustProxies->handle(Object(Illuminate\\Http\\Request), Object(Closure))
#22 /Users/solomon/Documents/workspace/PHPProjects/inscriptions/vendor/laravel/framework/src/Illuminate/Foundation/Http/Middleware/TransformsRequest.php(21): Illuminate\\Pipeline\\Pipeline->Illuminate\\Pipeline\\{closure}(Object(Illuminate\\Http\\Request))
#23 /Users/solomon/Documents/workspace/PHPProjects/inscriptions/vendor/laravel/framework/src/Illuminate/Pipeline/Pipeline.php(167): Illuminate\\Foundation\\Http\\Middleware\\TransformsRequest->handle(Object(Illuminate\\Http\\Request), Object(Closure))
#24 /Users/solomon/Documents/workspace/PHPProjects/inscriptions/vendor/laravel/framework/src/Illuminate/Foundation/Http/Middleware/TransformsRequest.php(21): Illuminate\\Pipeline\\Pipeline->Illuminate\\Pipeline\\{closure}(Object(Illuminate\\Http\\Request))
#25 /Users/solomon/Documents/workspace/PHPProjects/inscriptions/vendor/laravel/framework/src/Illuminate/Pipeline/Pipeline.php(167): Illuminate\\Foundation\\Http\\Middleware\\TransformsRequest->handle(Object(Illuminate\\Http\\Request), Object(Closure))
#26 /Users/solomon/Documents/workspace/PHPProjects/inscriptions/vendor/laravel/framework/src/Illuminate/Foundation/Http/Middleware/ValidatePostSize.php(27): Illuminate\\Pipeline\\Pipeline->Illuminate\\Pipeline\\{closure}(Object(Illuminate\\Http\\Request))
#27 /Users/solomon/Documents/workspace/PHPProjects/inscriptions/vendor/laravel/framework/src/Illuminate/Pipeline/Pipeline.php(167): Illuminate\\Foundation\\Http\\Middleware\\ValidatePostSize->handle(Object(Illuminate\\Http\\Request), Object(Closure))
#28 /Users/solomon/Documents/workspace/PHPProjects/inscriptions/vendor/laravel/framework/src/Illuminate/Foundation/Http/Middleware/PreventRequestsDuringMaintenance.php(87): Illuminate\\Pipeline\\Pipeline->Illuminate\\Pipeline\\{closure}(Object(Illuminate\\Http\\Request))
#29 /Users/solomon/Documents/workspace/PHPProjects/inscriptions/vendor/laravel/framework/src/Illuminate/Pipeline/Pipeline.php(167): Illuminate\\Foundation\\Http\\Middleware\\PreventRequestsDuringMaintenance->handle(Object(Illuminate\\Http\\Request), Object(Closure))
#30 /Users/solomon/Documents/workspace/PHPProjects/inscriptions/vendor/laravel/framework/src/Illuminate/Pipeline/Pipeline.php(103): Illuminate\\Pipeline\\Pipeline->Illuminate\\Pipeline\\{closure}(Object(Illuminate\\Http\\Request))
#31 /Users/solomon/Documents/workspace/PHPProjects/inscriptions/vendor/laravel/framework/src/Illuminate/Foundation/Http/Kernel.php(141): Illuminate\\Pipeline\\Pipeline->then(Object(Closure))
#32 /Users/solomon/Documents/workspace/PHPProjects/inscriptions/vendor/laravel/framework/src/Illuminate/Foundation/Http/Kernel.php(110): Illuminate\\Foundation\\Http\\Kernel->sendRequestThroughRouter(Object(Illuminate\\Http\\Request))
#33 /Users/solomon/Documents/workspace/PHPProjects/inscriptions/public/index.php(55): Illuminate\\Foundation\\Http\\Kernel->handle(Object(Illuminate\\Http\\Request))
#34 /Users/solomon/Documents/workspace/PHPProjects/inscriptions/server.php(21): require_once('/Users/solomon/...')
#35 {main}
"} 
