[2020-07-27 14:05:30] production.ERROR: Allowed memory size of 33554432 bytes exhausted (tried to allocate 20480 bytes) {"userId":3,"exception":"[object] (Symfony\\Component\\Debug\\Exception\\FatalErrorException(code: 1): Allowed memory size of 33554432 bytes exhausted (tried to allocate 20480 bytes) at /home/lesprod1/public_html/inscriptions/vendor/laravel/framework/src/Illuminate/Database/Eloquent/Concerns/HasAttributes.php:183)
[stacktrace]
#0 {main}
"} 
[2020-07-27 14:05:36] production.ERROR: Allowed memory size of 33554432 bytes exhausted (tried to allocate 16384 bytes) {"userId":3,"exception":"[object] (Symfony\\Component\\Debug\\Exception\\FatalErrorException(code: 1): Allowed memory size of 33554432 bytes exhausted (tried to allocate 16384 bytes) at /home/lesprod1/public_html/inscriptions/vendor/laravel/framework/src/Illuminate/Database/Connection.php:330)
[stacktrace]
#0 {main}
"} 
[2020-07-27 14:05:45] production.ERROR: Allowed memory size of 33554432 bytes exhausted (tried to allocate 20480 bytes) {"userId":2,"exception":"[object] (Symfony\\Component\\Debug\\Exception\\FatalErrorException(code: 1): Allowed memory size of 33554432 bytes exhausted (tried to allocate 20480 bytes) at /home/lesprod1/public_html/inscriptions/vendor/laravel/framework/src/Illuminate/Database/Eloquent/Concerns/HasAttributes.php:868)
[stacktrace]
#0 {main}
"} 
[2020-07-27 14:05:53] production.ERROR: Allowed memory size of 33554432 bytes exhausted (tried to allocate 20480 bytes) {"userId":2,"exception":"[object] (Symfony\\Component\\Debug\\Exception\\FatalErrorException(code: 1): Allowed memory size of 33554432 bytes exhausted (tried to allocate 20480 bytes) at /home/lesprod1/public_html/inscriptions/vendor/laravel/framework/src/Illuminate/Support/Str.php:106)
[stacktrace]
#0 {main}
"} 
[2020-07-27 14:05:56] production.ERROR: Allowed memory size of 33554432 bytes exhausted (tried to allocate 20480 bytes) {"userId":2,"exception":"[object] (Symfony\\Component\\Debug\\Exception\\FatalErrorException(code: 1): Allowed memory size of 33554432 bytes exhausted (tried to allocate 20480 bytes) at /home/lesprod1/public_html/inscriptions/vendor/laravel/framework/src/Illuminate/Database/Eloquent/Concerns/HasAttributes.php:868)
[stacktrace]
#0 {main}
"} 
[2020-07-27 14:06:08] production.ERROR: Allowed memory size of 33554432 bytes exhausted (tried to allocate 20480 bytes) {"userId":2,"exception":"[object] (Symfony\\Component\\Debug\\Exception\\FatalErrorException(code: 1): Allowed memory size of 33554432 bytes exhausted (tried to allocate 20480 bytes) at /home/lesprod1/public_html/inscriptions/vendor/laravel/framework/src/Illuminate/Database/Eloquent/Concerns/HasAttributes.php:868)
[stacktrace]
#0 {main}
"} 
[2020-07-27 14:09:00] production.ERROR: Allowed memory size of 33554432 bytes exhausted (tried to allocate 20480 bytes) {"userId":3,"exception":"[object] (Symfony\\Component\\Debug\\Exception\\FatalErrorException(code: 1): Allowed memory size of 33554432 bytes exhausted (tried to allocate 20480 bytes) at /home/lesprod1/public_html/inscriptions/vendor/laravel/framework/src/Illuminate/Database/Eloquent/Model.php:1580)
[stacktrace]
#0 {main}
"} 
[2020-07-27 20:31:52] production.ERROR: Allowed memory size of 33554432 bytes exhausted (tried to allocate 20480 bytes) {"userId":3,"exception":"[object] (Symfony\\Component\\Debug\\Exception\\FatalErrorException(code: 1): Allowed memory size of 33554432 bytes exhausted (tried to allocate 20480 bytes) at /home/lesprod1/public_html/inscriptions/vendor/laravel/framework/src/Illuminate/Database/Eloquent/Relations/Concerns/AsPivot.php:43)
[stacktrace]
#0 {main}
"} 
[2020-07-27 20:31:55] production.ERROR: Allowed memory size of 33554432 bytes exhausted (tried to allocate 16384 bytes) {"userId":3,"exception":"[object] (Symfony\\Component\\Debug\\Exception\\FatalErrorException(code: 1): Allowed memory size of 33554432 bytes exhausted (tried to allocate 16384 bytes) at /home/lesprod1/public_html/inscriptions/vendor/laravel/framework/src/Illuminate/Database/Connection.php:330)
[stacktrace]
#0 {main}
"} 
