[2020-11-17 12:59:13] local.ERROR: Cannot declare class CreateUsersTable, because the name is already in use {"exception":"[object] (Symfony\\Component\\ErrorHandler\\Error\\FatalError(code: 0): Cannot declare class CreateUsersTable, because the name is already in use at /Users/solomon/Documents/workspace/PHPProjects/inscriptions/database/migrations/2020_11_03_161530_create_category_invoices_table.php:37)
[stacktrace]
#0 {main}
"} 
[2020-11-17 12:59:37] local.ERROR: Cannot declare class CreateUsersTable, because the name is already in use {"exception":"[object] (Symfony\\Component\\ErrorHandler\\Error\\FatalError(code: 0): Cannot declare class CreateUsersTable, because the name is already in use at /Users/solomon/Documents/workspace/PHPProjects/inscriptions/database/migrations/2020_11_03_161530_create_category_invoices_table.php:37)
[stacktrace]
#0 {main}
"} 
[2020-11-17 13:04:20] local.ERROR: Cannot declare class CreateUsersTable, because the name is already in use {"exception":"[object] (Symfony\\Component\\ErrorHandler\\Error\\FatalError(code: 0): Cannot declare class CreateUsersTable, because the name is already in use at /Users/solomon/Documents/workspace/PHPProjects/inscriptions/database/migrations/2020_11_03_161530_create_category_invoices_table.php:32)
[stacktrace]
#0 {main}
"} 
[2020-11-17 13:04:43] local.ERROR: Cannot declare class CreateUsersTable, because the name is already in use {"exception":"[object] (Symfony\\Component\\ErrorHandler\\Error\\FatalError(code: 0): Cannot declare class CreateUsersTable, because the name is already in use at /Users/solomon/Documents/workspace/PHPProjects/inscriptions/database/migrations/2020_11_03_161530_create_category_invoices_table.php:32)
[stacktrace]
#0 {main}
"} 
[2020-11-17 13:42:25] local.ERROR: Property [categories] does not exist on this collection instance. {"userId":441,"exception":"[object] (Exception(code: 0): Property [categories] does not exist on this collection instance. at /Users/solomon/Documents/workspace/PHPProjects/inscriptions/vendor/laravel/framework/src/Illuminate/Collections/Traits/EnumeratesValues.php:861)
[stacktrace]
#0 /Users/solomon/Documents/workspace/PHPProjects/inscriptions/app/Http/Controllers/Api/AdminController.php(440): Illuminate\\Support\\Collection->__get('categories')
#1 [internal function]: App\\Http\\Controllers\\Api\\AdminController->subscription(Object(Illuminate\\Http\\Request), 'gatineau', '567')
#2 /Users/solomon/Documents/workspace/PHPProjects/inscriptions/vendor/laravel/framework/src/Illuminate/Routing/Controller.php(54): call_user_func_array(Array, Array)
#3 /Users/solomon/Documents/workspace/PHPProjects/inscriptions/vendor/laravel/framework/src/Illuminate/Routing/ControllerDispatcher.php(45): Illuminate\\Routing\\Controller->callAction('subscription', Array)
#4 /Users/solomon/Documents/workspace/PHPProjects/inscriptions/vendor/laravel/framework/src/Illuminate/Routing/Route.php(255): Illuminate\\Routing\\ControllerDispatcher->dispatch(Object(Illuminate\\Routing\\Route), Object(App\\Http\\Controllers\\Api\\AdminController), 'subscription')
#5 /Users/solomon/Documents/workspace/PHPProjects/inscriptions/vendor/laravel/framework/src/Illuminate/Routing/Route.php(197): Illuminate\\Routing\\Route->runController()
#6 /Users/solomon/Documents/workspace/PHPProjects/inscriptions/vendor/laravel/framework/src/Illuminate/Routing/Router.php(691): Illuminate\\Routing\\Route->run()
#7 /Users/solomon/Documents/workspace/PHPProjects/inscriptions/vendor/laravel/framework/src/Illuminate/Pipeline/Pipeline.php(128): Illuminate\\Routing\\Router->Illuminate\\Routing\\{closure}(Object(Illuminate\\Http\\Request))
#8 /Users/solomon/Documents/workspace/PHPProjects/inscriptions/vendor/laravel/framework/src/Illuminate/Routing/Middleware/SubstituteBindings.php(41): Illuminate\\Pipeline\\Pipeline->Illuminate\\Pipeline\\{closure}(Object(Illuminate\\Http\\Request))
#9 /Users/solomon/Documents/workspace/PHPProjects/inscriptions/vendor/laravel/framework/src/Illuminate/Pipeline/Pipeline.php(167): Illuminate\\Routing\\Middleware\\SubstituteBindings->handle(Object(Illuminate\\Http\\Request), Object(Closure))
#10 /Users/solomon/Documents/workspace/PHPProjects/inscriptions/app/Http/Middleware/Authenticate.php(18): Illuminate\\Pipeline\\Pipeline->Illuminate\\Pipeline\\{closure}(Object(Illuminate\\Http\\Request))
#11 /Users/solomon/Documents/workspace/PHPProjects/inscriptions/vendor/laravel/framework/src/Illuminate/Pipeline/Pipeline.php(167): App\\Http\\Middleware\\Authenticate->handle(Object(Illuminate\\Http\\Request), Object(Closure), 'api')
#12 /Users/solomon/Documents/workspace/PHPProjects/inscriptions/app/Http/Middleware/Localization.php(23): Illuminate\\Pipeline\\Pipeline->Illuminate\\Pipeline\\{closure}(Object(Illuminate\\Http\\Request))
#13 /Users/solomon/Documents/workspace/PHPProjects/inscriptions/vendor/laravel/framework/src/Illuminate/Pipeline/Pipeline.php(167): App\\Http\\Middleware\\Localization->handle(Object(Illuminate\\Http\\Request), Object(Closure))
#14 /Users/solomon/Documents/workspace/PHPProjects/inscriptions/vendor/laravel/framework/src/Illuminate/Session/Middleware/StartSession.php(121): Illuminate\\Pipeline\\Pipeline->Illuminate\\Pipeline\\{closure}(Object(Illuminate\\Http\\Request))
#15 /Users/solomon/Documents/workspace/PHPProjects/inscriptions/vendor/laravel/framework/src/Illuminate/Session/Middleware/StartSession.php(63): Illuminate\\Session\\Middleware\\StartSession->handleStatefulRequest(Object(Illuminate\\Http\\Request), Object(Illuminate\\Session\\Store), Object(Closure))
#16 /Users/solomon/Documents/workspace/PHPProjects/inscriptions/vendor/laravel/framework/src/Illuminate/Pipeline/Pipeline.php(167): Illuminate\\Session\\Middleware\\StartSession->handle(Object(Illuminate\\Http\\Request), Object(Closure))
#17 /Users/solomon/Documents/workspace/PHPProjects/inscriptions/vendor/laravel/framework/src/Illuminate/Cookie/Middleware/AddQueuedCookiesToResponse.php(37): Illuminate\\Pipeline\\Pipeline->Illuminate\\Pipeline\\{closure}(Object(Illuminate\\Http\\Request))
#18 /Users/solomon/Documents/workspace/PHPProjects/inscriptions/vendor/laravel/framework/src/Illuminate/Pipeline/Pipeline.php(167): Illuminate\\Cookie\\Middleware\\AddQueuedCookiesToResponse->handle(Object(Illuminate\\Http\\Request), Object(Closure))
#19 /Users/solomon/Documents/workspace/PHPProjects/inscriptions/vendor/laravel/framework/src/Illuminate/Cookie/Middleware/EncryptCookies.php(67): Illuminate\\Pipeline\\Pipeline->Illuminate\\Pipeline\\{closure}(Object(Illuminate\\Http\\Request))
#20 /Users/solomon/Documents/workspace/PHPProjects/inscriptions/vendor/laravel/framework/src/Illuminate/Pipeline/Pipeline.php(167): Illuminate\\Cookie\\Middleware\\EncryptCookies->handle(Object(Illuminate\\Http\\Request), Object(Closure))
#21 /Users/solomon/Documents/workspace/PHPProjects/inscriptions/vendor/laravel/framework/src/Illuminate/Pipeline/Pipeline.php(103): Illuminate\\Pipeline\\Pipeline->Illuminate\\Pipeline\\{closure}(Object(Illuminate\\Http\\Request))
#22 /Users/solomon/Documents/workspace/PHPProjects/inscriptions/vendor/laravel/framework/src/Illuminate/Routing/Router.php(693): Illuminate\\Pipeline\\Pipeline->then(Object(Closure))
#23 /Users/solomon/Documents/workspace/PHPProjects/inscriptions/vendor/laravel/framework/src/Illuminate/Routing/Router.php(668): Illuminate\\Routing\\Router->runRouteWithinStack(Object(Illuminate\\Routing\\Route), Object(Illuminate\\Http\\Request))
#24 /Users/solomon/Documents/workspace/PHPProjects/inscriptions/vendor/laravel/framework/src/Illuminate/Routing/Router.php(634): Illuminate\\Routing\\Router->runRoute(Object(Illuminate\\Http\\Request), Object(Illuminate\\Routing\\Route))
#25 /Users/solomon/Documents/workspace/PHPProjects/inscriptions/vendor/laravel/framework/src/Illuminate/Routing/Router.php(623): Illuminate\\Routing\\Router->dispatchToRoute(Object(Illuminate\\Http\\Request))
#26 /Users/solomon/Documents/workspace/PHPProjects/inscriptions/vendor/laravel/framework/src/Illuminate/Foundation/Http/Kernel.php(166): Illuminate\\Routing\\Router->dispatch(Object(Illuminate\\Http\\Request))
#27 /Users/solomon/Documents/workspace/PHPProjects/inscriptions/vendor/laravel/framework/src/Illuminate/Pipeline/Pipeline.php(128): Illuminate\\Foundation\\Http\\Kernel->Illuminate\\Foundation\\Http\\{closure}(Object(Illuminate\\Http\\Request))
#28 /Users/solomon/Documents/workspace/PHPProjects/inscriptions/app/Http/Middleware/DomainCheckMiddleware.php(48): Illuminate\\Pipeline\\Pipeline->Illuminate\\Pipeline\\{closure}(Object(Illuminate\\Http\\Request))
#29 /Users/solomon/Documents/workspace/PHPProjects/inscriptions/vendor/laravel/framework/src/Illuminate/Pipeline/Pipeline.php(167): App\\Http\\Middleware\\DomainCheckMiddleware->handle(Object(Illuminate\\Http\\Request), Object(Closure))
#30 /Users/solomon/Documents/workspace/PHPProjects/inscriptions/vendor/fideloper/proxy/src/TrustProxies.php(57): Illuminate\\Pipeline\\Pipeline->Illuminate\\Pipeline\\{closure}(Object(Illuminate\\Http\\Request))
#31 /Users/solomon/Documents/workspace/PHPProjects/inscriptions/vendor/laravel/framework/src/Illuminate/Pipeline/Pipeline.php(167): Fideloper\\Proxy\\TrustProxies->handle(Object(Illuminate\\Http\\Request), Object(Closure))
#32 /Users/solomon/Documents/workspace/PHPProjects/inscriptions/vendor/laravel/framework/src/Illuminate/Foundation/Http/Middleware/TransformsRequest.php(21): Illuminate\\Pipeline\\Pipeline->Illuminate\\Pipeline\\{closure}(Object(Illuminate\\Http\\Request))
#33 /Users/solomon/Documents/workspace/PHPProjects/inscriptions/vendor/laravel/framework/src/Illuminate/Pipeline/Pipeline.php(167): Illuminate\\Foundation\\Http\\Middleware\\TransformsRequest->handle(Object(Illuminate\\Http\\Request), Object(Closure))
#34 /Users/solomon/Documents/workspace/PHPProjects/inscriptions/vendor/laravel/framework/src/Illuminate/Foundation/Http/Middleware/TransformsRequest.php(21): Illuminate\\Pipeline\\Pipeline->Illuminate\\Pipeline\\{closure}(Object(Illuminate\\Http\\Request))
#35 /Users/solomon/Documents/workspace/PHPProjects/inscriptions/vendor/laravel/framework/src/Illuminate/Pipeline/Pipeline.php(167): Illuminate\\Foundation\\Http\\Middleware\\TransformsRequest->handle(Object(Illuminate\\Http\\Request), Object(Closure))
#36 /Users/solomon/Documents/workspace/PHPProjects/inscriptions/vendor/laravel/framework/src/Illuminate/Foundation/Http/Middleware/ValidatePostSize.php(27): Illuminate\\Pipeline\\Pipeline->Illuminate\\Pipeline\\{closure}(Object(Illuminate\\Http\\Request))
#37 /Users/solomon/Documents/workspace/PHPProjects/inscriptions/vendor/laravel/framework/src/Illuminate/Pipeline/Pipeline.php(167): Illuminate\\Foundation\\Http\\Middleware\\ValidatePostSize->handle(Object(Illuminate\\Http\\Request), Object(Closure))
#38 /Users/solomon/Documents/workspace/PHPProjects/inscriptions/vendor/laravel/framework/src/Illuminate/Foundation/Http/Middleware/PreventRequestsDuringMaintenance.php(87): Illuminate\\Pipeline\\Pipeline->Illuminate\\Pipeline\\{closure}(Object(Illuminate\\Http\\Request))
#39 /Users/solomon/Documents/workspace/PHPProjects/inscriptions/vendor/laravel/framework/src/Illuminate/Pipeline/Pipeline.php(167): Illuminate\\Foundation\\Http\\Middleware\\PreventRequestsDuringMaintenance->handle(Object(Illuminate\\Http\\Request), Object(Closure))
#40 /Users/solomon/Documents/workspace/PHPProjects/inscriptions/vendor/laravel/framework/src/Illuminate/Pipeline/Pipeline.php(103): Illuminate\\Pipeline\\Pipeline->Illuminate\\Pipeline\\{closure}(Object(Illuminate\\Http\\Request))
#41 /Users/solomon/Documents/workspace/PHPProjects/inscriptions/vendor/laravel/framework/src/Illuminate/Foundation/Http/Kernel.php(141): Illuminate\\Pipeline\\Pipeline->then(Object(Closure))
#42 /Users/solomon/Documents/workspace/PHPProjects/inscriptions/vendor/laravel/framework/src/Illuminate/Foundation/Http/Kernel.php(110): Illuminate\\Foundation\\Http\\Kernel->sendRequestThroughRouter(Object(Illuminate\\Http\\Request))
#43 /Users/solomon/Documents/workspace/PHPProjects/inscriptions/public/index.php(55): Illuminate\\Foundation\\Http\\Kernel->handle(Object(Illuminate\\Http\\Request))
#44 /Users/solomon/Documents/workspace/PHPProjects/inscriptions/server.php(21): require_once('/Users/solomon/...')
#45 {main}
"} 
[2020-11-17 13:45:32] local.ERROR: SQLSTATE[42S22]: Column not found: 1054 Unknown column '' in 'where clause' (SQL: select * from `category_invoices` where `category_id` = 1 and `` is null limit 1) {"userId":441,"exception":"[object] (Illuminate\\Database\\QueryException(code: 42S22): SQLSTATE[42S22]: Column not found: 1054 Unknown column '' in 'where clause' (SQL: select * from `category_invoices` where `category_id` = 1 and `` is null limit 1) at /Users/solomon/Documents/workspace/PHPProjects/inscriptions/vendor/laravel/framework/src/Illuminate/Database/Connection.php:671)
[stacktrace]
#0 /Users/solomon/Documents/workspace/PHPProjects/inscriptions/vendor/laravel/framework/src/Illuminate/Database/Connection.php(631): Illuminate\\Database\\Connection->runQueryCallback('select * from `...', Array, Object(Closure))
#1 /Users/solomon/Documents/workspace/PHPProjects/inscriptions/vendor/laravel/framework/src/Illuminate/Database/Connection.php(339): Illuminate\\Database\\Connection->run('select * from `...', Array, Object(Closure))
#2 /Users/solomon/Documents/workspace/PHPProjects/inscriptions/vendor/laravel/framework/src/Illuminate/Database/Query/Builder.php(2302): Illuminate\\Database\\Connection->select('select * from `...', Array, true)
#3 /Users/solomon/Documents/workspace/PHPProjects/inscriptions/vendor/laravel/framework/src/Illuminate/Database/Query/Builder.php(2290): Illuminate\\Database\\Query\\Builder->runSelect()
#4 /Users/solomon/Documents/workspace/PHPProjects/inscriptions/vendor/laravel/framework/src/Illuminate/Database/Query/Builder.php(2785): Illuminate\\Database\\Query\\Builder->Illuminate\\Database\\Query\\{closure}()
#5 /Users/solomon/Documents/workspace/PHPProjects/inscriptions/vendor/laravel/framework/src/Illuminate/Database/Query/Builder.php(2291): Illuminate\\Database\\Query\\Builder->onceWithColumns(Array, Object(Closure))
#6 /Users/solomon/Documents/workspace/PHPProjects/inscriptions/vendor/laravel/framework/src/Illuminate/Database/Eloquent/Builder.php(547): Illuminate\\Database\\Query\\Builder->get(Array)
#7 /Users/solomon/Documents/workspace/PHPProjects/inscriptions/vendor/laravel/framework/src/Illuminate/Database/Eloquent/Builder.php(531): Illuminate\\Database\\Eloquent\\Builder->getModels(Array)
#8 /Users/solomon/Documents/workspace/PHPProjects/inscriptions/vendor/laravel/framework/src/Illuminate/Database/Concerns/BuildsQueries.php(147): Illuminate\\Database\\Eloquent\\Builder->get(Array)
#9 /Users/solomon/Documents/workspace/PHPProjects/inscriptions/app/Http/Controllers/Api/AdminController.php(449): Illuminate\\Database\\Eloquent\\Builder->first()
#10 [internal function]: App\\Http\\Controllers\\Api\\AdminController->subscription(Object(Illuminate\\Http\\Request), 'gatineau', '567')
#11 /Users/solomon/Documents/workspace/PHPProjects/inscriptions/vendor/laravel/framework/src/Illuminate/Routing/Controller.php(54): call_user_func_array(Array, Array)
#12 /Users/solomon/Documents/workspace/PHPProjects/inscriptions/vendor/laravel/framework/src/Illuminate/Routing/ControllerDispatcher.php(45): Illuminate\\Routing\\Controller->callAction('subscription', Array)
#13 /Users/solomon/Documents/workspace/PHPProjects/inscriptions/vendor/laravel/framework/src/Illuminate/Routing/Route.php(255): Illuminate\\Routing\\ControllerDispatcher->dispatch(Object(Illuminate\\Routing\\Route), Object(App\\Http\\Controllers\\Api\\AdminController), 'subscription')
#14 /Users/solomon/Documents/workspace/PHPProjects/inscriptions/vendor/laravel/framework/src/Illuminate/Routing/Route.php(197): Illuminate\\Routing\\Route->runController()
#15 /Users/solomon/Documents/workspace/PHPProjects/inscriptions/vendor/laravel/framework/src/Illuminate/Routing/Router.php(691): Illuminate\\Routing\\Route->run()
#16 /Users/solomon/Documents/workspace/PHPProjects/inscriptions/vendor/laravel/framework/src/Illuminate/Pipeline/Pipeline.php(128): Illuminate\\Routing\\Router->Illuminate\\Routing\\{closure}(Object(Illuminate\\Http\\Request))
#17 /Users/solomon/Documents/workspace/PHPProjects/inscriptions/vendor/laravel/framework/src/Illuminate/Routing/Middleware/SubstituteBindings.php(41): Illuminate\\Pipeline\\Pipeline->Illuminate\\Pipeline\\{closure}(Object(Illuminate\\Http\\Request))
#18 /Users/solomon/Documents/workspace/PHPProjects/inscriptions/vendor/laravel/framework/src/Illuminate/Pipeline/Pipeline.php(167): Illuminate\\Routing\\Middleware\\SubstituteBindings->handle(Object(Illuminate\\Http\\Request), Object(Closure))
#19 /Users/solomon/Documents/workspace/PHPProjects/inscriptions/app/Http/Middleware/Authenticate.php(18): Illuminate\\Pipeline\\Pipeline->Illuminate\\Pipeline\\{closure}(Object(Illuminate\\Http\\Request))
#20 /Users/solomon/Documents/workspace/PHPProjects/inscriptions/vendor/laravel/framework/src/Illuminate/Pipeline/Pipeline.php(167): App\\Http\\Middleware\\Authenticate->handle(Object(Illuminate\\Http\\Request), Object(Closure), 'api')
#21 /Users/solomon/Documents/workspace/PHPProjects/inscriptions/app/Http/Middleware/Localization.php(23): Illuminate\\Pipeline\\Pipeline->Illuminate\\Pipeline\\{closure}(Object(Illuminate\\Http\\Request))
#22 /Users/solomon/Documents/workspace/PHPProjects/inscriptions/vendor/laravel/framework/src/Illuminate/Pipeline/Pipeline.php(167): App\\Http\\Middleware\\Localization->handle(Object(Illuminate\\Http\\Request), Object(Closure))
#23 /Users/solomon/Documents/workspace/PHPProjects/inscriptions/vendor/laravel/framework/src/Illuminate/Session/Middleware/StartSession.php(121): Illuminate\\Pipeline\\Pipeline->Illuminate\\Pipeline\\{closure}(Object(Illuminate\\Http\\Request))
#24 /Users/solomon/Documents/workspace/PHPProjects/inscriptions/vendor/laravel/framework/src/Illuminate/Session/Middleware/StartSession.php(63): Illuminate\\Session\\Middleware\\StartSession->handleStatefulRequest(Object(Illuminate\\Http\\Request), Object(Illuminate\\Session\\Store), Object(Closure))
#25 /Users/solomon/Documents/workspace/PHPProjects/inscriptions/vendor/laravel/framework/src/Illuminate/Pipeline/Pipeline.php(167): Illuminate\\Session\\Middleware\\StartSession->handle(Object(Illuminate\\Http\\Request), Object(Closure))
#26 /Users/solomon/Documents/workspace/PHPProjects/inscriptions/vendor/laravel/framework/src/Illuminate/Cookie/Middleware/AddQueuedCookiesToResponse.php(37): Illuminate\\Pipeline\\Pipeline->Illuminate\\Pipeline\\{closure}(Object(Illuminate\\Http\\Request))
#27 /Users/solomon/Documents/workspace/PHPProjects/inscriptions/vendor/laravel/framework/src/Illuminate/Pipeline/Pipeline.php(167): Illuminate\\Cookie\\Middleware\\AddQueuedCookiesToResponse->handle(Object(Illuminate\\Http\\Request), Object(Closure))
#28 /Users/solomon/Documents/workspace/PHPProjects/inscriptions/vendor/laravel/framework/src/Illuminate/Cookie/Middleware/EncryptCookies.php(67): Illuminate\\Pipeline\\Pipeline->Illuminate\\Pipeline\\{closure}(Object(Illuminate\\Http\\Request))
#29 /Users/solomon/Documents/workspace/PHPProjects/inscriptions/vendor/laravel/framework/src/Illuminate/Pipeline/Pipeline.php(167): Illuminate\\Cookie\\Middleware\\EncryptCookies->handle(Object(Illuminate\\Http\\Request), Object(Closure))
#30 /Users/solomon/Documents/workspace/PHPProjects/inscriptions/vendor/laravel/framework/src/Illuminate/Pipeline/Pipeline.php(103): Illuminate\\Pipeline\\Pipeline->Illuminate\\Pipeline\\{closure}(Object(Illuminate\\Http\\Request))
#31 /Users/solomon/Documents/workspace/PHPProjects/inscriptions/vendor/laravel/framework/src/Illuminate/Routing/Router.php(693): Illuminate\\Pipeline\\Pipeline->then(Object(Closure))
#32 /Users/solomon/Documents/workspace/PHPProjects/inscriptions/vendor/laravel/framework/src/Illuminate/Routing/Router.php(668): Illuminate\\Routing\\Router->runRouteWithinStack(Object(Illuminate\\Routing\\Route), Object(Illuminate\\Http\\Request))
#33 /Users/solomon/Documents/workspace/PHPProjects/inscriptions/vendor/laravel/framework/src/Illuminate/Routing/Router.php(634): Illuminate\\Routing\\Router->runRoute(Object(Illuminate\\Http\\Request), Object(Illuminate\\Routing\\Route))
#34 /Users/solomon/Documents/workspace/PHPProjects/inscriptions/vendor/laravel/framework/src/Illuminate/Routing/Router.php(623): Illuminate\\Routing\\Router->dispatchToRoute(Object(Illuminate\\Http\\Request))
#35 /Users/solomon/Documents/workspace/PHPProjects/inscriptions/vendor/laravel/framework/src/Illuminate/Foundation/Http/Kernel.php(166): Illuminate\\Routing\\Router->dispatch(Object(Illuminate\\Http\\Request))
#36 /Users/solomon/Documents/workspace/PHPProjects/inscriptions/vendor/laravel/framework/src/Illuminate/Pipeline/Pipeline.php(128): Illuminate\\Foundation\\Http\\Kernel->Illuminate\\Foundation\\Http\\{closure}(Object(Illuminate\\Http\\Request))
#37 /Users/solomon/Documents/workspace/PHPProjects/inscriptions/app/Http/Middleware/DomainCheckMiddleware.php(48): Illuminate\\Pipeline\\Pipeline->Illuminate\\Pipeline\\{closure}(Object(Illuminate\\Http\\Request))
#38 /Users/solomon/Documents/workspace/PHPProjects/inscriptions/vendor/laravel/framework/src/Illuminate/Pipeline/Pipeline.php(167): App\\Http\\Middleware\\DomainCheckMiddleware->handle(Object(Illuminate\\Http\\Request), Object(Closure))
#39 /Users/solomon/Documents/workspace/PHPProjects/inscriptions/vendor/fideloper/proxy/src/TrustProxies.php(57): Illuminate\\Pipeline\\Pipeline->Illuminate\\Pipeline\\{closure}(Object(Illuminate\\Http\\Request))
#40 /Users/solomon/Documents/workspace/PHPProjects/inscriptions/vendor/laravel/framework/src/Illuminate/Pipeline/Pipeline.php(167): Fideloper\\Proxy\\TrustProxies->handle(Object(Illuminate\\Http\\Request), Object(Closure))
#41 /Users/solomon/Documents/workspace/PHPProjects/inscriptions/vendor/laravel/framework/src/Illuminate/Foundation/Http/Middleware/TransformsRequest.php(21): Illuminate\\Pipeline\\Pipeline->Illuminate\\Pipeline\\{closure}(Object(Illuminate\\Http\\Request))
#42 /Users/solomon/Documents/workspace/PHPProjects/inscriptions/vendor/laravel/framework/src/Illuminate/Pipeline/Pipeline.php(167): Illuminate\\Foundation\\Http\\Middleware\\TransformsRequest->handle(Object(Illuminate\\Http\\Request), Object(Closure))
#43 /Users/solomon/Documents/workspace/PHPProjects/inscriptions/vendor/laravel/framework/src/Illuminate/Foundation/Http/Middleware/TransformsRequest.php(21): Illuminate\\Pipeline\\Pipeline->Illuminate\\Pipeline\\{closure}(Object(Illuminate\\Http\\Request))
#44 /Users/solomon/Documents/workspace/PHPProjects/inscriptions/vendor/laravel/framework/src/Illuminate/Pipeline/Pipeline.php(167): Illuminate\\Foundation\\Http\\Middleware\\TransformsRequest->handle(Object(Illuminate\\Http\\Request), Object(Closure))
#45 /Users/solomon/Documents/workspace/PHPProjects/inscriptions/vendor/laravel/framework/src/Illuminate/Foundation/Http/Middleware/ValidatePostSize.php(27): Illuminate\\Pipeline\\Pipeline->Illuminate\\Pipeline\\{closure}(Object(Illuminate\\Http\\Request))
#46 /Users/solomon/Documents/workspace/PHPProjects/inscriptions/vendor/laravel/framework/src/Illuminate/Pipeline/Pipeline.php(167): Illuminate\\Foundation\\Http\\Middleware\\ValidatePostSize->handle(Object(Illuminate\\Http\\Request), Object(Closure))
#47 /Users/solomon/Documents/workspace/PHPProjects/inscriptions/vendor/laravel/framework/src/Illuminate/Foundation/Http/Middleware/PreventRequestsDuringMaintenance.php(87): Illuminate\\Pipeline\\Pipeline->Illuminate\\Pipeline\\{closure}(Object(Illuminate\\Http\\Request))
#48 /Users/solomon/Documents/workspace/PHPProjects/inscriptions/vendor/laravel/framework/src/Illuminate/Pipeline/Pipeline.php(167): Illuminate\\Foundation\\Http\\Middleware\\PreventRequestsDuringMaintenance->handle(Object(Illuminate\\Http\\Request), Object(Closure))
#49 /Users/solomon/Documents/workspace/PHPProjects/inscriptions/vendor/laravel/framework/src/Illuminate/Pipeline/Pipeline.php(103): Illuminate\\Pipeline\\Pipeline->Illuminate\\Pipeline\\{closure}(Object(Illuminate\\Http\\Request))
#50 /Users/solomon/Documents/workspace/PHPProjects/inscriptions/vendor/laravel/framework/src/Illuminate/Foundation/Http/Kernel.php(141): Illuminate\\Pipeline\\Pipeline->then(Object(Closure))
#51 /Users/solomon/Documents/workspace/PHPProjects/inscriptions/vendor/laravel/framework/src/Illuminate/Foundation/Http/Kernel.php(110): Illuminate\\Foundation\\Http\\Kernel->sendRequestThroughRouter(Object(Illuminate\\Http\\Request))
#52 /Users/solomon/Documents/workspace/PHPProjects/inscriptions/public/index.php(55): Illuminate\\Foundation\\Http\\Kernel->handle(Object(Illuminate\\Http\\Request))
#53 /Users/solomon/Documents/workspace/PHPProjects/inscriptions/server.php(21): require_once('/Users/solomon/...')
#54 {main}

[previous exception] [object] (Doctrine\\DBAL\\Driver\\PDO\\Exception(code: 42S22): SQLSTATE[42S22]: Column not found: 1054 Unknown column '' in 'where clause' at /Users/solomon/Documents/workspace/PHPProjects/inscriptions/vendor/doctrine/dbal/lib/Doctrine/DBAL/Driver/PDO/Exception.php:18)
[stacktrace]
#0 /Users/solomon/Documents/workspace/PHPProjects/inscriptions/vendor/doctrine/dbal/lib/Doctrine/DBAL/Driver/PDOConnection.php(82): Doctrine\\DBAL\\Driver\\PDO\\Exception::new(Object(PDOException))
#1 /Users/solomon/Documents/workspace/PHPProjects/inscriptions/vendor/laravel/framework/src/Illuminate/Database/Connection.php(331): Doctrine\\DBAL\\Driver\\PDOConnection->prepare('select * from `...')
#2 /Users/solomon/Documents/workspace/PHPProjects/inscriptions/vendor/laravel/framework/src/Illuminate/Database/Connection.php(664): Illuminate\\Database\\Connection->Illuminate\\Database\\{closure}('select * from `...', Array)
#3 /Users/solomon/Documents/workspace/PHPProjects/inscriptions/vendor/laravel/framework/src/Illuminate/Database/Connection.php(631): Illuminate\\Database\\Connection->runQueryCallback('select * from `...', Array, Object(Closure))
#4 /Users/solomon/Documents/workspace/PHPProjects/inscriptions/vendor/laravel/framework/src/Illuminate/Database/Connection.php(339): Illuminate\\Database\\Connection->run('select * from `...', Array, Object(Closure))
#5 /Users/solomon/Documents/workspace/PHPProjects/inscriptions/vendor/laravel/framework/src/Illuminate/Database/Query/Builder.php(2302): Illuminate\\Database\\Connection->select('select * from `...', Array, true)
#6 /Users/solomon/Documents/workspace/PHPProjects/inscriptions/vendor/laravel/framework/src/Illuminate/Database/Query/Builder.php(2290): Illuminate\\Database\\Query\\Builder->runSelect()
#7 /Users/solomon/Documents/workspace/PHPProjects/inscriptions/vendor/laravel/framework/src/Illuminate/Database/Query/Builder.php(2785): Illuminate\\Database\\Query\\Builder->Illuminate\\Database\\Query\\{closure}()
#8 /Users/solomon/Documents/workspace/PHPProjects/inscriptions/vendor/laravel/framework/src/Illuminate/Database/Query/Builder.php(2291): Illuminate\\Database\\Query\\Builder->onceWithColumns(Array, Object(Closure))
#9 /Users/solomon/Documents/workspace/PHPProjects/inscriptions/vendor/laravel/framework/src/Illuminate/Database/Eloquent/Builder.php(547): Illuminate\\Database\\Query\\Builder->get(Array)
#10 /Users/solomon/Documents/workspace/PHPProjects/inscriptions/vendor/laravel/framework/src/Illuminate/Database/Eloquent/Builder.php(531): Illuminate\\Database\\Eloquent\\Builder->getModels(Array)
#11 /Users/solomon/Documents/workspace/PHPProjects/inscriptions/vendor/laravel/framework/src/Illuminate/Database/Concerns/BuildsQueries.php(147): Illuminate\\Database\\Eloquent\\Builder->get(Array)
#12 /Users/solomon/Documents/workspace/PHPProjects/inscriptions/app/Http/Controllers/Api/AdminController.php(449): Illuminate\\Database\\Eloquent\\Builder->first()
#13 [internal function]: App\\Http\\Controllers\\Api\\AdminController->subscription(Object(Illuminate\\Http\\Request), 'gatineau', '567')
#14 /Users/solomon/Documents/workspace/PHPProjects/inscriptions/vendor/laravel/framework/src/Illuminate/Routing/Controller.php(54): call_user_func_array(Array, Array)
#15 /Users/solomon/Documents/workspace/PHPProjects/inscriptions/vendor/laravel/framework/src/Illuminate/Routing/ControllerDispatcher.php(45): Illuminate\\Routing\\Controller->callAction('subscription', Array)
#16 /Users/solomon/Documents/workspace/PHPProjects/inscriptions/vendor/laravel/framework/src/Illuminate/Routing/Route.php(255): Illuminate\\Routing\\ControllerDispatcher->dispatch(Object(Illuminate\\Routing\\Route), Object(App\\Http\\Controllers\\Api\\AdminController), 'subscription')
#17 /Users/solomon/Documents/workspace/PHPProjects/inscriptions/vendor/laravel/framework/src/Illuminate/Routing/Route.php(197): Illuminate\\Routing\\Route->runController()
#18 /Users/solomon/Documents/workspace/PHPProjects/inscriptions/vendor/laravel/framework/src/Illuminate/Routing/Router.php(691): Illuminate\\Routing\\Route->run()
#19 /Users/solomon/Documents/workspace/PHPProjects/inscriptions/vendor/laravel/framework/src/Illuminate/Pipeline/Pipeline.php(128): Illuminate\\Routing\\Router->Illuminate\\Routing\\{closure}(Object(Illuminate\\Http\\Request))
#20 /Users/solomon/Documents/workspace/PHPProjects/inscriptions/vendor/laravel/framework/src/Illuminate/Routing/Middleware/SubstituteBindings.php(41): Illuminate\\Pipeline\\Pipeline->Illuminate\\Pipeline\\{closure}(Object(Illuminate\\Http\\Request))
#21 /Users/solomon/Documents/workspace/PHPProjects/inscriptions/vendor/laravel/framework/src/Illuminate/Pipeline/Pipeline.php(167): Illuminate\\Routing\\Middleware\\SubstituteBindings->handle(Object(Illuminate\\Http\\Request), Object(Closure))
#22 /Users/solomon/Documents/workspace/PHPProjects/inscriptions/app/Http/Middleware/Authenticate.php(18): Illuminate\\Pipeline\\Pipeline->Illuminate\\Pipeline\\{closure}(Object(Illuminate\\Http\\Request))
#23 /Users/solomon/Documents/workspace/PHPProjects/inscriptions/vendor/laravel/framework/src/Illuminate/Pipeline/Pipeline.php(167): App\\Http\\Middleware\\Authenticate->handle(Object(Illuminate\\Http\\Request), Object(Closure), 'api')
#24 /Users/solomon/Documents/workspace/PHPProjects/inscriptions/app/Http/Middleware/Localization.php(23): Illuminate\\Pipeline\\Pipeline->Illuminate\\Pipeline\\{closure}(Object(Illuminate\\Http\\Request))
#25 /Users/solomon/Documents/workspace/PHPProjects/inscriptions/vendor/laravel/framework/src/Illuminate/Pipeline/Pipeline.php(167): App\\Http\\Middleware\\Localization->handle(Object(Illuminate\\Http\\Request), Object(Closure))
#26 /Users/solomon/Documents/workspace/PHPProjects/inscriptions/vendor/laravel/framework/src/Illuminate/Session/Middleware/StartSession.php(121): Illuminate\\Pipeline\\Pipeline->Illuminate\\Pipeline\\{closure}(Object(Illuminate\\Http\\Request))
#27 /Users/solomon/Documents/workspace/PHPProjects/inscriptions/vendor/laravel/framework/src/Illuminate/Session/Middleware/StartSession.php(63): Illuminate\\Session\\Middleware\\StartSession->handleStatefulRequest(Object(Illuminate\\Http\\Request), Object(Illuminate\\Session\\Store), Object(Closure))
#28 /Users/solomon/Documents/workspace/PHPProjects/inscriptions/vendor/laravel/framework/src/Illuminate/Pipeline/Pipeline.php(167): Illuminate\\Session\\Middleware\\StartSession->handle(Object(Illuminate\\Http\\Request), Object(Closure))
#29 /Users/solomon/Documents/workspace/PHPProjects/inscriptions/vendor/laravel/framework/src/Illuminate/Cookie/Middleware/AddQueuedCookiesToResponse.php(37): Illuminate\\Pipeline\\Pipeline->Illuminate\\Pipeline\\{closure}(Object(Illuminate\\Http\\Request))
#30 /Users/solomon/Documents/workspace/PHPProjects/inscriptions/vendor/laravel/framework/src/Illuminate/Pipeline/Pipeline.php(167): Illuminate\\Cookie\\Middleware\\AddQueuedCookiesToResponse->handle(Object(Illuminate\\Http\\Request), Object(Closure))
#31 /Users/solomon/Documents/workspace/PHPProjects/inscriptions/vendor/laravel/framework/src/Illuminate/Cookie/Middleware/EncryptCookies.php(67): Illuminate\\Pipeline\\Pipeline->Illuminate\\Pipeline\\{closure}(Object(Illuminate\\Http\\Request))
#32 /Users/solomon/Documents/workspace/PHPProjects/inscriptions/vendor/laravel/framework/src/Illuminate/Pipeline/Pipeline.php(167): Illuminate\\Cookie\\Middleware\\EncryptCookies->handle(Object(Illuminate\\Http\\Request), Object(Closure))
#33 /Users/solomon/Documents/workspace/PHPProjects/inscriptions/vendor/laravel/framework/src/Illuminate/Pipeline/Pipeline.php(103): Illuminate\\Pipeline\\Pipeline->Illuminate\\Pipeline\\{closure}(Object(Illuminate\\Http\\Request))
#34 /Users/solomon/Documents/workspace/PHPProjects/inscriptions/vendor/laravel/framework/src/Illuminate/Routing/Router.php(693): Illuminate\\Pipeline\\Pipeline->then(Object(Closure))
#35 /Users/solomon/Documents/workspace/PHPProjects/inscriptions/vendor/laravel/framework/src/Illuminate/Routing/Router.php(668): Illuminate\\Routing\\Router->runRouteWithinStack(Object(Illuminate\\Routing\\Route), Object(Illuminate\\Http\\Request))
#36 /Users/solomon/Documents/workspace/PHPProjects/inscriptions/vendor/laravel/framework/src/Illuminate/Routing/Router.php(634): Illuminate\\Routing\\Router->runRoute(Object(Illuminate\\Http\\Request), Object(Illuminate\\Routing\\Route))
#37 /Users/solomon/Documents/workspace/PHPProjects/inscriptions/vendor/laravel/framework/src/Illuminate/Routing/Router.php(623): Illuminate\\Routing\\Router->dispatchToRoute(Object(Illuminate\\Http\\Request))
#38 /Users/solomon/Documents/workspace/PHPProjects/inscriptions/vendor/laravel/framework/src/Illuminate/Foundation/Http/Kernel.php(166): Illuminate\\Routing\\Router->dispatch(Object(Illuminate\\Http\\Request))
#39 /Users/solomon/Documents/workspace/PHPProjects/inscriptions/vendor/laravel/framework/src/Illuminate/Pipeline/Pipeline.php(128): Illuminate\\Foundation\\Http\\Kernel->Illuminate\\Foundation\\Http\\{closure}(Object(Illuminate\\Http\\Request))
#40 /Users/solomon/Documents/workspace/PHPProjects/inscriptions/app/Http/Middleware/DomainCheckMiddleware.php(48): Illuminate\\Pipeline\\Pipeline->Illuminate\\Pipeline\\{closure}(Object(Illuminate\\Http\\Request))
#41 /Users/solomon/Documents/workspace/PHPProjects/inscriptions/vendor/laravel/framework/src/Illuminate/Pipeline/Pipeline.php(167): App\\Http\\Middleware\\DomainCheckMiddleware->handle(Object(Illuminate\\Http\\Request), Object(Closure))
#42 /Users/solomon/Documents/workspace/PHPProjects/inscriptions/vendor/fideloper/proxy/src/TrustProxies.php(57): Illuminate\\Pipeline\\Pipeline->Illuminate\\Pipeline\\{closure}(Object(Illuminate\\Http\\Request))
#43 /Users/solomon/Documents/workspace/PHPProjects/inscriptions/vendor/laravel/framework/src/Illuminate/Pipeline/Pipeline.php(167): Fideloper\\Proxy\\TrustProxies->handle(Object(Illuminate\\Http\\Request), Object(Closure))
#44 /Users/solomon/Documents/workspace/PHPProjects/inscriptions/vendor/laravel/framework/src/Illuminate/Foundation/Http/Middleware/TransformsRequest.php(21): Illuminate\\Pipeline\\Pipeline->Illuminate\\Pipeline\\{closure}(Object(Illuminate\\Http\\Request))
#45 /Users/solomon/Documents/workspace/PHPProjects/inscriptions/vendor/laravel/framework/src/Illuminate/Pipeline/Pipeline.php(167): Illuminate\\Foundation\\Http\\Middleware\\TransformsRequest->handle(Object(Illuminate\\Http\\Request), Object(Closure))
#46 /Users/solomon/Documents/workspace/PHPProjects/inscriptions/vendor/laravel/framework/src/Illuminate/Foundation/Http/Middleware/TransformsRequest.php(21): Illuminate\\Pipeline\\Pipeline->Illuminate\\Pipeline\\{closure}(Object(Illuminate\\Http\\Request))
#47 /Users/solomon/Documents/workspace/PHPProjects/inscriptions/vendor/laravel/framework/src/Illuminate/Pipeline/Pipeline.php(167): Illuminate\\Foundation\\Http\\Middleware\\TransformsRequest->handle(Object(Illuminate\\Http\\Request), Object(Closure))
#48 /Users/solomon/Documents/workspace/PHPProjects/inscriptions/vendor/laravel/framework/src/Illuminate/Foundation/Http/Middleware/ValidatePostSize.php(27): Illuminate\\Pipeline\\Pipeline->Illuminate\\Pipeline\\{closure}(Object(Illuminate\\Http\\Request))
#49 /Users/solomon/Documents/workspace/PHPProjects/inscriptions/vendor/laravel/framework/src/Illuminate/Pipeline/Pipeline.php(167): Illuminate\\Foundation\\Http\\Middleware\\ValidatePostSize->handle(Object(Illuminate\\Http\\Request), Object(Closure))
#50 /Users/solomon/Documents/workspace/PHPProjects/inscriptions/vendor/laravel/framework/src/Illuminate/Foundation/Http/Middleware/PreventRequestsDuringMaintenance.php(87): Illuminate\\Pipeline\\Pipeline->Illuminate\\Pipeline\\{closure}(Object(Illuminate\\Http\\Request))
#51 /Users/solomon/Documents/workspace/PHPProjects/inscriptions/vendor/laravel/framework/src/Illuminate/Pipeline/Pipeline.php(167): Illuminate\\Foundation\\Http\\Middleware\\PreventRequestsDuringMaintenance->handle(Object(Illuminate\\Http\\Request), Object(Closure))
#52 /Users/solomon/Documents/workspace/PHPProjects/inscriptions/vendor/laravel/framework/src/Illuminate/Pipeline/Pipeline.php(103): Illuminate\\Pipeline\\Pipeline->Illuminate\\Pipeline\\{closure}(Object(Illuminate\\Http\\Request))
#53 /Users/solomon/Documents/workspace/PHPProjects/inscriptions/vendor/laravel/framework/src/Illuminate/Foundation/Http/Kernel.php(141): Illuminate\\Pipeline\\Pipeline->then(Object(Closure))
#54 /Users/solomon/Documents/workspace/PHPProjects/inscriptions/vendor/laravel/framework/src/Illuminate/Foundation/Http/Kernel.php(110): Illuminate\\Foundation\\Http\\Kernel->sendRequestThroughRouter(Object(Illuminate\\Http\\Request))
#55 /Users/solomon/Documents/workspace/PHPProjects/inscriptions/public/index.php(55): Illuminate\\Foundation\\Http\\Kernel->handle(Object(Illuminate\\Http\\Request))
#56 /Users/solomon/Documents/workspace/PHPProjects/inscriptions/server.php(21): require_once('/Users/solomon/...')
#57 {main}

[previous exception] [object] (PDOException(code: 42S22): SQLSTATE[42S22]: Column not found: 1054 Unknown column '' in 'where clause' at /Users/solomon/Documents/workspace/PHPProjects/inscriptions/vendor/doctrine/dbal/lib/Doctrine/DBAL/Driver/PDOConnection.php:77)
[stacktrace]
#0 /Users/solomon/Documents/workspace/PHPProjects/inscriptions/vendor/doctrine/dbal/lib/Doctrine/DBAL/Driver/PDOConnection.php(77): PDO->prepare('select * from `...', Array)
#1 /Users/solomon/Documents/workspace/PHPProjects/inscriptions/vendor/laravel/framework/src/Illuminate/Database/Connection.php(331): Doctrine\\DBAL\\Driver\\PDOConnection->prepare('select * from `...')
#2 /Users/solomon/Documents/workspace/PHPProjects/inscriptions/vendor/laravel/framework/src/Illuminate/Database/Connection.php(664): Illuminate\\Database\\Connection->Illuminate\\Database\\{closure}('select * from `...', Array)
#3 /Users/solomon/Documents/workspace/PHPProjects/inscriptions/vendor/laravel/framework/src/Illuminate/Database/Connection.php(631): Illuminate\\Database\\Connection->runQueryCallback('select * from `...', Array, Object(Closure))
#4 /Users/solomon/Documents/workspace/PHPProjects/inscriptions/vendor/laravel/framework/src/Illuminate/Database/Connection.php(339): Illuminate\\Database\\Connection->run('select * from `...', Array, Object(Closure))
#5 /Users/solomon/Documents/workspace/PHPProjects/inscriptions/vendor/laravel/framework/src/Illuminate/Database/Query/Builder.php(2302): Illuminate\\Database\\Connection->select('select * from `...', Array, true)
#6 /Users/solomon/Documents/workspace/PHPProjects/inscriptions/vendor/laravel/framework/src/Illuminate/Database/Query/Builder.php(2290): Illuminate\\Database\\Query\\Builder->runSelect()
#7 /Users/solomon/Documents/workspace/PHPProjects/inscriptions/vendor/laravel/framework/src/Illuminate/Database/Query/Builder.php(2785): Illuminate\\Database\\Query\\Builder->Illuminate\\Database\\Query\\{closure}()
#8 /Users/solomon/Documents/workspace/PHPProjects/inscriptions/vendor/laravel/framework/src/Illuminate/Database/Query/Builder.php(2291): Illuminate\\Database\\Query\\Builder->onceWithColumns(Array, Object(Closure))
#9 /Users/solomon/Documents/workspace/PHPProjects/inscriptions/vendor/laravel/framework/src/Illuminate/Database/Eloquent/Builder.php(547): Illuminate\\Database\\Query\\Builder->get(Array)
#10 /Users/solomon/Documents/workspace/PHPProjects/inscriptions/vendor/laravel/framework/src/Illuminate/Database/Eloquent/Builder.php(531): Illuminate\\Database\\Eloquent\\Builder->getModels(Array)
#11 /Users/solomon/Documents/workspace/PHPProjects/inscriptions/vendor/laravel/framework/src/Illuminate/Database/Concerns/BuildsQueries.php(147): Illuminate\\Database\\Eloquent\\Builder->get(Array)
#12 /Users/solomon/Documents/workspace/PHPProjects/inscriptions/app/Http/Controllers/Api/AdminController.php(449): Illuminate\\Database\\Eloquent\\Builder->first()
#13 [internal function]: App\\Http\\Controllers\\Api\\AdminController->subscription(Object(Illuminate\\Http\\Request), 'gatineau', '567')
#14 /Users/solomon/Documents/workspace/PHPProjects/inscriptions/vendor/laravel/framework/src/Illuminate/Routing/Controller.php(54): call_user_func_array(Array, Array)
#15 /Users/solomon/Documents/workspace/PHPProjects/inscriptions/vendor/laravel/framework/src/Illuminate/Routing/ControllerDispatcher.php(45): Illuminate\\Routing\\Controller->callAction('subscription', Array)
#16 /Users/solomon/Documents/workspace/PHPProjects/inscriptions/vendor/laravel/framework/src/Illuminate/Routing/Route.php(255): Illuminate\\Routing\\ControllerDispatcher->dispatch(Object(Illuminate\\Routing\\Route), Object(App\\Http\\Controllers\\Api\\AdminController), 'subscription')
#17 /Users/solomon/Documents/workspace/PHPProjects/inscriptions/vendor/laravel/framework/src/Illuminate/Routing/Route.php(197): Illuminate\\Routing\\Route->runController()
#18 /Users/solomon/Documents/workspace/PHPProjects/inscriptions/vendor/laravel/framework/src/Illuminate/Routing/Router.php(691): Illuminate\\Routing\\Route->run()
#19 /Users/solomon/Documents/workspace/PHPProjects/inscriptions/vendor/laravel/framework/src/Illuminate/Pipeline/Pipeline.php(128): Illuminate\\Routing\\Router->Illuminate\\Routing\\{closure}(Object(Illuminate\\Http\\Request))
#20 /Users/solomon/Documents/workspace/PHPProjects/inscriptions/vendor/laravel/framework/src/Illuminate/Routing/Middleware/SubstituteBindings.php(41): Illuminate\\Pipeline\\Pipeline->Illuminate\\Pipeline\\{closure}(Object(Illuminate\\Http\\Request))
#21 /Users/solomon/Documents/workspace/PHPProjects/inscriptions/vendor/laravel/framework/src/Illuminate/Pipeline/Pipeline.php(167): Illuminate\\Routing\\Middleware\\SubstituteBindings->handle(Object(Illuminate\\Http\\Request), Object(Closure))
#22 /Users/solomon/Documents/workspace/PHPProjects/inscriptions/app/Http/Middleware/Authenticate.php(18): Illuminate\\Pipeline\\Pipeline->Illuminate\\Pipeline\\{closure}(Object(Illuminate\\Http\\Request))
#23 /Users/solomon/Documents/workspace/PHPProjects/inscriptions/vendor/laravel/framework/src/Illuminate/Pipeline/Pipeline.php(167): App\\Http\\Middleware\\Authenticate->handle(Object(Illuminate\\Http\\Request), Object(Closure), 'api')
#24 /Users/solomon/Documents/workspace/PHPProjects/inscriptions/app/Http/Middleware/Localization.php(23): Illuminate\\Pipeline\\Pipeline->Illuminate\\Pipeline\\{closure}(Object(Illuminate\\Http\\Request))
#25 /Users/solomon/Documents/workspace/PHPProjects/inscriptions/vendor/laravel/framework/src/Illuminate/Pipeline/Pipeline.php(167): App\\Http\\Middleware\\Localization->handle(Object(Illuminate\\Http\\Request), Object(Closure))
#26 /Users/solomon/Documents/workspace/PHPProjects/inscriptions/vendor/laravel/framework/src/Illuminate/Session/Middleware/StartSession.php(121): Illuminate\\Pipeline\\Pipeline->Illuminate\\Pipeline\\{closure}(Object(Illuminate\\Http\\Request))
#27 /Users/solomon/Documents/workspace/PHPProjects/inscriptions/vendor/laravel/framework/src/Illuminate/Session/Middleware/StartSession.php(63): Illuminate\\Session\\Middleware\\StartSession->handleStatefulRequest(Object(Illuminate\\Http\\Request), Object(Illuminate\\Session\\Store), Object(Closure))
#28 /Users/solomon/Documents/workspace/PHPProjects/inscriptions/vendor/laravel/framework/src/Illuminate/Pipeline/Pipeline.php(167): Illuminate\\Session\\Middleware\\StartSession->handle(Object(Illuminate\\Http\\Request), Object(Closure))
#29 /Users/solomon/Documents/workspace/PHPProjects/inscriptions/vendor/laravel/framework/src/Illuminate/Cookie/Middleware/AddQueuedCookiesToResponse.php(37): Illuminate\\Pipeline\\Pipeline->Illuminate\\Pipeline\\{closure}(Object(Illuminate\\Http\\Request))
#30 /Users/solomon/Documents/workspace/PHPProjects/inscriptions/vendor/laravel/framework/src/Illuminate/Pipeline/Pipeline.php(167): Illuminate\\Cookie\\Middleware\\AddQueuedCookiesToResponse->handle(Object(Illuminate\\Http\\Request), Object(Closure))
#31 /Users/solomon/Documents/workspace/PHPProjects/inscriptions/vendor/laravel/framework/src/Illuminate/Cookie/Middleware/EncryptCookies.php(67): Illuminate\\Pipeline\\Pipeline->Illuminate\\Pipeline\\{closure}(Object(Illuminate\\Http\\Request))
#32 /Users/solomon/Documents/workspace/PHPProjects/inscriptions/vendor/laravel/framework/src/Illuminate/Pipeline/Pipeline.php(167): Illuminate\\Cookie\\Middleware\\EncryptCookies->handle(Object(Illuminate\\Http\\Request), Object(Closure))
#33 /Users/solomon/Documents/workspace/PHPProjects/inscriptions/vendor/laravel/framework/src/Illuminate/Pipeline/Pipeline.php(103): Illuminate\\Pipeline\\Pipeline->Illuminate\\Pipeline\\{closure}(Object(Illuminate\\Http\\Request))
#34 /Users/solomon/Documents/workspace/PHPProjects/inscriptions/vendor/laravel/framework/src/Illuminate/Routing/Router.php(693): Illuminate\\Pipeline\\Pipeline->then(Object(Closure))
#35 /Users/solomon/Documents/workspace/PHPProjects/inscriptions/vendor/laravel/framework/src/Illuminate/Routing/Router.php(668): Illuminate\\Routing\\Router->runRouteWithinStack(Object(Illuminate\\Routing\\Route), Object(Illuminate\\Http\\Request))
#36 /Users/solomon/Documents/workspace/PHPProjects/inscriptions/vendor/laravel/framework/src/Illuminate/Routing/Router.php(634): Illuminate\\Routing\\Router->runRoute(Object(Illuminate\\Http\\Request), Object(Illuminate\\Routing\\Route))
#37 /Users/solomon/Documents/workspace/PHPProjects/inscriptions/vendor/laravel/framework/src/Illuminate/Routing/Router.php(623): Illuminate\\Routing\\Router->dispatchToRoute(Object(Illuminate\\Http\\Request))
#38 /Users/solomon/Documents/workspace/PHPProjects/inscriptions/vendor/laravel/framework/src/Illuminate/Foundation/Http/Kernel.php(166): Illuminate\\Routing\\Router->dispatch(Object(Illuminate\\Http\\Request))
#39 /Users/solomon/Documents/workspace/PHPProjects/inscriptions/vendor/laravel/framework/src/Illuminate/Pipeline/Pipeline.php(128): Illuminate\\Foundation\\Http\\Kernel->Illuminate\\Foundation\\Http\\{closure}(Object(Illuminate\\Http\\Request))
#40 /Users/solomon/Documents/workspace/PHPProjects/inscriptions/app/Http/Middleware/DomainCheckMiddleware.php(48): Illuminate\\Pipeline\\Pipeline->Illuminate\\Pipeline\\{closure}(Object(Illuminate\\Http\\Request))
#41 /Users/solomon/Documents/workspace/PHPProjects/inscriptions/vendor/laravel/framework/src/Illuminate/Pipeline/Pipeline.php(167): App\\Http\\Middleware\\DomainCheckMiddleware->handle(Object(Illuminate\\Http\\Request), Object(Closure))
#42 /Users/solomon/Documents/workspace/PHPProjects/inscriptions/vendor/fideloper/proxy/src/TrustProxies.php(57): Illuminate\\Pipeline\\Pipeline->Illuminate\\Pipeline\\{closure}(Object(Illuminate\\Http\\Request))
#43 /Users/solomon/Documents/workspace/PHPProjects/inscriptions/vendor/laravel/framework/src/Illuminate/Pipeline/Pipeline.php(167): Fideloper\\Proxy\\TrustProxies->handle(Object(Illuminate\\Http\\Request), Object(Closure))
#44 /Users/solomon/Documents/workspace/PHPProjects/inscriptions/vendor/laravel/framework/src/Illuminate/Foundation/Http/Middleware/TransformsRequest.php(21): Illuminate\\Pipeline\\Pipeline->Illuminate\\Pipeline\\{closure}(Object(Illuminate\\Http\\Request))
#45 /Users/solomon/Documents/workspace/PHPProjects/inscriptions/vendor/laravel/framework/src/Illuminate/Pipeline/Pipeline.php(167): Illuminate\\Foundation\\Http\\Middleware\\TransformsRequest->handle(Object(Illuminate\\Http\\Request), Object(Closure))
#46 /Users/solomon/Documents/workspace/PHPProjects/inscriptions/vendor/laravel/framework/src/Illuminate/Foundation/Http/Middleware/TransformsRequest.php(21): Illuminate\\Pipeline\\Pipeline->Illuminate\\Pipeline\\{closure}(Object(Illuminate\\Http\\Request))
#47 /Users/solomon/Documents/workspace/PHPProjects/inscriptions/vendor/laravel/framework/src/Illuminate/Pipeline/Pipeline.php(167): Illuminate\\Foundation\\Http\\Middleware\\TransformsRequest->handle(Object(Illuminate\\Http\\Request), Object(Closure))
#48 /Users/solomon/Documents/workspace/PHPProjects/inscriptions/vendor/laravel/framework/src/Illuminate/Foundation/Http/Middleware/ValidatePostSize.php(27): Illuminate\\Pipeline\\Pipeline->Illuminate\\Pipeline\\{closure}(Object(Illuminate\\Http\\Request))
#49 /Users/solomon/Documents/workspace/PHPProjects/inscriptions/vendor/laravel/framework/src/Illuminate/Pipeline/Pipeline.php(167): Illuminate\\Foundation\\Http\\Middleware\\ValidatePostSize->handle(Object(Illuminate\\Http\\Request), Object(Closure))
#50 /Users/solomon/Documents/workspace/PHPProjects/inscriptions/vendor/laravel/framework/src/Illuminate/Foundation/Http/Middleware/PreventRequestsDuringMaintenance.php(87): Illuminate\\Pipeline\\Pipeline->Illuminate\\Pipeline\\{closure}(Object(Illuminate\\Http\\Request))
#51 /Users/solomon/Documents/workspace/PHPProjects/inscriptions/vendor/laravel/framework/src/Illuminate/Pipeline/Pipeline.php(167): Illuminate\\Foundation\\Http\\Middleware\\PreventRequestsDuringMaintenance->handle(Object(Illuminate\\Http\\Request), Object(Closure))
#52 /Users/solomon/Documents/workspace/PHPProjects/inscriptions/vendor/laravel/framework/src/Illuminate/Pipeline/Pipeline.php(103): Illuminate\\Pipeline\\Pipeline->Illuminate\\Pipeline\\{closure}(Object(Illuminate\\Http\\Request))
#53 /Users/solomon/Documents/workspace/PHPProjects/inscriptions/vendor/laravel/framework/src/Illuminate/Foundation/Http/Kernel.php(141): Illuminate\\Pipeline\\Pipeline->then(Object(Closure))
#54 /Users/solomon/Documents/workspace/PHPProjects/inscriptions/vendor/laravel/framework/src/Illuminate/Foundation/Http/Kernel.php(110): Illuminate\\Foundation\\Http\\Kernel->sendRequestThroughRouter(Object(Illuminate\\Http\\Request))
#55 /Users/solomon/Documents/workspace/PHPProjects/inscriptions/public/index.php(55): Illuminate\\Foundation\\Http\\Kernel->handle(Object(Illuminate\\Http\\Request))
#56 /Users/solomon/Documents/workspace/PHPProjects/inscriptions/server.php(21): require_once('/Users/solomon/...')
#57 {main}
"} 
[2020-11-17 13:46:17] local.ERROR: Method Illuminate\Database\Eloquent\Collection::toArry does not exist. {"userId":441,"exception":"[object] (BadMethodCallException(code: 0): Method Illuminate\\Database\\Eloquent\\Collection::toArry does not exist. at /Users/solomon/Documents/workspace/PHPProjects/inscriptions/vendor/laravel/framework/src/Illuminate/Macroable/Traits/Macroable.php:103)
[stacktrace]
#0 /Users/solomon/Documents/workspace/PHPProjects/inscriptions/app/Http/Controllers/Api/AdminController.php(443): Illuminate\\Support\\Collection->__call('toArry', Array)
#1 [internal function]: App\\Http\\Controllers\\Api\\AdminController->subscription(Object(Illuminate\\Http\\Request), 'gatineau', '567')
#2 /Users/solomon/Documents/workspace/PHPProjects/inscriptions/vendor/laravel/framework/src/Illuminate/Routing/Controller.php(54): call_user_func_array(Array, Array)
#3 /Users/solomon/Documents/workspace/PHPProjects/inscriptions/vendor/laravel/framework/src/Illuminate/Routing/ControllerDispatcher.php(45): Illuminate\\Routing\\Controller->callAction('subscription', Array)
#4 /Users/solomon/Documents/workspace/PHPProjects/inscriptions/vendor/laravel/framework/src/Illuminate/Routing/Route.php(255): Illuminate\\Routing\\ControllerDispatcher->dispatch(Object(Illuminate\\Routing\\Route), Object(App\\Http\\Controllers\\Api\\AdminController), 'subscription')
#5 /Users/solomon/Documents/workspace/PHPProjects/inscriptions/vendor/laravel/framework/src/Illuminate/Routing/Route.php(197): Illuminate\\Routing\\Route->runController()
#6 /Users/solomon/Documents/workspace/PHPProjects/inscriptions/vendor/laravel/framework/src/Illuminate/Routing/Router.php(691): Illuminate\\Routing\\Route->run()
#7 /Users/solomon/Documents/workspace/PHPProjects/inscriptions/vendor/laravel/framework/src/Illuminate/Pipeline/Pipeline.php(128): Illuminate\\Routing\\Router->Illuminate\\Routing\\{closure}(Object(Illuminate\\Http\\Request))
#8 /Users/solomon/Documents/workspace/PHPProjects/inscriptions/vendor/laravel/framework/src/Illuminate/Routing/Middleware/SubstituteBindings.php(41): Illuminate\\Pipeline\\Pipeline->Illuminate\\Pipeline\\{closure}(Object(Illuminate\\Http\\Request))
#9 /Users/solomon/Documents/workspace/PHPProjects/inscriptions/vendor/laravel/framework/src/Illuminate/Pipeline/Pipeline.php(167): Illuminate\\Routing\\Middleware\\SubstituteBindings->handle(Object(Illuminate\\Http\\Request), Object(Closure))
#10 /Users/solomon/Documents/workspace/PHPProjects/inscriptions/app/Http/Middleware/Authenticate.php(18): Illuminate\\Pipeline\\Pipeline->Illuminate\\Pipeline\\{closure}(Object(Illuminate\\Http\\Request))
#11 /Users/solomon/Documents/workspace/PHPProjects/inscriptions/vendor/laravel/framework/src/Illuminate/Pipeline/Pipeline.php(167): App\\Http\\Middleware\\Authenticate->handle(Object(Illuminate\\Http\\Request), Object(Closure), 'api')
#12 /Users/solomon/Documents/workspace/PHPProjects/inscriptions/app/Http/Middleware/Localization.php(23): Illuminate\\Pipeline\\Pipeline->Illuminate\\Pipeline\\{closure}(Object(Illuminate\\Http\\Request))
#13 /Users/solomon/Documents/workspace/PHPProjects/inscriptions/vendor/laravel/framework/src/Illuminate/Pipeline/Pipeline.php(167): App\\Http\\Middleware\\Localization->handle(Object(Illuminate\\Http\\Request), Object(Closure))
#14 /Users/solomon/Documents/workspace/PHPProjects/inscriptions/vendor/laravel/framework/src/Illuminate/Session/Middleware/StartSession.php(121): Illuminate\\Pipeline\\Pipeline->Illuminate\\Pipeline\\{closure}(Object(Illuminate\\Http\\Request))
#15 /Users/solomon/Documents/workspace/PHPProjects/inscriptions/vendor/laravel/framework/src/Illuminate/Session/Middleware/StartSession.php(63): Illuminate\\Session\\Middleware\\StartSession->handleStatefulRequest(Object(Illuminate\\Http\\Request), Object(Illuminate\\Session\\Store), Object(Closure))
#16 /Users/solomon/Documents/workspace/PHPProjects/inscriptions/vendor/laravel/framework/src/Illuminate/Pipeline/Pipeline.php(167): Illuminate\\Session\\Middleware\\StartSession->handle(Object(Illuminate\\Http\\Request), Object(Closure))
#17 /Users/solomon/Documents/workspace/PHPProjects/inscriptions/vendor/laravel/framework/src/Illuminate/Cookie/Middleware/AddQueuedCookiesToResponse.php(37): Illuminate\\Pipeline\\Pipeline->Illuminate\\Pipeline\\{closure}(Object(Illuminate\\Http\\Request))
#18 /Users/solomon/Documents/workspace/PHPProjects/inscriptions/vendor/laravel/framework/src/Illuminate/Pipeline/Pipeline.php(167): Illuminate\\Cookie\\Middleware\\AddQueuedCookiesToResponse->handle(Object(Illuminate\\Http\\Request), Object(Closure))
#19 /Users/solomon/Documents/workspace/PHPProjects/inscriptions/vendor/laravel/framework/src/Illuminate/Cookie/Middleware/EncryptCookies.php(67): Illuminate\\Pipeline\\Pipeline->Illuminate\\Pipeline\\{closure}(Object(Illuminate\\Http\\Request))
#20 /Users/solomon/Documents/workspace/PHPProjects/inscriptions/vendor/laravel/framework/src/Illuminate/Pipeline/Pipeline.php(167): Illuminate\\Cookie\\Middleware\\EncryptCookies->handle(Object(Illuminate\\Http\\Request), Object(Closure))
#21 /Users/solomon/Documents/workspace/PHPProjects/inscriptions/vendor/laravel/framework/src/Illuminate/Pipeline/Pipeline.php(103): Illuminate\\Pipeline\\Pipeline->Illuminate\\Pipeline\\{closure}(Object(Illuminate\\Http\\Request))
#22 /Users/solomon/Documents/workspace/PHPProjects/inscriptions/vendor/laravel/framework/src/Illuminate/Routing/Router.php(693): Illuminate\\Pipeline\\Pipeline->then(Object(Closure))
#23 /Users/solomon/Documents/workspace/PHPProjects/inscriptions/vendor/laravel/framework/src/Illuminate/Routing/Router.php(668): Illuminate\\Routing\\Router->runRouteWithinStack(Object(Illuminate\\Routing\\Route), Object(Illuminate\\Http\\Request))
#24 /Users/solomon/Documents/workspace/PHPProjects/inscriptions/vendor/laravel/framework/src/Illuminate/Routing/Router.php(634): Illuminate\\Routing\\Router->runRoute(Object(Illuminate\\Http\\Request), Object(Illuminate\\Routing\\Route))
#25 /Users/solomon/Documents/workspace/PHPProjects/inscriptions/vendor/laravel/framework/src/Illuminate/Routing/Router.php(623): Illuminate\\Routing\\Router->dispatchToRoute(Object(Illuminate\\Http\\Request))
#26 /Users/solomon/Documents/workspace/PHPProjects/inscriptions/vendor/laravel/framework/src/Illuminate/Foundation/Http/Kernel.php(166): Illuminate\\Routing\\Router->dispatch(Object(Illuminate\\Http\\Request))
#27 /Users/solomon/Documents/workspace/PHPProjects/inscriptions/vendor/laravel/framework/src/Illuminate/Pipeline/Pipeline.php(128): Illuminate\\Foundation\\Http\\Kernel->Illuminate\\Foundation\\Http\\{closure}(Object(Illuminate\\Http\\Request))
#28 /Users/solomon/Documents/workspace/PHPProjects/inscriptions/app/Http/Middleware/DomainCheckMiddleware.php(48): Illuminate\\Pipeline\\Pipeline->Illuminate\\Pipeline\\{closure}(Object(Illuminate\\Http\\Request))
#29 /Users/solomon/Documents/workspace/PHPProjects/inscriptions/vendor/laravel/framework/src/Illuminate/Pipeline/Pipeline.php(167): App\\Http\\Middleware\\DomainCheckMiddleware->handle(Object(Illuminate\\Http\\Request), Object(Closure))
#30 /Users/solomon/Documents/workspace/PHPProjects/inscriptions/vendor/fideloper/proxy/src/TrustProxies.php(57): Illuminate\\Pipeline\\Pipeline->Illuminate\\Pipeline\\{closure}(Object(Illuminate\\Http\\Request))
#31 /Users/solomon/Documents/workspace/PHPProjects/inscriptions/vendor/laravel/framework/src/Illuminate/Pipeline/Pipeline.php(167): Fideloper\\Proxy\\TrustProxies->handle(Object(Illuminate\\Http\\Request), Object(Closure))
#32 /Users/solomon/Documents/workspace/PHPProjects/inscriptions/vendor/laravel/framework/src/Illuminate/Foundation/Http/Middleware/TransformsRequest.php(21): Illuminate\\Pipeline\\Pipeline->Illuminate\\Pipeline\\{closure}(Object(Illuminate\\Http\\Request))
#33 /Users/solomon/Documents/workspace/PHPProjects/inscriptions/vendor/laravel/framework/src/Illuminate/Pipeline/Pipeline.php(167): Illuminate\\Foundation\\Http\\Middleware\\TransformsRequest->handle(Object(Illuminate\\Http\\Request), Object(Closure))
#34 /Users/solomon/Documents/workspace/PHPProjects/inscriptions/vendor/laravel/framework/src/Illuminate/Foundation/Http/Middleware/TransformsRequest.php(21): Illuminate\\Pipeline\\Pipeline->Illuminate\\Pipeline\\{closure}(Object(Illuminate\\Http\\Request))
#35 /Users/solomon/Documents/workspace/PHPProjects/inscriptions/vendor/laravel/framework/src/Illuminate/Pipeline/Pipeline.php(167): Illuminate\\Foundation\\Http\\Middleware\\TransformsRequest->handle(Object(Illuminate\\Http\\Request), Object(Closure))
#36 /Users/solomon/Documents/workspace/PHPProjects/inscriptions/vendor/laravel/framework/src/Illuminate/Foundation/Http/Middleware/ValidatePostSize.php(27): Illuminate\\Pipeline\\Pipeline->Illuminate\\Pipeline\\{closure}(Object(Illuminate\\Http\\Request))
#37 /Users/solomon/Documents/workspace/PHPProjects/inscriptions/vendor/laravel/framework/src/Illuminate/Pipeline/Pipeline.php(167): Illuminate\\Foundation\\Http\\Middleware\\ValidatePostSize->handle(Object(Illuminate\\Http\\Request), Object(Closure))
#38 /Users/solomon/Documents/workspace/PHPProjects/inscriptions/vendor/laravel/framework/src/Illuminate/Foundation/Http/Middleware/PreventRequestsDuringMaintenance.php(87): Illuminate\\Pipeline\\Pipeline->Illuminate\\Pipeline\\{closure}(Object(Illuminate\\Http\\Request))
#39 /Users/solomon/Documents/workspace/PHPProjects/inscriptions/vendor/laravel/framework/src/Illuminate/Pipeline/Pipeline.php(167): Illuminate\\Foundation\\Http\\Middleware\\PreventRequestsDuringMaintenance->handle(Object(Illuminate\\Http\\Request), Object(Closure))
#40 /Users/solomon/Documents/workspace/PHPProjects/inscriptions/vendor/laravel/framework/src/Illuminate/Pipeline/Pipeline.php(103): Illuminate\\Pipeline\\Pipeline->Illuminate\\Pipeline\\{closure}(Object(Illuminate\\Http\\Request))
#41 /Users/solomon/Documents/workspace/PHPProjects/inscriptions/vendor/laravel/framework/src/Illuminate/Foundation/Http/Kernel.php(141): Illuminate\\Pipeline\\Pipeline->then(Object(Closure))
#42 /Users/solomon/Documents/workspace/PHPProjects/inscriptions/vendor/laravel/framework/src/Illuminate/Foundation/Http/Kernel.php(110): Illuminate\\Foundation\\Http\\Kernel->sendRequestThroughRouter(Object(Illuminate\\Http\\Request))
#43 /Users/solomon/Documents/workspace/PHPProjects/inscriptions/public/index.php(55): Illuminate\\Foundation\\Http\\Kernel->handle(Object(Illuminate\\Http\\Request))
#44 /Users/solomon/Documents/workspace/PHPProjects/inscriptions/server.php(21): require_once('/Users/solomon/...')
#45 {main}
"} 
